<?xml version="1.0" encoding="UTF-8"?>
<testsuites name="VisualTest" time="81.769" tests="5" failures="0" errors="0">
   <testsuite name="VisualTest" tests="5" failures="0" errors="0" time="81.769" skipped="0" timestamp="21-12-2023T09:21:16" hostname="ADMIN - DESKTOP-28CK1DU.mshome.net" id="Test Suites/VisualTest">
      <properties>
         <property name="deviceName" value=""/>
         <property name="devicePlatform" value=""/>
         <property name="logFolder" value="C:\\Users\\ADMIN\\Katalon Studio\\My First Project\\Reports\\20231221_092106\\VisualTest\\20231221_092106"/>
         <property name="logFiles" value="C:\\Users\\ADMIN\\Katalon Studio\\My First Project\\Reports\\20231221_092106\\VisualTest\\20231221_092106\\execution0.log"/>
         <property name="attachments" value="keyes\keyes-LoginPage.png, keyes\keyes-LoginPage2.png, keyes\keyes-HomePageAdmin.png, keyes\keyes-HRLoginPage.png, keyes\keyes-HRDashBord.png, keyes\keyes-pathologistLoginPage.png, keyes\keyes-pathologistDashBord.png, keyes\keyes-radiologistLoginPage.png, keyes\keyes-radiologistDashBord.png"/>
         <property name="hostName" value="ADMIN - DESKTOP-28CK1DU.mshome.net"/>
         <property name="os" value="Windows 10 64bit"/>
         <property name="katalonVersion" value="9.1.0.212"/>
         <property name="browser" value="Chrome 120.0.0.0"/>
         <property name="hostAddress" value="172.25.192.1"/>
         <property name="sessionId" value="ac43824639292efdcafac7c28789031f"/>
         <property name="seleniumVersion" value="3.141.59"/>
         <property name="proxyInformation" value="ProxyInformation { proxyOption=NO_PROXY, proxyServerType=HTTP, username=, password=********, proxyServerAddress=, proxyServerPort=0, executionList=&quot;&quot;, isApplyToDesiredCapabilities=true }"/>
         <property name="platform" value="Windows 10"/>
      </properties>
      <testcase name="Test Cases/visual testing checkpoints/Login_Page" time="12.611" classname="Test Cases/visual testing checkpoints/Login_Page" status="PASSED">
         <system-out><![CDATA[21-12-2023T09:21:17 - [TEST_CASE][PASSED] - Test Cases/visual testing checkpoints/Login_Page: Test Cases/visual testing checkpoints/Login_Page

21-12-2023T09:21:17 - [TEST_STEP][PASSED] - openBrowser(""): Browser is opened with url: ''

21-12-2023T09:21:18 - [MESSAGE][INFO] - Starting 'Chrome' driver

21-12-2023T09:21:18 - [MESSAGE][INFO] - Action delay is set to 0 milliseconds

21-12-2023T09:21:20 - [MESSAGE][PASSED] - Browser is opened with url: ''

21-12-2023T09:21:20 - [TEST_STEP][PASSED] - navigateToUrl("https://hospitalb.com/login"): Navigate to 'https://hospitalb.com/login' successfully

21-12-2023T09:21:25 - [MESSAGE][PASSED] - Navigate to 'https://hospitalb.com/login' successfully

21-12-2023T09:21:25 - [TEST_STEP][PASSED] - waitForPageLoad(4): Wait for page load successfully

21-12-2023T09:21:26 - [MESSAGE][PASSED] - Wait for page load successfully

21-12-2023T09:21:26 - [TEST_STEP][PASSED] - takeScreenshotAsCheckpoint("LoginPage"): Taking screenshot successfully

21-12-2023T09:21:27 - [MESSAGE][INFO] - 0 hidden object(s)

21-12-2023T09:21:27 - [MESSAGE][PASSED] - Taking screenshot successfully
[[ATTACHMENT|keyes\keyes-LoginPage.png]]

21-12-2023T09:21:27 - [TEST_STEP][PASSED] - takeScreenshotAsCheckpoint("LoginPage2"): Taking screenshot successfully

21-12-2023T09:21:28 - [MESSAGE][INFO] - 0 hidden object(s)

21-12-2023T09:21:28 - [MESSAGE][PASSED] - Taking screenshot successfully
[[ATTACHMENT|keyes\keyes-LoginPage2.png]]

21-12-2023T09:21:28 - [TEST_STEP][PASSED] - verifyElementText(findTestObject("Object Repository/visual testing checkpoints/Page_Demo Hospital/Page_Demo Hospital/h2_Demo  Hospital"), "Demo Hospital"): Actual text and expected text of test object 'Object Repository/visual testing checkpoints/Page_Demo Hospital/Page_Demo Hospital/h2_Demo  Hospital' are matched.

21-12-2023T09:21:29 - [MESSAGE][PASSED] - Actual text and expected text of test object 'Object Repository/visual testing checkpoints/Page_Demo Hospital/Page_Demo Hospital/h2_Demo  Hospital' are matched.

21-12-2023T09:21:29 - [TEST_STEP][PASSED] - closeBrowser(): Browser is closed

21-12-2023T09:21:29 - [MESSAGE][PASSED] - Browser is closed]]></system-out>
         <system-err><![CDATA[]]></system-err>
      </testcase>
      <testcase name="Test Cases/visual testing checkpoints/HomePageAdmin" time="17.417" classname="Test Cases/visual testing checkpoints/HomePageAdmin" status="PASSED">
         <system-out><![CDATA[21-12-2023T09:21:29 - [TEST_CASE][PASSED] - Test Cases/visual testing checkpoints/HomePageAdmin: Test Cases/visual testing checkpoints/HomePageAdmin

21-12-2023T09:21:30 - [TEST_STEP][PASSED] - openBrowser(""): Browser is opened with url: ''

21-12-2023T09:21:30 - [MESSAGE][INFO] - Starting 'Chrome' driver

21-12-2023T09:21:30 - [MESSAGE][INFO] - Action delay is set to 0 milliseconds

21-12-2023T09:21:31 - [MESSAGE][PASSED] - Browser is opened with url: ''

21-12-2023T09:21:31 - [TEST_STEP][PASSED] - navigateToUrl("https://hospitalb.com/login"): Navigate to 'https://hospitalb.com/login' successfully

21-12-2023T09:21:37 - [MESSAGE][PASSED] - Navigate to 'https://hospitalb.com/login' successfully

21-12-2023T09:21:37 - [TEST_STEP][PASSED] - setText(findTestObject("Object Repository/visual testing checkpoints/Page_Demo Hospital/input_email"), "admin@gmail.com"): Text 'admin@gmail.com' is set on object 'Object Repository/visual testing checkpoints/Page_Demo Hospital/input_email'

21-12-2023T09:21:38 - [MESSAGE][PASSED] - Text 'admin@gmail.com' is set on object 'Object Repository/visual testing checkpoints/Page_Demo Hospital/input_email'

21-12-2023T09:21:38 - [TEST_STEP][PASSED] - setEncryptedText(findTestObject("Object Repository/visual testing checkpoints/Page_Demo Hospital/input_password"), "aeHFOx8jV/A="): Text ****** has been set on object 'Object Repository/visual testing checkpoints/Page_Demo Hospital/input_password'

21-12-2023T09:21:38 - [MESSAGE][PASSED] - Text ****** has been set on object 'Object Repository/visual testing checkpoints/Page_Demo Hospital/input_password'

21-12-2023T09:21:38 - [TEST_STEP][PASSED] - click(findTestObject("Object Repository/visual testing checkpoints/Page_Demo Hospital/input_custom-btn")): Object: 'Object Repository/visual testing checkpoints/Page_Demo Hospital/input_custom-btn' is clicked on

21-12-2023T09:21:45 - [MESSAGE][PASSED] - Object: 'Object Repository/visual testing checkpoints/Page_Demo Hospital/input_custom-btn' is clicked on

21-12-2023T09:21:45 - [TEST_STEP][PASSED] - verifyElementText(findTestObject("Object Repository/visual testing checkpoints/Page_Demo Hospital/b_Demo  Hospital"), "Demo Hospital"): Actual text and expected text of test object 'Object Repository/visual testing checkpoints/Page_Demo Hospital/b_Demo  Hospital' are matched.

21-12-2023T09:21:46 - [MESSAGE][PASSED] - Actual text and expected text of test object 'Object Repository/visual testing checkpoints/Page_Demo Hospital/b_Demo  Hospital' are matched.

21-12-2023T09:21:46 - [TEST_STEP][PASSED] - waitForPageLoad(4): Wait for page load successfully

21-12-2023T09:21:46 - [MESSAGE][PASSED] - Wait for page load successfully

21-12-2023T09:21:46 - [TEST_STEP][PASSED] - takeScreenshotAsCheckpoint("HomePageAdmin"): Taking screenshot successfully

21-12-2023T09:21:46 - [MESSAGE][INFO] - 0 hidden object(s)

21-12-2023T09:21:46 - [MESSAGE][PASSED] - Taking screenshot successfully
[[ATTACHMENT|keyes\keyes-HomePageAdmin.png]]

21-12-2023T09:21:46 - [TEST_STEP][PASSED] - closeBrowser(): Browser is closed

21-12-2023T09:21:47 - [MESSAGE][PASSED] - Browser is closed]]></system-out>
         <system-err><![CDATA[]]></system-err>
      </testcase>
      <testcase name="Test Cases/visual testing checkpoints/HRDashBordPage" time="18.439" classname="Test Cases/visual testing checkpoints/HRDashBordPage" status="PASSED">
         <system-out><![CDATA[21-12-2023T09:21:47 - [TEST_CASE][PASSED] - Test Cases/visual testing checkpoints/HRDashBordPage: Test Cases/visual testing checkpoints/HRDashBordPage

21-12-2023T09:21:47 - [TEST_STEP][PASSED] - openBrowser(""): Browser is opened with url: ''

21-12-2023T09:21:47 - [MESSAGE][INFO] - Starting 'Chrome' driver

21-12-2023T09:21:47 - [MESSAGE][INFO] - Action delay is set to 0 milliseconds

21-12-2023T09:21:48 - [MESSAGE][PASSED] - Browser is opened with url: ''

21-12-2023T09:21:48 - [TEST_STEP][PASSED] - navigateToUrl("https://hospitalb.com/login"): Navigate to 'https://hospitalb.com/login' successfully

21-12-2023T09:21:56 - [MESSAGE][PASSED] - Navigate to 'https://hospitalb.com/login' successfully

21-12-2023T09:21:56 - [TEST_STEP][PASSED] - setText(findTestObject("Object Repository/visual testing checkpoints/Page_Demo Hospital/Page_Demo Hospital/input_email"), "hr@gmail.com"): Text 'hr@gmail.com' is set on object 'Object Repository/visual testing checkpoints/Page_Demo Hospital/Page_Demo Hospital/input_email'

21-12-2023T09:21:57 - [MESSAGE][PASSED] - Text 'hr@gmail.com' is set on object 'Object Repository/visual testing checkpoints/Page_Demo Hospital/Page_Demo Hospital/input_email'

21-12-2023T09:21:57 - [TEST_STEP][PASSED] - setEncryptedText(findTestObject("Object Repository/visual testing checkpoints/Page_Demo Hospital/Page_Demo Hospital/input_password"), "aeHFOx8jV/A="): Text ****** has been set on object 'Object Repository/visual testing checkpoints/Page_Demo Hospital/Page_Demo Hospital/input_password'

21-12-2023T09:21:57 - [MESSAGE][PASSED] - Text ****** has been set on object 'Object Repository/visual testing checkpoints/Page_Demo Hospital/Page_Demo Hospital/input_password'

21-12-2023T09:21:57 - [TEST_STEP][PASSED] - takeScreenshotAsCheckpoint("HRLoginPage"): Taking screenshot successfully

21-12-2023T09:21:58 - [MESSAGE][INFO] - 0 hidden object(s)

21-12-2023T09:21:58 - [MESSAGE][PASSED] - Taking screenshot successfully
[[ATTACHMENT|keyes\keyes-HRLoginPage.png]]

21-12-2023T09:21:58 - [TEST_STEP][PASSED] - click(findTestObject("Object Repository/visual testing checkpoints/Page_Demo Hospital/Page_Demo Hospital/input_custom-btn")): Object: 'Object Repository/visual testing checkpoints/Page_Demo Hospital/Page_Demo Hospital/input_custom-btn' is clicked on

21-12-2023T09:22:04 - [MESSAGE][PASSED] - Object: 'Object Repository/visual testing checkpoints/Page_Demo Hospital/Page_Demo Hospital/input_custom-btn' is clicked on

21-12-2023T09:22:04 - [TEST_STEP][PASSED] - verifyElementText(findTestObject("Object Repository/visual testing checkpoints/Page_Demo Hospital/Page_Demo Hospital/h1_Demo  Hospital Statistics"), "Demo Hospital Statistics"): Actual text and expected text of test object 'Object Repository/visual testing checkpoints/Page_Demo Hospital/Page_Demo Hospital/h1_Demo  Hospital Statistics' are matched.

21-12-2023T09:22:04 - [MESSAGE][PASSED] - Actual text and expected text of test object 'Object Repository/visual testing checkpoints/Page_Demo Hospital/Page_Demo Hospital/h1_Demo  Hospital Statistics' are matched.

21-12-2023T09:22:04 - [TEST_STEP][PASSED] - waitForPageLoad(4): Wait for page load successfully

21-12-2023T09:22:04 - [MESSAGE][PASSED] - Wait for page load successfully

21-12-2023T09:22:04 - [TEST_STEP][PASSED] - takeScreenshotAsCheckpoint("HRDashBord"): Taking screenshot successfully

21-12-2023T09:22:05 - [MESSAGE][INFO] - 0 hidden object(s)

21-12-2023T09:22:05 - [MESSAGE][PASSED] - Taking screenshot successfully
[[ATTACHMENT|keyes\keyes-HRDashBord.png]]

21-12-2023T09:22:05 - [TEST_STEP][PASSED] - closeBrowser(): Browser is closed

21-12-2023T09:22:05 - [MESSAGE][PASSED] - Browser is closed]]></system-out>
         <system-err><![CDATA[]]></system-err>
      </testcase>
      <testcase name="Test Cases/visual testing checkpoints/PathologistPageC" time="15.853" classname="Test Cases/visual testing checkpoints/PathologistPageC" status="PASSED">
         <system-out><![CDATA[21-12-2023T09:22:05 - [TEST_CASE][PASSED] - Test Cases/visual testing checkpoints/PathologistPageC: Test Cases/visual testing checkpoints/PathologistPageC

21-12-2023T09:22:05 - [TEST_STEP][PASSED] - openBrowser(""): Browser is opened with url: ''

21-12-2023T09:22:05 - [MESSAGE][INFO] - Starting 'Chrome' driver

21-12-2023T09:22:05 - [MESSAGE][INFO] - Action delay is set to 0 milliseconds

21-12-2023T09:22:07 - [MESSAGE][PASSED] - Browser is opened with url: ''

21-12-2023T09:22:07 - [TEST_STEP][PASSED] - navigateToUrl("https://hospitalb.com/login"): Navigate to 'https://hospitalb.com/login' successfully

21-12-2023T09:22:12 - [MESSAGE][PASSED] - Navigate to 'https://hospitalb.com/login' successfully

21-12-2023T09:22:12 - [TEST_STEP][PASSED] - setText(findTestObject("Object Repository/visual testing checkpoints/Page_Demo Hospital/Page_Demo Hospital/Page_Demo Hospital/input_email"), "pathologist@gmail.com"): Text 'pathologist@gmail.com' is set on object 'Object Repository/visual testing checkpoints/Page_Demo Hospital/Page_Demo Hospital/Page_Demo Hospital/input_email'

21-12-2023T09:22:13 - [MESSAGE][PASSED] - Text 'pathologist@gmail.com' is set on object 'Object Repository/visual testing checkpoints/Page_Demo Hospital/Page_Demo Hospital/Page_Demo Hospital/input_email'

21-12-2023T09:22:13 - [TEST_STEP][PASSED] - setEncryptedText(findTestObject("Object Repository/visual testing checkpoints/Page_Demo Hospital/Page_Demo Hospital/Page_Demo Hospital/input_password"), "aeHFOx8jV/A="): Text ****** has been set on object 'Object Repository/visual testing checkpoints/Page_Demo Hospital/Page_Demo Hospital/Page_Demo Hospital/input_password'

21-12-2023T09:22:13 - [MESSAGE][PASSED] - Text ****** has been set on object 'Object Repository/visual testing checkpoints/Page_Demo Hospital/Page_Demo Hospital/Page_Demo Hospital/input_password'

21-12-2023T09:22:13 - [TEST_STEP][PASSED] - takeScreenshotAsCheckpoint("pathologistLoginPage"): Taking screenshot successfully

21-12-2023T09:22:14 - [MESSAGE][INFO] - 0 hidden object(s)

21-12-2023T09:22:14 - [MESSAGE][PASSED] - Taking screenshot successfully
[[ATTACHMENT|keyes\keyes-pathologistLoginPage.png]]

21-12-2023T09:22:14 - [TEST_STEP][PASSED] - click(findTestObject("Object Repository/visual testing checkpoints/Page_Demo Hospital/Page_Demo Hospital/Page_Demo Hospital/input_custom-btn")): Object: 'Object Repository/visual testing checkpoints/Page_Demo Hospital/Page_Demo Hospital/Page_Demo Hospital/input_custom-btn' is clicked on

21-12-2023T09:22:20 - [MESSAGE][PASSED] - Object: 'Object Repository/visual testing checkpoints/Page_Demo Hospital/Page_Demo Hospital/Page_Demo Hospital/input_custom-btn' is clicked on

21-12-2023T09:22:20 - [TEST_STEP][PASSED] - verifyElementText(findTestObject("Object Repository/visual testing checkpoints/Page_Demo Hospital/Page_Demo Hospital/Page_Demo Hospital/h1_Demo  Hospital Statistics"), "Demo Hospital Statistics"): Actual text and expected text of test object 'Object Repository/visual testing checkpoints/Page_Demo Hospital/Page_Demo Hospital/Page_Demo Hospital/h1_Demo  Hospital Statistics' are matched.

21-12-2023T09:22:20 - [MESSAGE][PASSED] - Actual text and expected text of test object 'Object Repository/visual testing checkpoints/Page_Demo Hospital/Page_Demo Hospital/Page_Demo Hospital/h1_Demo  Hospital Statistics' are matched.

21-12-2023T09:22:20 - [TEST_STEP][PASSED] - waitForPageLoad(4): Wait for page load successfully

21-12-2023T09:22:20 - [MESSAGE][PASSED] - Wait for page load successfully

21-12-2023T09:22:20 - [TEST_STEP][PASSED] - takeScreenshotAsCheckpoint("pathologistDashBord"): Taking screenshot successfully

21-12-2023T09:22:21 - [MESSAGE][INFO] - 0 hidden object(s)

21-12-2023T09:22:21 - [MESSAGE][PASSED] - Taking screenshot successfully
[[ATTACHMENT|keyes\keyes-pathologistDashBord.png]]

21-12-2023T09:22:21 - [TEST_STEP][PASSED] - closeBrowser(): Browser is closed

21-12-2023T09:22:21 - [MESSAGE][PASSED] - Browser is closed]]></system-out>
         <system-err><![CDATA[]]></system-err>
      </testcase>
      <testcase name="Test Cases/visual testing checkpoints/radiologistVCPage" time="16.997" classname="Test Cases/visual testing checkpoints/radiologistVCPage" status="PASSED">
         <system-out><![CDATA[21-12-2023T09:22:21 - [TEST_CASE][PASSED] - Test Cases/visual testing checkpoints/radiologistVCPage: Test Cases/visual testing checkpoints/radiologistVCPage

21-12-2023T09:22:21 - [TEST_STEP][PASSED] - openBrowser(""): Browser is opened with url: ''

21-12-2023T09:22:21 - [MESSAGE][INFO] - Starting 'Chrome' driver

21-12-2023T09:22:21 - [MESSAGE][INFO] - Action delay is set to 0 milliseconds

21-12-2023T09:22:23 - [MESSAGE][PASSED] - Browser is opened with url: ''

21-12-2023T09:22:23 - [TEST_STEP][PASSED] - navigateToUrl("https://hospitalb.com/login"): Navigate to 'https://hospitalb.com/login' successfully

21-12-2023T09:22:28 - [MESSAGE][PASSED] - Navigate to 'https://hospitalb.com/login' successfully

21-12-2023T09:22:28 - [TEST_STEP][PASSED] - setText(findTestObject("Object Repository/visual testing checkpoints/Page_Demo Hospital/Page_Demo Hospital/Page_Demo Hospital/Page_Demo Hospital/input_email"), "radiologist@gmail.com"): Text 'radiologist@gmail.com' is set on object 'Object Repository/visual testing checkpoints/Page_Demo Hospital/Page_Demo Hospital/Page_Demo Hospital/Page_Demo Hospital/input_email'

21-12-2023T09:22:29 - [MESSAGE][PASSED] - Text 'radiologist@gmail.com' is set on object 'Object Repository/visual testing checkpoints/Page_Demo Hospital/Page_Demo Hospital/Page_Demo Hospital/Page_Demo Hospital/input_email'

21-12-2023T09:22:29 - [TEST_STEP][PASSED] - setEncryptedText(findTestObject("Object Repository/visual testing checkpoints/Page_Demo Hospital/Page_Demo Hospital/Page_Demo Hospital/Page_Demo Hospital/input_password"), "aeHFOx8jV/A="): Text ****** has been set on object 'Object Repository/visual testing checkpoints/Page_Demo Hospital/Page_Demo Hospital/Page_Demo Hospital/Page_Demo Hospital/input_password'

21-12-2023T09:22:30 - [MESSAGE][PASSED] - Text ****** has been set on object 'Object Repository/visual testing checkpoints/Page_Demo Hospital/Page_Demo Hospital/Page_Demo Hospital/Page_Demo Hospital/input_password'

21-12-2023T09:22:30 - [TEST_STEP][PASSED] - takeScreenshotAsCheckpoint("radiologistLoginPage"): Taking screenshot successfully

21-12-2023T09:22:31 - [MESSAGE][INFO] - 0 hidden object(s)

21-12-2023T09:22:31 - [MESSAGE][PASSED] - Taking screenshot successfully
[[ATTACHMENT|keyes\keyes-radiologistLoginPage.png]]

21-12-2023T09:22:31 - [TEST_STEP][PASSED] - click(findTestObject("Object Repository/visual testing checkpoints/Page_Demo Hospital/Page_Demo Hospital/Page_Demo Hospital/Page_Demo Hospital/input_custom-btn")): Object: 'Object Repository/visual testing checkpoints/Page_Demo Hospital/Page_Demo Hospital/Page_Demo Hospital/Page_Demo Hospital/input_custom-btn' is clicked on

21-12-2023T09:22:36 - [MESSAGE][PASSED] - Object: 'Object Repository/visual testing checkpoints/Page_Demo Hospital/Page_Demo Hospital/Page_Demo Hospital/Page_Demo Hospital/input_custom-btn' is clicked on

21-12-2023T09:22:36 - [TEST_STEP][PASSED] - waitForPageLoad(4): Wait for page load successfully

21-12-2023T09:22:36 - [MESSAGE][PASSED] - Wait for page load successfully

21-12-2023T09:22:36 - [TEST_STEP][PASSED] - takeScreenshotAsCheckpoint("radiologistDashBord"): Taking screenshot successfully

21-12-2023T09:22:37 - [MESSAGE][INFO] - 0 hidden object(s)

21-12-2023T09:22:37 - [MESSAGE][PASSED] - Taking screenshot successfully
[[ATTACHMENT|keyes\keyes-radiologistDashBord.png]]

21-12-2023T09:22:37 - [TEST_STEP][PASSED] - closeBrowser(): Browser is closed

21-12-2023T09:22:38 - [MESSAGE][PASSED] - Browser is closed]]></system-out>
         <system-err><![CDATA[]]></system-err>
      </testcase>
      <system-out><![CDATA[21-12-2023T09:21:16 - [TEST_SUITE][PASSED] - VisualTest: Test Cases/visual testing checkpoints/radiologistVCPage]]></system-out>
      <system-err><![CDATA[]]></system-err>
   </testsuite>
</testsuites>
