<?xml version="1.0" encoding="UTF-8"?>
<testsuites name="Common_regression" time="32.354" tests="3" failures="0" errors="0">
   <testsuite name="Common_regression" tests="3" failures="0" errors="0" time="32.354" skipped="0" timestamp="14-12-2023T22:08:29" hostname="ADMIN - DESKTOP-28CK1DU.mshome.net" id="Test Suites/Common_regression">
      <properties>
         <property name="deviceName" value=""/>
         <property name="devicePlatform" value=""/>
         <property name="logFolder" value="C:\\Users\\ADMIN\\Katalon Studio\\My First Project\\Reports\\20231214_220819\\Common_regression\\20231214_220819"/>
         <property name="logFiles" value="C:\\Users\\ADMIN\\Katalon Studio\\My First Project\\Reports\\20231214_220819\\Common_regression\\20231214_220819\\execution0.log"/>
         <property name="attachments" value=""/>
         <property name="hostName" value="ADMIN - DESKTOP-28CK1DU.mshome.net"/>
         <property name="os" value="Windows 10 64bit"/>
         <property name="katalonVersion" value="9.1.0.212"/>
         <property name="browser" value="Chrome 120.0.0.0"/>
         <property name="hostAddress" value="172.29.16.1"/>
         <property name="sessionId" value="ff2bf18daf623f6037f8bfc4f63db8e3"/>
         <property name="seleniumVersion" value="3.141.59"/>
         <property name="proxyInformation" value="ProxyInformation { proxyOption=NO_PROXY, proxyServerType=HTTP, username=, password=********, proxyServerAddress=, proxyServerPort=0, executionList=&quot;&quot;, isApplyToDesiredCapabilities=true }"/>
         <property name="platform" value="Windows 10"/>
      </properties>
      <testcase name="Test Cases/Common Test/Login - Invalid -Pass" time="12.661" classname="Test Cases/Common Test/Login - Invalid -Pass" status="PASSED">
         <system-out><![CDATA[14-12-2023T22:08:29 - [TEST_CASE][PASSED] - Test Cases/Common Test/Login - Invalid -Pass: Test Cases/Common Test/Login - Invalid -Pass

14-12-2023T22:08:30 - [TEST_STEP][PASSED] - openBrowser(""): Browser is opened with url: ''

14-12-2023T22:08:31 - [MESSAGE][INFO] - Starting 'Chrome' driver

14-12-2023T22:08:31 - [MESSAGE][INFO] - Action delay is set to 0 milliseconds

14-12-2023T22:08:33 - [MESSAGE][PASSED] - Browser is opened with url: ''

14-12-2023T22:08:33 - [TEST_STEP][PASSED] - navigateToUrl("https://hospitalb.com/login"): Navigate to 'https://hospitalb.com/login' successfully

14-12-2023T22:08:37 - [MESSAGE][PASSED] - Navigate to 'https://hospitalb.com/login' successfully

14-12-2023T22:08:37 - [TEST_STEP][PASSED] - setText(findTestObject("Object Repository/Page_Demo Hospital/input_email"), ID): Text 'admin@gmail.com' is set on object 'Object Repository/Page_Demo Hospital/input_email'

14-12-2023T22:08:39 - [MESSAGE][PASSED] - Text 'admin@gmail.com' is set on object 'Object Repository/Page_Demo Hospital/input_email'

14-12-2023T22:08:39 - [TEST_STEP][PASSED] - setText(findTestObject("Object Repository/Page_Demo Hospital/input_password"), "1234"): Text '1234' is set on object 'Object Repository/Page_Demo Hospital/input_password'

14-12-2023T22:08:40 - [MESSAGE][PASSED] - Text '1234' is set on object 'Object Repository/Page_Demo Hospital/input_password'

14-12-2023T22:08:40 - [TEST_STEP][PASSED] - click(findTestObject("Object Repository/Page_Demo Hospital/input_custom-btn")): Object: 'Object Repository/Page_Demo Hospital/input_custom-btn' is clicked on

14-12-2023T22:08:41 - [MESSAGE][PASSED] - Object: 'Object Repository/Page_Demo Hospital/input_custom-btn' is clicked on

14-12-2023T22:08:41 - [TEST_STEP][PASSED] - verifyElementPresent(findTestObject("Object Repository/Page_Demo Hospital/h3_Sign in"), 0): Object 'Object Repository/Page_Demo Hospital/h3_Sign in' is present

14-12-2023T22:08:42 - [MESSAGE][WARNING] - Timeout '0' is invalid. Using default page load timeout: '30'

14-12-2023T22:08:42 - [MESSAGE][PASSED] - Object 'Object Repository/Page_Demo Hospital/h3_Sign in' is present]]></system-out>
         <system-err><![CDATA[]]></system-err>
      </testcase>
      <testcase name="Test Cases/Common Test/Login - Invalid -Pass" time="9.824" classname="Test Cases/Common Test/Login - Invalid -Pass" status="PASSED">
         <system-out><![CDATA[14-12-2023T22:08:42 - [TEST_CASE][PASSED] - Test Cases/Common Test/Login - Invalid -Pass: Test Cases/Common Test/Login - Invalid -Pass

14-12-2023T22:08:42 - [TEST_STEP][PASSED] - openBrowser(""): Browser is opened with url: ''

14-12-2023T22:08:42 - [MESSAGE][WARNING] - A browser is already opened. Closing browser and opening a new one

14-12-2023T22:08:43 - [MESSAGE][INFO] - Starting 'Chrome' driver

14-12-2023T22:08:43 - [MESSAGE][INFO] - Action delay is set to 0 milliseconds

14-12-2023T22:08:44 - [MESSAGE][PASSED] - Browser is opened with url: ''

14-12-2023T22:08:44 - [TEST_STEP][PASSED] - navigateToUrl("https://hospitalb.com/login"): Navigate to 'https://hospitalb.com/login' successfully

14-12-2023T22:08:48 - [MESSAGE][PASSED] - Navigate to 'https://hospitalb.com/login' successfully

14-12-2023T22:08:48 - [TEST_STEP][PASSED] - setText(findTestObject("Object Repository/Page_Demo Hospital/input_email"), ID): Text 'admin@gmail.com' is set on object 'Object Repository/Page_Demo Hospital/input_email'

14-12-2023T22:08:49 - [MESSAGE][PASSED] - Text 'admin@gmail.com' is set on object 'Object Repository/Page_Demo Hospital/input_email'

14-12-2023T22:08:49 - [TEST_STEP][PASSED] - setText(findTestObject("Object Repository/Page_Demo Hospital/input_password"), "1234"): Text '1234' is set on object 'Object Repository/Page_Demo Hospital/input_password'

14-12-2023T22:08:50 - [MESSAGE][PASSED] - Text '1234' is set on object 'Object Repository/Page_Demo Hospital/input_password'

14-12-2023T22:08:50 - [TEST_STEP][PASSED] - click(findTestObject("Object Repository/Page_Demo Hospital/input_custom-btn")): Object: 'Object Repository/Page_Demo Hospital/input_custom-btn' is clicked on

14-12-2023T22:08:51 - [MESSAGE][PASSED] - Object: 'Object Repository/Page_Demo Hospital/input_custom-btn' is clicked on

14-12-2023T22:08:51 - [TEST_STEP][PASSED] - verifyElementPresent(findTestObject("Object Repository/Page_Demo Hospital/h3_Sign in"), 0): Object 'Object Repository/Page_Demo Hospital/h3_Sign in' is present

14-12-2023T22:08:51 - [MESSAGE][WARNING] - Timeout '0' is invalid. Using default page load timeout: '30'

14-12-2023T22:08:52 - [MESSAGE][PASSED] - Object 'Object Repository/Page_Demo Hospital/h3_Sign in' is present]]></system-out>
         <system-err><![CDATA[]]></system-err>
      </testcase>
      <testcase name="Test Cases/Common Test/Login - Invalid -Id" time="9.399" classname="Test Cases/Common Test/Login - Invalid -Id" status="PASSED">
         <system-out><![CDATA[14-12-2023T22:08:52 - [TEST_CASE][PASSED] - Test Cases/Common Test/Login - Invalid -Id: Test Cases/Common Test/Login - Invalid -Id

14-12-2023T22:08:52 - [TEST_STEP][PASSED] - openBrowser(""): Browser is opened with url: ''

14-12-2023T22:08:52 - [MESSAGE][WARNING] - A browser is already opened. Closing browser and opening a new one

14-12-2023T22:08:52 - [MESSAGE][INFO] - Starting 'Chrome' driver

14-12-2023T22:08:52 - [MESSAGE][INFO] - Action delay is set to 0 milliseconds

14-12-2023T22:08:54 - [MESSAGE][PASSED] - Browser is opened with url: ''

14-12-2023T22:08:54 - [TEST_STEP][PASSED] - navigateToUrl("https://hospitalb.com/login"): Navigate to 'https://hospitalb.com/login' successfully

14-12-2023T22:08:56 - [MESSAGE][PASSED] - Navigate to 'https://hospitalb.com/login' successfully

14-12-2023T22:08:56 - [TEST_STEP][PASSED] - setText(findTestObject("Object Repository/Page_Demo Hospital/input_email"), "Akash@gmail.com"): Text 'Akash@gmail.com' is set on object 'Object Repository/Page_Demo Hospital/input_email'

14-12-2023T22:08:58 - [MESSAGE][PASSED] - Text 'Akash@gmail.com' is set on object 'Object Repository/Page_Demo Hospital/input_email'

14-12-2023T22:08:58 - [TEST_STEP][PASSED] - setText(findTestObject("Object Repository/Page_Demo Hospital/input_password"), "123456"): Text '123456' is set on object 'Object Repository/Page_Demo Hospital/input_password'

14-12-2023T22:08:59 - [MESSAGE][PASSED] - Text '123456' is set on object 'Object Repository/Page_Demo Hospital/input_password'

14-12-2023T22:08:59 - [TEST_STEP][PASSED] - click(findTestObject("Object Repository/Page_Demo Hospital/input_custom-btn")): Object: 'Object Repository/Page_Demo Hospital/input_custom-btn' is clicked on

14-12-2023T22:09:01 - [MESSAGE][PASSED] - Object: 'Object Repository/Page_Demo Hospital/input_custom-btn' is clicked on

14-12-2023T22:09:01 - [TEST_STEP][PASSED] - verifyElementPresent(findTestObject("Object Repository/Page_Demo Hospital/h3_Sign in"), 0): Object 'Object Repository/Page_Demo Hospital/h3_Sign in' is present

14-12-2023T22:09:01 - [MESSAGE][WARNING] - Timeout '0' is invalid. Using default page load timeout: '30'

14-12-2023T22:09:01 - [MESSAGE][PASSED] - Object 'Object Repository/Page_Demo Hospital/h3_Sign in' is present]]></system-out>
         <system-err><![CDATA[]]></system-err>
      </testcase>
      <system-out><![CDATA[14-12-2023T22:08:29 - [TEST_SUITE][PASSED] - Common_regression: Test Cases/Common Test/Login - Invalid -Id]]></system-out>
      <system-err><![CDATA[]]></system-err>
   </testsuite>
</testsuites>
