<?xml version="1.0" encoding="UTF-8"?>
<testsuites name="Common_regression" time="326.09" tests="7" failures="7" errors="0">
   <testsuite name="Common_regression" tests="7" failures="7" errors="0" time="326.09" skipped="0" timestamp="14-12-2023T23:46:51" hostname="ADMIN - DESKTOP-28CK1DU.mshome.net" id="Test Suites/Common_regression">
      <properties>
         <property name="deviceName" value=""/>
         <property name="devicePlatform" value=""/>
         <property name="logFolder" value="C:\\Users\\ADMIN\\Katalon Studio\\My First Project\\Reports\\20231214_234641\\Common_regression\\20231214_234641"/>
         <property name="logFiles" value="C:\\Users\\ADMIN\\Katalon Studio\\My First Project\\Reports\\20231214_234641\\Common_regression\\20231214_234641\\execution0.log"/>
         <property name="attachments" value="C:\\Users\\ADMIN\\Katalon Studio\\My First Project\\Reports\\20231214_234641\\Common_regression\\20231214_234641\\1702577866032.png, C:\\Users\\ADMIN\\Katalon Studio\\My First Project\\Reports\\20231214_234641\\Common_regression\\20231214_234641\\1702577911383.png, C:\\Users\\ADMIN\\Katalon Studio\\My First Project\\Reports\\20231214_234641\\Common_regression\\20231214_234641\\1702577956990.png, C:\\Users\\ADMIN\\Katalon Studio\\My First Project\\Reports\\20231214_234641\\Common_regression\\20231214_234641\\1702578002504.png, C:\\Users\\ADMIN\\Katalon Studio\\My First Project\\Reports\\20231214_234641\\Common_regression\\20231214_234641\\1702578047414.png, C:\\Users\\ADMIN\\Katalon Studio\\My First Project\\Reports\\20231214_234641\\Common_regression\\20231214_234641\\1702578093037.png, C:\\Users\\ADMIN\\Katalon Studio\\My First Project\\Reports\\20231214_234641\\Common_regression\\20231214_234641\\1702578137280.png"/>
         <property name="hostName" value="ADMIN - DESKTOP-28CK1DU.mshome.net"/>
         <property name="os" value="Windows 10 64bit"/>
         <property name="katalonVersion" value="9.1.0.212"/>
         <property name="browser" value="Firefox 120.0"/>
         <property name="hostAddress" value="172.29.16.1"/>
         <property name="sessionId" value="afc88b27-98cc-4eb7-9733-d662421ceef0"/>
         <property name="seleniumVersion" value="3.141.59"/>
         <property name="proxyInformation" value="ProxyInformation { proxyOption=NO_PROXY, proxyServerType=HTTP, username=, password=********, proxyServerAddress=, proxyServerPort=0, executionList=&quot;&quot;, isApplyToDesiredCapabilities=true }"/>
         <property name="platform" value="Windows 10"/>
      </properties>
      <testcase name="Test Cases/Common Test/Login - Valid - Pass" time="54.098" classname="Test Cases/Common Test/Login - Valid - Pass" status="FAILED">
         <failure type="FAILED" message="Test Cases/Common Test/Login - Valid - Pass FAILED.&#xa;Reason:&#xa;com.kms.katalon.core.exception.StepFailedException: Unable to click on object 'Object Repository/Page_Demo Hospital/input_Search_form-control input-sm'&#xa;	at com.kms.katalon.core.webui.keyword.internal.WebUIKeywordMain.stepFailed(WebUIKeywordMain.groovy:64)&#xa;	at com.kms.katalon.core.webui.keyword.internal.WebUIKeywordMain.runKeyword(WebUIKeywordMain.groovy:26)&#xa;	at com.kms.katalon.core.webui.keyword.builtin.ClickKeyword.click(ClickKeyword.groovy:74)&#xa;	at com.kms.katalon.core.webui.keyword.builtin.ClickKeyword.execute(ClickKeyword.groovy:40)&#xa;	at com.kms.katalon.core.keyword.internal.KeywordExecutor.executeKeywordForPlatform(KeywordExecutor.groovy:74)&#xa;	at com.kms.katalon.core.webui.keyword.WebUiBuiltInKeywords.click(WebUiBuiltInKeywords.groovy:659)&#xa;	at Login - Valid - Pass.run(Login - Valid - Pass:28)&#xa;	at com.kms.katalon.core.main.ScriptEngine.run(ScriptEngine.java:194)&#xa;	at com.kms.katalon.core.main.ScriptEngine.runScriptAsRawText(ScriptEngine.java:119)&#xa;	at com.kms.katalon.core.main.TestCaseExecutor.runScript(TestCaseExecutor.java:448)&#xa;	at com.kms.katalon.core.main.TestCaseExecutor.doExecute(TestCaseExecutor.java:439)&#xa;	at com.kms.katalon.core.main.TestCaseExecutor.processExecutionPhase(TestCaseExecutor.java:418)&#xa;	at com.kms.katalon.core.main.TestCaseExecutor.accessMainPhase(TestCaseExecutor.java:410)&#xa;	at com.kms.katalon.core.main.TestCaseExecutor.execute(TestCaseExecutor.java:285)&#xa;	at com.kms.katalon.core.common.CommonExecutor.accessTestCaseMainPhase(CommonExecutor.java:65)&#xa;	at com.kms.katalon.core.main.TestSuiteExecutor.accessTestSuiteMainPhase(TestSuiteExecutor.java:148)&#xa;	at com.kms.katalon.core.main.TestSuiteExecutor.execute(TestSuiteExecutor.java:106)&#xa;	at com.kms.katalon.core.main.TestCaseMain.startTestSuite(TestCaseMain.java:180)&#xa;	at TempTestSuite1702577801200.run(TempTestSuite1702577801200.groovy:36)&#xa;	at java.base/jdk.internal.reflect.NativeMethodAccessorImpl.invoke0(Native Method)&#xa;	at java.base/jdk.internal.reflect.NativeMethodAccessorImpl.invoke(NativeMethodAccessorImpl.java:77)&#xa;	at java.base/jdk.internal.reflect.DelegatingMethodAccessorImpl.invoke(DelegatingMethodAccessorImpl.java:43)&#xa;Caused by: org.openqa.selenium.ElementNotInteractableException: Element &lt;input name=&quot;_token&quot; type=&quot;hidden&quot;> could not be scrolled into view&#xa;Build info: version: '3.141.59', revision: 'e82be7d358', time: '2018-11-14T08:25:53'&#xa;System info: host: 'DESKTOP-28CK1DU', ip: '172.29.16.1', os.name: 'Windows 10', os.arch: 'amd64', os.version: '10.0', java.version: '17.0.7'&#xa;Driver info: com.kms.katalon.core.webui.driver.firefox.CGeckoDriver&#xa;Capabilities {acceptInsecureCerts: true, browserName: firefox, browserVersion: 120.0.1, javascriptEnabled: true, moz:accessibilityChecks: false, moz:buildID: 20231129155202, moz:geckodriverVersion: 0.33.0, moz:headless: false, moz:platformVersion: 10.0, moz:processID: 21828, moz:profile: C:\Users\ADMIN\AppData\Loca..., moz:shutdownTimeout: 60000, moz:webdriverClick: true, moz:windowless: false, pageLoadStrategy: normal, platform: WINDOWS, platformName: WINDOWS, proxy: Proxy(direct), setWindowRect: true, strictFileInteractability: false, timeouts: {implicit: 0, pageLoad: 300000, script: 30000}, unhandledPromptBehavior: dismiss and notify}&#xa;Session ID: b299a14a-33bc-463f-92d0-0aba75770057&#xa;	at java.base/jdk.internal.reflect.NativeConstructorAccessorImpl.newInstance0(Native Method)&#xa;	at java.base/jdk.internal.reflect.NativeConstructorAccessorImpl.newInstance(NativeConstructorAccessorImpl.java:77)&#xa;	at java.base/jdk.internal.reflect.DelegatingConstructorAccessorImpl.newInstance(DelegatingConstructorAccessorImpl.java:45)&#xa;	at org.openqa.selenium.remote.http.W3CHttpResponseCodec.createException(W3CHttpResponseCodec.java:187)&#xa;	at org.openqa.selenium.remote.http.W3CHttpResponseCodec.decode(W3CHttpResponseCodec.java:122)&#xa;	at org.openqa.selenium.remote.http.W3CHttpResponseCodec.decode(W3CHttpResponseCodec.java:49)&#xa;	at org.openqa.selenium.remote.HttpCommandExecutor.execute(HttpCommandExecutor.java:158)&#xa;	at org.openqa.selenium.remote.service.DriverCommandExecutor.execute(DriverCommandExecutor.java:83)&#xa;	at org.openqa.selenium.remote.RemoteWebDriver.execute(RemoteWebDriver.java:552)&#xa;	at com.kms.katalon.selenium.driver.CFirefoxDriver.execute(CFirefoxDriver.java:28)&#xa;	at org.openqa.selenium.remote.RemoteWebElement.execute(RemoteWebElement.java:285)&#xa;	at org.openqa.selenium.remote.RemoteWebElement.click(RemoteWebElement.java:84)&#xa;	at java.base/jdk.internal.reflect.NativeMethodAccessorImpl.invoke0(Native Method)&#xa;	at java.base/jdk.internal.reflect.NativeMethodAccessorImpl.invoke(NativeMethodAccessorImpl.java:77)&#xa;	at java.base/jdk.internal.reflect.DelegatingMethodAccessorImpl.invoke(DelegatingMethodAccessorImpl.java:43)&#xa;	at org.openqa.selenium.support.events.EventFiringWebDriver$EventFiringWebElement.lambda$new$0(EventFiringWebDriver.java:404)&#xa;	at jdk.proxy2/jdk.proxy2.$Proxy24.click(Unknown Source)&#xa;	at org.openqa.selenium.support.events.EventFiringWebDriver$EventFiringWebElement.click(EventFiringWebDriver.java:417)&#xa;	at org.openqa.selenium.WebElement$click.call(Unknown Source)&#xa;	at com.kms.katalon.core.webui.keyword.builtin.ClickKeyword.clickUntilSuccessWithTimeout(ClickKeyword.groovy:81)&#xa;	at com.kms.katalon.core.webui.keyword.builtin.ClickKeyword.clickUntilSuccessWithTimeout(ClickKeyword.groovy)&#xa;	at java.base/jdk.internal.reflect.NativeMethodAccessorImpl.invoke0(Native Method)&#xa;	at java.base/jdk.internal.reflect.NativeMethodAccessorImpl.invoke(NativeMethodAccessorImpl.java:77)&#xa;	at java.base/jdk.internal.reflect.DelegatingMethodAccessorImpl.invoke(DelegatingMethodAccessorImpl.java:43)&#xa;	at com.kms.katalon.core.webui.keyword.builtin.ClickKeyword$_click_closure1.doCall(ClickKeyword.groovy:67)&#xa;	at com.kms.katalon.core.webui.keyword.builtin.ClickKeyword$_click_closure1.call(ClickKeyword.groovy)&#xa;	at com.kms.katalon.core.webui.keyword.internal.WebUIKeywordMain.runKeyword(WebUIKeywordMain.groovy:20)&#xa;	... 20 more&#xa;"/>
         <system-out><![CDATA[14-12-2023T23:46:52 - [TEST_CASE][FAILED] - Test Cases/Common Test/Login - Valid - Pass: Test Cases/Common Test/Login - Valid - Pass FAILED.
Reason:
com.kms.katalon.core.exception.StepFailedException: Unable to click on object 'Object Repository/Page_Demo Hospital/input_Search_form-control input-sm'
	at com.kms.katalon.core.webui.keyword.internal.WebUIKeywordMain.stepFailed(WebUIKeywordMain.groovy:64)
	at com.kms.katalon.core.webui.keyword.internal.WebUIKeywordMain.runKeyword(WebUIKeywordMain.groovy:26)
	at com.kms.katalon.core.webui.keyword.builtin.ClickKeyword.click(ClickKeyword.groovy:74)
	at com.kms.katalon.core.webui.keyword.builtin.ClickKeyword.execute(ClickKeyword.groovy:40)
	at com.kms.katalon.core.keyword.internal.KeywordExecutor.executeKeywordForPlatform(KeywordExecutor.groovy:74)
	at com.kms.katalon.core.webui.keyword.WebUiBuiltInKeywords.click(WebUiBuiltInKeywords.groovy:659)
	at Login - Valid - Pass.run(Login - Valid - Pass:28)
	at com.kms.katalon.core.main.ScriptEngine.run(ScriptEngine.java:194)
	at com.kms.katalon.core.main.ScriptEngine.runScriptAsRawText(ScriptEngine.java:119)
	at com.kms.katalon.core.main.TestCaseExecutor.runScript(TestCaseExecutor.java:448)
	at com.kms.katalon.core.main.TestCaseExecutor.doExecute(TestCaseExecutor.java:439)
	at com.kms.katalon.core.main.TestCaseExecutor.processExecutionPhase(TestCaseExecutor.java:418)
	at com.kms.katalon.core.main.TestCaseExecutor.accessMainPhase(TestCaseExecutor.java:410)
	at com.kms.katalon.core.main.TestCaseExecutor.execute(TestCaseExecutor.java:285)
	at com.kms.katalon.core.common.CommonExecutor.accessTestCaseMainPhase(CommonExecutor.java:65)
	at com.kms.katalon.core.main.TestSuiteExecutor.accessTestSuiteMainPhase(TestSuiteExecutor.java:148)
	at com.kms.katalon.core.main.TestSuiteExecutor.execute(TestSuiteExecutor.java:106)
	at com.kms.katalon.core.main.TestCaseMain.startTestSuite(TestCaseMain.java:180)
	at TempTestSuite1702577801200.run(TempTestSuite1702577801200.groovy:36)
	at java.base/jdk.internal.reflect.NativeMethodAccessorImpl.invoke0(Native Method)
	at java.base/jdk.internal.reflect.NativeMethodAccessorImpl.invoke(NativeMethodAccessorImpl.java:77)
	at java.base/jdk.internal.reflect.DelegatingMethodAccessorImpl.invoke(DelegatingMethodAccessorImpl.java:43)
Caused by: org.openqa.selenium.ElementNotInteractableException: Element <input name="_token" type="hidden"> could not be scrolled into view
Build info: version: '3.141.59', revision: 'e82be7d358', time: '2018-11-14T08:25:53'
System info: host: 'DESKTOP-28CK1DU', ip: '172.29.16.1', os.name: 'Windows 10', os.arch: 'amd64', os.version: '10.0', java.version: '17.0.7'
Driver info: com.kms.katalon.core.webui.driver.firefox.CGeckoDriver
Capabilities {acceptInsecureCerts: true, browserName: firefox, browserVersion: 120.0.1, javascriptEnabled: true, moz:accessibilityChecks: false, moz:buildID: 20231129155202, moz:geckodriverVersion: 0.33.0, moz:headless: false, moz:platformVersion: 10.0, moz:processID: 21828, moz:profile: C:\Users\ADMIN\AppData\Loca..., moz:shutdownTimeout: 60000, moz:webdriverClick: true, moz:windowless: false, pageLoadStrategy: normal, platform: WINDOWS, platformName: WINDOWS, proxy: Proxy(direct), setWindowRect: true, strictFileInteractability: false, timeouts: {implicit: 0, pageLoad: 300000, script: 30000}, unhandledPromptBehavior: dismiss and notify}
Session ID: b299a14a-33bc-463f-92d0-0aba75770057
	at java.base/jdk.internal.reflect.NativeConstructorAccessorImpl.newInstance0(Native Method)
	at java.base/jdk.internal.reflect.NativeConstructorAccessorImpl.newInstance(NativeConstructorAccessorImpl.java:77)
	at java.base/jdk.internal.reflect.DelegatingConstructorAccessorImpl.newInstance(DelegatingConstructorAccessorImpl.java:45)
	at org.openqa.selenium.remote.http.W3CHttpResponseCodec.createException(W3CHttpResponseCodec.java:187)
	at org.openqa.selenium.remote.http.W3CHttpResponseCodec.decode(W3CHttpResponseCodec.java:122)
	at org.openqa.selenium.remote.http.W3CHttpResponseCodec.decode(W3CHttpResponseCodec.java:49)
	at org.openqa.selenium.remote.HttpCommandExecutor.execute(HttpCommandExecutor.java:158)
	at org.openqa.selenium.remote.service.DriverCommandExecutor.execute(DriverCommandExecutor.java:83)
	at org.openqa.selenium.remote.RemoteWebDriver.execute(RemoteWebDriver.java:552)
	at com.kms.katalon.selenium.driver.CFirefoxDriver.execute(CFirefoxDriver.java:28)
	at org.openqa.selenium.remote.RemoteWebElement.execute(RemoteWebElement.java:285)
	at org.openqa.selenium.remote.RemoteWebElement.click(RemoteWebElement.java:84)
	at java.base/jdk.internal.reflect.NativeMethodAccessorImpl.invoke0(Native Method)
	at java.base/jdk.internal.reflect.NativeMethodAccessorImpl.invoke(NativeMethodAccessorImpl.java:77)
	at java.base/jdk.internal.reflect.DelegatingMethodAccessorImpl.invoke(DelegatingMethodAccessorImpl.java:43)
	at org.openqa.selenium.support.events.EventFiringWebDriver$EventFiringWebElement.lambda$new$0(EventFiringWebDriver.java:404)
	at jdk.proxy2/jdk.proxy2.$Proxy24.click(Unknown Source)
	at org.openqa.selenium.support.events.EventFiringWebDriver$EventFiringWebElement.click(EventFiringWebDriver.java:417)
	at org.openqa.selenium.WebElement$click.call(Unknown Source)
	at com.kms.katalon.core.webui.keyword.builtin.ClickKeyword.clickUntilSuccessWithTimeout(ClickKeyword.groovy:81)
	at com.kms.katalon.core.webui.keyword.builtin.ClickKeyword.clickUntilSuccessWithTimeout(ClickKeyword.groovy)
	at java.base/jdk.internal.reflect.NativeMethodAccessorImpl.invoke0(Native Method)
	at java.base/jdk.internal.reflect.NativeMethodAccessorImpl.invoke(NativeMethodAccessorImpl.java:77)
	at java.base/jdk.internal.reflect.DelegatingMethodAccessorImpl.invoke(DelegatingMethodAccessorImpl.java:43)
	at com.kms.katalon.core.webui.keyword.builtin.ClickKeyword$_click_closure1.doCall(ClickKeyword.groovy:67)
	at com.kms.katalon.core.webui.keyword.builtin.ClickKeyword$_click_closure1.call(ClickKeyword.groovy)
	at com.kms.katalon.core.webui.keyword.internal.WebUIKeywordMain.runKeyword(WebUIKeywordMain.groovy:20)
	... 20 more


14-12-2023T23:46:53 - [TEST_STEP][PASSED] - openBrowser(""): Browser is opened with url: ''

14-12-2023T23:46:54 - [MESSAGE][INFO] - Starting 'Firefox' driver

14-12-2023T23:46:54 - [MESSAGE][INFO] - Action delay is set to 0 milliseconds

14-12-2023T23:47:07 - [MESSAGE][PASSED] - Browser is opened with url: ''

14-12-2023T23:47:07 - [TEST_STEP][PASSED] - navigateToUrl("https://hospitalb.com/login"): Navigate to 'https://hospitalb.com/login' successfully

14-12-2023T23:47:11 - [MESSAGE][PASSED] - Navigate to 'https://hospitalb.com/login' successfully

14-12-2023T23:47:11 - [TEST_STEP][PASSED] - setText(findTestObject("Object Repository/Page_Demo Hospital/input_email"), ID): Text 'admin@gmail.com' is set on object 'Object Repository/Page_Demo Hospital/input_email'

14-12-2023T23:47:13 - [MESSAGE][PASSED] - Text 'admin@gmail.com' is set on object 'Object Repository/Page_Demo Hospital/input_email'

14-12-2023T23:47:13 - [TEST_STEP][PASSED] - setText(findTestObject("Object Repository/Page_Demo Hospital/input_password"), Pass): Text '123456' is set on object 'Object Repository/Page_Demo Hospital/input_password'

14-12-2023T23:47:13 - [MESSAGE][PASSED] - Text '123456' is set on object 'Object Repository/Page_Demo Hospital/input_password'

14-12-2023T23:47:13 - [TEST_STEP][FAILED] - click(findTestObject("Object Repository/Page_Demo Hospital/input_Search_form-control input-sm")): Unable to click on object 'Object Repository/Page_Demo Hospital/input_Search_form-control input-sm' (Root cause: com.kms.katalon.core.exception.StepFailedException: Unable to click on object 'Object Repository/Page_Demo Hospital/input_Search_form-control input-sm'
	at com.kms.katalon.core.webui.keyword.internal.WebUIKeywordMain.stepFailed(WebUIKeywordMain.groovy:64)
	at com.kms.katalon.core.webui.keyword.internal.WebUIKeywordMain.runKeyword(WebUIKeywordMain.groovy:26)
	at com.kms.katalon.core.webui.keyword.builtin.ClickKeyword.click(ClickKeyword.groovy:74)
	at com.kms.katalon.core.webui.keyword.builtin.ClickKeyword.execute(ClickKeyword.groovy:40)
	at com.kms.katalon.core.keyword.internal.KeywordExecutor.executeKeywordForPlatform(KeywordExecutor.groovy:74)
	at com.kms.katalon.core.webui.keyword.WebUiBuiltInKeywords.click(WebUiBuiltInKeywords.groovy:659)
	at Login - Valid - Pass.run(Login - Valid - Pass:28)
	at com.kms.katalon.core.main.ScriptEngine.run(ScriptEngine.java:194)
	at com.kms.katalon.core.main.ScriptEngine.runScriptAsRawText(ScriptEngine.java:119)
	at com.kms.katalon.core.main.TestCaseExecutor.runScript(TestCaseExecutor.java:448)
	at com.kms.katalon.core.main.TestCaseExecutor.doExecute(TestCaseExecutor.java:439)
	at com.kms.katalon.core.main.TestCaseExecutor.processExecutionPhase(TestCaseExecutor.java:418)
	at com.kms.katalon.core.main.TestCaseExecutor.accessMainPhase(TestCaseExecutor.java:410)
	at com.kms.katalon.core.main.TestCaseExecutor.execute(TestCaseExecutor.java:285)
	at com.kms.katalon.core.common.CommonExecutor.accessTestCaseMainPhase(CommonExecutor.java:65)
	at com.kms.katalon.core.main.TestSuiteExecutor.accessTestSuiteMainPhase(TestSuiteExecutor.java:148)
	at com.kms.katalon.core.main.TestSuiteExecutor.execute(TestSuiteExecutor.java:106)
	at com.kms.katalon.core.main.TestCaseMain.startTestSuite(TestCaseMain.java:180)
	at TempTestSuite1702577801200.run(TempTestSuite1702577801200.groovy:36)
	at java.base/jdk.internal.reflect.NativeMethodAccessorImpl.invoke0(Native Method)
	at java.base/jdk.internal.reflect.NativeMethodAccessorImpl.invoke(NativeMethodAccessorImpl.java:77)
	at java.base/jdk.internal.reflect.DelegatingMethodAccessorImpl.invoke(DelegatingMethodAccessorImpl.java:43)
Caused by: org.openqa.selenium.ElementNotInteractableException: Element <input name="_token" type="hidden"> could not be scrolled into view
Build info: version: '3.141.59', revision: 'e82be7d358', time: '2018-11-14T08:25:53'
System info: host: 'DESKTOP-28CK1DU', ip: '172.29.16.1', os.name: 'Windows 10', os.arch: 'amd64', os.version: '10.0', java.version: '17.0.7'
Driver info: com.kms.katalon.core.webui.driver.firefox.CGeckoDriver
Capabilities {acceptInsecureCerts: true, browserName: firefox, browserVersion: 120.0.1, javascriptEnabled: true, moz:accessibilityChecks: false, moz:buildID: 20231129155202, moz:geckodriverVersion: 0.33.0, moz:headless: false, moz:platformVersion: 10.0, moz:processID: 21828, moz:profile: C:\Users\ADMIN\AppData\Loca..., moz:shutdownTimeout: 60000, moz:webdriverClick: true, moz:windowless: false, pageLoadStrategy: normal, platform: WINDOWS, platformName: WINDOWS, proxy: Proxy(direct), setWindowRect: true, strictFileInteractability: false, timeouts: {implicit: 0, pageLoad: 300000, script: 30000}, unhandledPromptBehavior: dismiss and notify}
Session ID: b299a14a-33bc-463f-92d0-0aba75770057
	at java.base/jdk.internal.reflect.NativeConstructorAccessorImpl.newInstance0(Native Method)
	at java.base/jdk.internal.reflect.NativeConstructorAccessorImpl.newInstance(NativeConstructorAccessorImpl.java:77)
	at java.base/jdk.internal.reflect.DelegatingConstructorAccessorImpl.newInstance(DelegatingConstructorAccessorImpl.java:45)
	at org.openqa.selenium.remote.http.W3CHttpResponseCodec.createException(W3CHttpResponseCodec.java:187)
	at org.openqa.selenium.remote.http.W3CHttpResponseCodec.decode(W3CHttpResponseCodec.java:122)
	at org.openqa.selenium.remote.http.W3CHttpResponseCodec.decode(W3CHttpResponseCodec.java:49)
	at org.openqa.selenium.remote.HttpCommandExecutor.execute(HttpCommandExecutor.java:158)
	at org.openqa.selenium.remote.service.DriverCommandExecutor.execute(DriverCommandExecutor.java:83)
	at org.openqa.selenium.remote.RemoteWebDriver.execute(RemoteWebDriver.java:552)
	at com.kms.katalon.selenium.driver.CFirefoxDriver.execute(CFirefoxDriver.java:28)
	at org.openqa.selenium.remote.RemoteWebElement.execute(RemoteWebElement.java:285)
	at org.openqa.selenium.remote.RemoteWebElement.click(RemoteWebElement.java:84)
	at java.base/jdk.internal.reflect.NativeMethodAccessorImpl.invoke0(Native Method)
	at java.base/jdk.internal.reflect.NativeMethodAccessorImpl.invoke(NativeMethodAccessorImpl.java:77)
	at java.base/jdk.internal.reflect.DelegatingMethodAccessorImpl.invoke(DelegatingMethodAccessorImpl.java:43)
	at org.openqa.selenium.support.events.EventFiringWebDriver$EventFiringWebElement.lambda$new$0(EventFiringWebDriver.java:404)
	at jdk.proxy2/jdk.proxy2.$Proxy24.click(Unknown Source)
	at org.openqa.selenium.support.events.EventFiringWebDriver$EventFiringWebElement.click(EventFiringWebDriver.java:417)
	at org.openqa.selenium.WebElement$click.call(Unknown Source)
	at com.kms.katalon.core.webui.keyword.builtin.ClickKeyword.clickUntilSuccessWithTimeout(ClickKeyword.groovy:81)
	at com.kms.katalon.core.webui.keyword.builtin.ClickKeyword.clickUntilSuccessWithTimeout(ClickKeyword.groovy)
	at java.base/jdk.internal.reflect.NativeMethodAccessorImpl.invoke0(Native Method)
	at java.base/jdk.internal.reflect.NativeMethodAccessorImpl.invoke(NativeMethodAccessorImpl.java:77)
	at java.base/jdk.internal.reflect.DelegatingMethodAccessorImpl.invoke(DelegatingMethodAccessorImpl.java:43)
	at com.kms.katalon.core.webui.keyword.builtin.ClickKeyword$_click_closure1.doCall(ClickKeyword.groovy:67)
	at com.kms.katalon.core.webui.keyword.builtin.ClickKeyword$_click_closure1.call(ClickKeyword.groovy)
	at com.kms.katalon.core.webui.keyword.internal.WebUIKeywordMain.runKeyword(WebUIKeywordMain.groovy:20)
	at com.kms.katalon.core.webui.keyword.builtin.ClickKeyword.click(ClickKeyword.groovy:74)
	at com.kms.katalon.core.webui.keyword.builtin.ClickKeyword.execute(ClickKeyword.groovy:40)
	at com.kms.katalon.core.keyword.internal.KeywordExecutor.executeKeywordForPlatform(KeywordExecutor.groovy:74)
	at com.kms.katalon.core.webui.keyword.WebUiBuiltInKeywords.click(WebUiBuiltInKeywords.groovy:659)
	at Script1702571598727.run(Script1702571598727.groovy:28)
	... 15 more
)

14-12-2023T23:47:45 - [MESSAGE][INFO] - Unable to find the element located by 'By.xpath: //input[@type='search']'. Please recheck the objects properties to make sure the desired element is located. 

14-12-2023T23:47:45 - [MESSAGE][WARNING] - [SELF-HEALING] Failed to find element with id 'Object Repository/Page_Demo Hospital/input_Search_form-control input-sm'. Try using Self-healing.

14-12-2023T23:47:45 - [MESSAGE][INFO] - [SELF-HEALING] Failed Locator: '//input[@type='search']'.

14-12-2023T23:47:45 - [MESSAGE][INFO] - [SELF-HEALING] Failed Locator: '//div[@id='patientDatatable_filter']/label/input'.

14-12-2023T23:47:45 - [MESSAGE][INFO] - [SELF-HEALING] Working Locator: '//input'.

14-12-2023T23:47:45 - [MESSAGE][ERROR] - [SELF-HEALING] Cannot save screenshot to: C:\Users\ADMIN\Katalon Studio\My First Project\Reports\Self-healing, reason: [Exception... "Failure"  nsresult: "0x80004005 (NS_ERROR_FAILURE)"  location: "JS frame :: chrome://remote/content/shared/Capture.sys.mjs :: capture.canvas :: line 137"  data: no]
Build info: version: '3.141.59', revision: 'e82be7d358', time: '2018-11-14T08:25:53'
System info: host: 'DESKTOP-28CK1DU', ip: '172.29.16.1', os.name: 'Windows 10', os.arch: 'amd64', os.version: '10.0', java.version: '17.0.7'
Driver info: com.kms.katalon.core.webui.driver.firefox.CGeckoDriver
Capabilities {acceptInsecureCerts: true, browserName: firefox, browserVersion: 120.0.1, javascriptEnabled: true, moz:accessibilityChecks: false, moz:buildID: 20231129155202, moz:geckodriverVersion: 0.33.0, moz:headless: false, moz:platformVersion: 10.0, moz:processID: 21828, moz:profile: C:\Users\ADMIN\AppData\Loca..., moz:shutdownTimeout: 60000, moz:webdriverClick: true, moz:windowless: false, pageLoadStrategy: normal, platform: WINDOWS, platformName: WINDOWS, proxy: Proxy(direct), setWindowRect: true, strictFileInteractability: false, timeouts: {implicit: 0, pageLoad: 300000, script: 30000}, unhandledPromptBehavior: dismiss and notify}
Session ID: b299a14a-33bc-463f-92d0-0aba75770057.

14-12-2023T23:47:45 - [MESSAGE][ERROR] - [SELF-HEALING] Cannot save screenshot to: C:\Users\ADMIN\Katalon Studio\My First Project\Reports\Self-healing, reason: [Exception... "Failure"  nsresult: "0x80004005 (NS_ERROR_FAILURE)"  location: "JS frame :: chrome://remote/content/shared/Capture.sys.mjs :: capture.canvas :: line 137"  data: no]
Build info: version: '3.141.59', revision: 'e82be7d358', time: '2018-11-14T08:25:53'
System info: host: 'DESKTOP-28CK1DU', ip: '172.29.16.1', os.name: 'Windows 10', os.arch: 'amd64', os.version: '10.0', java.version: '17.0.7'
Driver info: com.kms.katalon.core.webui.driver.firefox.CGeckoDriver
Capabilities {acceptInsecureCerts: true, browserName: firefox, browserVersion: 120.0.1, javascriptEnabled: true, moz:accessibilityChecks: false, moz:buildID: 20231129155202, moz:geckodriverVersion: 0.33.0, moz:headless: false, moz:platformVersion: 10.0, moz:processID: 21828, moz:profile: C:\Users\ADMIN\AppData\Loca..., moz:shutdownTimeout: 60000, moz:webdriverClick: true, moz:windowless: false, pageLoadStrategy: normal, platform: WINDOWS, platformName: WINDOWS, proxy: Proxy(direct), setWindowRect: true, strictFileInteractability: false, timeouts: {implicit: 0, pageLoad: 300000, script: 30000}, unhandledPromptBehavior: dismiss and notify}
Session ID: b299a14a-33bc-463f-92d0-0aba75770057.

14-12-2023T23:47:45 - [MESSAGE][ERROR] - [SELF-HEALING] Cannot save screenshot to: C:\Users\ADMIN\Katalon Studio\My First Project\Reports\Self-healing, reason: [Exception... "Failure"  nsresult: "0x80004005 (NS_ERROR_FAILURE)"  location: "JS frame :: chrome://remote/content/shared/Capture.sys.mjs :: capture.canvas :: line 137"  data: no]
Build info: version: '3.141.59', revision: 'e82be7d358', time: '2018-11-14T08:25:53'
System info: host: 'DESKTOP-28CK1DU', ip: '172.29.16.1', os.name: 'Windows 10', os.arch: 'amd64', os.version: '10.0', java.version: '17.0.7'
Driver info: com.kms.katalon.core.webui.driver.firefox.CGeckoDriver
Capabilities {acceptInsecureCerts: true, browserName: firefox, browserVersion: 120.0.1, javascriptEnabled: true, moz:accessibilityChecks: false, moz:buildID: 20231129155202, moz:geckodriverVersion: 0.33.0, moz:headless: false, moz:platformVersion: 10.0, moz:processID: 21828, moz:profile: C:\Users\ADMIN\AppData\Loca..., moz:shutdownTimeout: 60000, moz:webdriverClick: true, moz:windowless: false, pageLoadStrategy: normal, platform: WINDOWS, platformName: WINDOWS, proxy: Proxy(direct), setWindowRect: true, strictFileInteractability: false, timeouts: {implicit: 0, pageLoad: 300000, script: 30000}, unhandledPromptBehavior: dismiss and notify}
Session ID: b299a14a-33bc-463f-92d0-0aba75770057.

14-12-2023T23:47:45 - [MESSAGE][WARNING] - [SELF-HEALING] The current locator of test object 'Object Repository/Page_Demo Hospital/input_Search_form-control input-sm' was broken. Propose an alternative one: '//input'.

14-12-2023T23:47:46 - [MESSAGE][FAILED] - Unable to click on object 'Object Repository/Page_Demo Hospital/input_Search_form-control input-sm' (Root cause: com.kms.katalon.core.exception.StepFailedException: Unable to click on object 'Object Repository/Page_Demo Hospital/input_Search_form-control input-sm'
	at com.kms.katalon.core.webui.keyword.internal.WebUIKeywordMain.stepFailed(WebUIKeywordMain.groovy:64)
	at com.kms.katalon.core.webui.keyword.internal.WebUIKeywordMain.runKeyword(WebUIKeywordMain.groovy:26)
	at com.kms.katalon.core.webui.keyword.builtin.ClickKeyword.click(ClickKeyword.groovy:74)
	at com.kms.katalon.core.webui.keyword.builtin.ClickKeyword.execute(ClickKeyword.groovy:40)
	at com.kms.katalon.core.keyword.internal.KeywordExecutor.executeKeywordForPlatform(KeywordExecutor.groovy:74)
	at com.kms.katalon.core.webui.keyword.WebUiBuiltInKeywords.click(WebUiBuiltInKeywords.groovy:659)
	at Login - Valid - Pass.run(Login - Valid - Pass:28)
	at com.kms.katalon.core.main.ScriptEngine.run(ScriptEngine.java:194)
	at com.kms.katalon.core.main.ScriptEngine.runScriptAsRawText(ScriptEngine.java:119)
	at com.kms.katalon.core.main.TestCaseExecutor.runScript(TestCaseExecutor.java:448)
	at com.kms.katalon.core.main.TestCaseExecutor.doExecute(TestCaseExecutor.java:439)
	at com.kms.katalon.core.main.TestCaseExecutor.processExecutionPhase(TestCaseExecutor.java:418)
	at com.kms.katalon.core.main.TestCaseExecutor.accessMainPhase(TestCaseExecutor.java:410)
	at com.kms.katalon.core.main.TestCaseExecutor.execute(TestCaseExecutor.java:285)
	at com.kms.katalon.core.common.CommonExecutor.accessTestCaseMainPhase(CommonExecutor.java:65)
	at com.kms.katalon.core.main.TestSuiteExecutor.accessTestSuiteMainPhase(TestSuiteExecutor.java:148)
	at com.kms.katalon.core.main.TestSuiteExecutor.execute(TestSuiteExecutor.java:106)
	at com.kms.katalon.core.main.TestCaseMain.startTestSuite(TestCaseMain.java:180)
	at TempTestSuite1702577801200.run(TempTestSuite1702577801200.groovy:36)
	at java.base/jdk.internal.reflect.NativeMethodAccessorImpl.invoke0(Native Method)
	at java.base/jdk.internal.reflect.NativeMethodAccessorImpl.invoke(NativeMethodAccessorImpl.java:77)
	at java.base/jdk.internal.reflect.DelegatingMethodAccessorImpl.invoke(DelegatingMethodAccessorImpl.java:43)
Caused by: org.openqa.selenium.ElementNotInteractableException: Element <input name="_token" type="hidden"> could not be scrolled into view
Build info: version: '3.141.59', revision: 'e82be7d358', time: '2018-11-14T08:25:53'
System info: host: 'DESKTOP-28CK1DU', ip: '172.29.16.1', os.name: 'Windows 10', os.arch: 'amd64', os.version: '10.0', java.version: '17.0.7'
Driver info: com.kms.katalon.core.webui.driver.firefox.CGeckoDriver
Capabilities {acceptInsecureCerts: true, browserName: firefox, browserVersion: 120.0.1, javascriptEnabled: true, moz:accessibilityChecks: false, moz:buildID: 20231129155202, moz:geckodriverVersion: 0.33.0, moz:headless: false, moz:platformVersion: 10.0, moz:processID: 21828, moz:profile: C:\Users\ADMIN\AppData\Loca..., moz:shutdownTimeout: 60000, moz:webdriverClick: true, moz:windowless: false, pageLoadStrategy: normal, platform: WINDOWS, platformName: WINDOWS, proxy: Proxy(direct), setWindowRect: true, strictFileInteractability: false, timeouts: {implicit: 0, pageLoad: 300000, script: 30000}, unhandledPromptBehavior: dismiss and notify}
Session ID: b299a14a-33bc-463f-92d0-0aba75770057
	at java.base/jdk.internal.reflect.NativeConstructorAccessorImpl.newInstance0(Native Method)
	at java.base/jdk.internal.reflect.NativeConstructorAccessorImpl.newInstance(NativeConstructorAccessorImpl.java:77)
	at java.base/jdk.internal.reflect.DelegatingConstructorAccessorImpl.newInstance(DelegatingConstructorAccessorImpl.java:45)
	at org.openqa.selenium.remote.http.W3CHttpResponseCodec.createException(W3CHttpResponseCodec.java:187)
	at org.openqa.selenium.remote.http.W3CHttpResponseCodec.decode(W3CHttpResponseCodec.java:122)
	at org.openqa.selenium.remote.http.W3CHttpResponseCodec.decode(W3CHttpResponseCodec.java:49)
	at org.openqa.selenium.remote.HttpCommandExecutor.execute(HttpCommandExecutor.java:158)
	at org.openqa.selenium.remote.service.DriverCommandExecutor.execute(DriverCommandExecutor.java:83)
	at org.openqa.selenium.remote.RemoteWebDriver.execute(RemoteWebDriver.java:552)
	at com.kms.katalon.selenium.driver.CFirefoxDriver.execute(CFirefoxDriver.java:28)
	at org.openqa.selenium.remote.RemoteWebElement.execute(RemoteWebElement.java:285)
	at org.openqa.selenium.remote.RemoteWebElement.click(RemoteWebElement.java:84)
	at java.base/jdk.internal.reflect.NativeMethodAccessorImpl.invoke0(Native Method)
	at java.base/jdk.internal.reflect.NativeMethodAccessorImpl.invoke(NativeMethodAccessorImpl.java:77)
	at java.base/jdk.internal.reflect.DelegatingMethodAccessorImpl.invoke(DelegatingMethodAccessorImpl.java:43)
	at org.openqa.selenium.support.events.EventFiringWebDriver$EventFiringWebElement.lambda$new$0(EventFiringWebDriver.java:404)
	at jdk.proxy2/jdk.proxy2.$Proxy24.click(Unknown Source)
	at org.openqa.selenium.support.events.EventFiringWebDriver$EventFiringWebElement.click(EventFiringWebDriver.java:417)
	at org.openqa.selenium.WebElement$click.call(Unknown Source)
	at com.kms.katalon.core.webui.keyword.builtin.ClickKeyword.clickUntilSuccessWithTimeout(ClickKeyword.groovy:81)
	at com.kms.katalon.core.webui.keyword.builtin.ClickKeyword.clickUntilSuccessWithTimeout(ClickKeyword.groovy)
	at java.base/jdk.internal.reflect.NativeMethodAccessorImpl.invoke0(Native Method)
	at java.base/jdk.internal.reflect.NativeMethodAccessorImpl.invoke(NativeMethodAccessorImpl.java:77)
	at java.base/jdk.internal.reflect.DelegatingMethodAccessorImpl.invoke(DelegatingMethodAccessorImpl.java:43)
	at com.kms.katalon.core.webui.keyword.builtin.ClickKeyword$_click_closure1.doCall(ClickKeyword.groovy:67)
	at com.kms.katalon.core.webui.keyword.builtin.ClickKeyword$_click_closure1.call(ClickKeyword.groovy)
	at com.kms.katalon.core.webui.keyword.internal.WebUIKeywordMain.runKeyword(WebUIKeywordMain.groovy:20)
	at com.kms.katalon.core.webui.keyword.builtin.ClickKeyword.click(ClickKeyword.groovy:74)
	at com.kms.katalon.core.webui.keyword.builtin.ClickKeyword.execute(ClickKeyword.groovy:40)
	at com.kms.katalon.core.keyword.internal.KeywordExecutor.executeKeywordForPlatform(KeywordExecutor.groovy:74)
	at com.kms.katalon.core.webui.keyword.WebUiBuiltInKeywords.click(WebUiBuiltInKeywords.groovy:659)
	at Script1702571598727.run(Script1702571598727.groovy:28)
	... 15 more
)
[[ATTACHMENT|C:\\Users\\ADMIN\\Katalon Studio\\My First Project\\Reports\\20231214_234641\\Common_regression\\20231214_234641\\1702577866032.png]]]]></system-out>
         <system-err><![CDATA[14-12-2023T23:46:52 - [TEST_CASE][FAILED] - Test Cases/Common Test/Login - Valid - Pass: Test Cases/Common Test/Login - Valid - Pass FAILED.
Reason:
com.kms.katalon.core.exception.StepFailedException: Unable to click on object 'Object Repository/Page_Demo Hospital/input_Search_form-control input-sm'
	at com.kms.katalon.core.webui.keyword.internal.WebUIKeywordMain.stepFailed(WebUIKeywordMain.groovy:64)
	at com.kms.katalon.core.webui.keyword.internal.WebUIKeywordMain.runKeyword(WebUIKeywordMain.groovy:26)
	at com.kms.katalon.core.webui.keyword.builtin.ClickKeyword.click(ClickKeyword.groovy:74)
	at com.kms.katalon.core.webui.keyword.builtin.ClickKeyword.execute(ClickKeyword.groovy:40)
	at com.kms.katalon.core.keyword.internal.KeywordExecutor.executeKeywordForPlatform(KeywordExecutor.groovy:74)
	at com.kms.katalon.core.webui.keyword.WebUiBuiltInKeywords.click(WebUiBuiltInKeywords.groovy:659)
	at Login - Valid - Pass.run(Login - Valid - Pass:28)
	at com.kms.katalon.core.main.ScriptEngine.run(ScriptEngine.java:194)
	at com.kms.katalon.core.main.ScriptEngine.runScriptAsRawText(ScriptEngine.java:119)
	at com.kms.katalon.core.main.TestCaseExecutor.runScript(TestCaseExecutor.java:448)
	at com.kms.katalon.core.main.TestCaseExecutor.doExecute(TestCaseExecutor.java:439)
	at com.kms.katalon.core.main.TestCaseExecutor.processExecutionPhase(TestCaseExecutor.java:418)
	at com.kms.katalon.core.main.TestCaseExecutor.accessMainPhase(TestCaseExecutor.java:410)
	at com.kms.katalon.core.main.TestCaseExecutor.execute(TestCaseExecutor.java:285)
	at com.kms.katalon.core.common.CommonExecutor.accessTestCaseMainPhase(CommonExecutor.java:65)
	at com.kms.katalon.core.main.TestSuiteExecutor.accessTestSuiteMainPhase(TestSuiteExecutor.java:148)
	at com.kms.katalon.core.main.TestSuiteExecutor.execute(TestSuiteExecutor.java:106)
	at com.kms.katalon.core.main.TestCaseMain.startTestSuite(TestCaseMain.java:180)
	at TempTestSuite1702577801200.run(TempTestSuite1702577801200.groovy:36)
	at java.base/jdk.internal.reflect.NativeMethodAccessorImpl.invoke0(Native Method)
	at java.base/jdk.internal.reflect.NativeMethodAccessorImpl.invoke(NativeMethodAccessorImpl.java:77)
	at java.base/jdk.internal.reflect.DelegatingMethodAccessorImpl.invoke(DelegatingMethodAccessorImpl.java:43)
Caused by: org.openqa.selenium.ElementNotInteractableException: Element <input name="_token" type="hidden"> could not be scrolled into view
Build info: version: '3.141.59', revision: 'e82be7d358', time: '2018-11-14T08:25:53'
System info: host: 'DESKTOP-28CK1DU', ip: '172.29.16.1', os.name: 'Windows 10', os.arch: 'amd64', os.version: '10.0', java.version: '17.0.7'
Driver info: com.kms.katalon.core.webui.driver.firefox.CGeckoDriver
Capabilities {acceptInsecureCerts: true, browserName: firefox, browserVersion: 120.0.1, javascriptEnabled: true, moz:accessibilityChecks: false, moz:buildID: 20231129155202, moz:geckodriverVersion: 0.33.0, moz:headless: false, moz:platformVersion: 10.0, moz:processID: 21828, moz:profile: C:\Users\ADMIN\AppData\Loca..., moz:shutdownTimeout: 60000, moz:webdriverClick: true, moz:windowless: false, pageLoadStrategy: normal, platform: WINDOWS, platformName: WINDOWS, proxy: Proxy(direct), setWindowRect: true, strictFileInteractability: false, timeouts: {implicit: 0, pageLoad: 300000, script: 30000}, unhandledPromptBehavior: dismiss and notify}
Session ID: b299a14a-33bc-463f-92d0-0aba75770057
	at java.base/jdk.internal.reflect.NativeConstructorAccessorImpl.newInstance0(Native Method)
	at java.base/jdk.internal.reflect.NativeConstructorAccessorImpl.newInstance(NativeConstructorAccessorImpl.java:77)
	at java.base/jdk.internal.reflect.DelegatingConstructorAccessorImpl.newInstance(DelegatingConstructorAccessorImpl.java:45)
	at org.openqa.selenium.remote.http.W3CHttpResponseCodec.createException(W3CHttpResponseCodec.java:187)
	at org.openqa.selenium.remote.http.W3CHttpResponseCodec.decode(W3CHttpResponseCodec.java:122)
	at org.openqa.selenium.remote.http.W3CHttpResponseCodec.decode(W3CHttpResponseCodec.java:49)
	at org.openqa.selenium.remote.HttpCommandExecutor.execute(HttpCommandExecutor.java:158)
	at org.openqa.selenium.remote.service.DriverCommandExecutor.execute(DriverCommandExecutor.java:83)
	at org.openqa.selenium.remote.RemoteWebDriver.execute(RemoteWebDriver.java:552)
	at com.kms.katalon.selenium.driver.CFirefoxDriver.execute(CFirefoxDriver.java:28)
	at org.openqa.selenium.remote.RemoteWebElement.execute(RemoteWebElement.java:285)
	at org.openqa.selenium.remote.RemoteWebElement.click(RemoteWebElement.java:84)
	at java.base/jdk.internal.reflect.NativeMethodAccessorImpl.invoke0(Native Method)
	at java.base/jdk.internal.reflect.NativeMethodAccessorImpl.invoke(NativeMethodAccessorImpl.java:77)
	at java.base/jdk.internal.reflect.DelegatingMethodAccessorImpl.invoke(DelegatingMethodAccessorImpl.java:43)
	at org.openqa.selenium.support.events.EventFiringWebDriver$EventFiringWebElement.lambda$new$0(EventFiringWebDriver.java:404)
	at jdk.proxy2/jdk.proxy2.$Proxy24.click(Unknown Source)
	at org.openqa.selenium.support.events.EventFiringWebDriver$EventFiringWebElement.click(EventFiringWebDriver.java:417)
	at org.openqa.selenium.WebElement$click.call(Unknown Source)
	at com.kms.katalon.core.webui.keyword.builtin.ClickKeyword.clickUntilSuccessWithTimeout(ClickKeyword.groovy:81)
	at com.kms.katalon.core.webui.keyword.builtin.ClickKeyword.clickUntilSuccessWithTimeout(ClickKeyword.groovy)
	at java.base/jdk.internal.reflect.NativeMethodAccessorImpl.invoke0(Native Method)
	at java.base/jdk.internal.reflect.NativeMethodAccessorImpl.invoke(NativeMethodAccessorImpl.java:77)
	at java.base/jdk.internal.reflect.DelegatingMethodAccessorImpl.invoke(DelegatingMethodAccessorImpl.java:43)
	at com.kms.katalon.core.webui.keyword.builtin.ClickKeyword$_click_closure1.doCall(ClickKeyword.groovy:67)
	at com.kms.katalon.core.webui.keyword.builtin.ClickKeyword$_click_closure1.call(ClickKeyword.groovy)
	at com.kms.katalon.core.webui.keyword.internal.WebUIKeywordMain.runKeyword(WebUIKeywordMain.groovy:20)
	... 20 more]]></system-err>
      </testcase>
      <testcase name="Test Cases/Common Test/Login - Invalid -Id" time="45.195" classname="Test Cases/Common Test/Login - Invalid -Id" status="FAILED">
         <failure type="FAILED" message="Test Cases/Common Test/Login - Invalid -Id FAILED.&#xa;Reason:&#xa;com.kms.katalon.core.exception.StepFailedException: Unable to click on object 'Object Repository/Page_Demo Hospital/input_Search_form-control input-sm'&#xa;	at com.kms.katalon.core.webui.keyword.internal.WebUIKeywordMain.stepFailed(WebUIKeywordMain.groovy:64)&#xa;	at com.kms.katalon.core.webui.keyword.internal.WebUIKeywordMain.runKeyword(WebUIKeywordMain.groovy:26)&#xa;	at com.kms.katalon.core.webui.keyword.builtin.ClickKeyword.click(ClickKeyword.groovy:74)&#xa;	at com.kms.katalon.core.webui.keyword.builtin.ClickKeyword.execute(ClickKeyword.groovy:40)&#xa;	at com.kms.katalon.core.keyword.internal.KeywordExecutor.executeKeywordForPlatform(KeywordExecutor.groovy:74)&#xa;	at com.kms.katalon.core.webui.keyword.WebUiBuiltInKeywords.click(WebUiBuiltInKeywords.groovy:659)&#xa;	at Login - Invalid -Id.run(Login - Invalid -Id:28)&#xa;	at com.kms.katalon.core.main.ScriptEngine.run(ScriptEngine.java:194)&#xa;	at com.kms.katalon.core.main.ScriptEngine.runScriptAsRawText(ScriptEngine.java:119)&#xa;	at com.kms.katalon.core.main.TestCaseExecutor.runScript(TestCaseExecutor.java:448)&#xa;	at com.kms.katalon.core.main.TestCaseExecutor.doExecute(TestCaseExecutor.java:439)&#xa;	at com.kms.katalon.core.main.TestCaseExecutor.processExecutionPhase(TestCaseExecutor.java:418)&#xa;	at com.kms.katalon.core.main.TestCaseExecutor.accessMainPhase(TestCaseExecutor.java:410)&#xa;	at com.kms.katalon.core.main.TestCaseExecutor.execute(TestCaseExecutor.java:285)&#xa;	at com.kms.katalon.core.common.CommonExecutor.accessTestCaseMainPhase(CommonExecutor.java:65)&#xa;	at com.kms.katalon.core.main.TestSuiteExecutor.accessTestSuiteMainPhase(TestSuiteExecutor.java:148)&#xa;	at com.kms.katalon.core.main.TestSuiteExecutor.execute(TestSuiteExecutor.java:106)&#xa;	at com.kms.katalon.core.main.TestCaseMain.startTestSuite(TestCaseMain.java:180)&#xa;	at TempTestSuite1702577801200.run(TempTestSuite1702577801200.groovy:36)&#xa;	at java.base/jdk.internal.reflect.NativeMethodAccessorImpl.invoke0(Native Method)&#xa;	at java.base/jdk.internal.reflect.NativeMethodAccessorImpl.invoke(NativeMethodAccessorImpl.java:77)&#xa;	at java.base/jdk.internal.reflect.DelegatingMethodAccessorImpl.invoke(DelegatingMethodAccessorImpl.java:43)&#xa;Caused by: org.openqa.selenium.ElementNotInteractableException: Element &lt;input name=&quot;_token&quot; type=&quot;hidden&quot;> could not be scrolled into view&#xa;Build info: version: '3.141.59', revision: 'e82be7d358', time: '2018-11-14T08:25:53'&#xa;System info: host: 'DESKTOP-28CK1DU', ip: '172.29.16.1', os.name: 'Windows 10', os.arch: 'amd64', os.version: '10.0', java.version: '17.0.7'&#xa;Driver info: com.kms.katalon.core.webui.driver.firefox.CGeckoDriver&#xa;Capabilities {acceptInsecureCerts: true, browserName: firefox, browserVersion: 120.0.1, javascriptEnabled: true, moz:accessibilityChecks: false, moz:buildID: 20231129155202, moz:geckodriverVersion: 0.33.0, moz:headless: false, moz:platformVersion: 10.0, moz:processID: 19148, moz:profile: C:\Users\ADMIN\AppData\Loca..., moz:shutdownTimeout: 60000, moz:webdriverClick: true, moz:windowless: false, pageLoadStrategy: normal, platform: WINDOWS, platformName: WINDOWS, proxy: Proxy(direct), setWindowRect: true, strictFileInteractability: false, timeouts: {implicit: 0, pageLoad: 300000, script: 30000}, unhandledPromptBehavior: dismiss and notify}&#xa;Session ID: 93a4489c-3af3-498d-9974-79222ea73dbd&#xa;	at java.base/jdk.internal.reflect.NativeConstructorAccessorImpl.newInstance0(Native Method)&#xa;	at java.base/jdk.internal.reflect.NativeConstructorAccessorImpl.newInstance(NativeConstructorAccessorImpl.java:77)&#xa;	at java.base/jdk.internal.reflect.DelegatingConstructorAccessorImpl.newInstance(DelegatingConstructorAccessorImpl.java:45)&#xa;	at org.openqa.selenium.remote.http.W3CHttpResponseCodec.createException(W3CHttpResponseCodec.java:187)&#xa;	at org.openqa.selenium.remote.http.W3CHttpResponseCodec.decode(W3CHttpResponseCodec.java:122)&#xa;	at org.openqa.selenium.remote.http.W3CHttpResponseCodec.decode(W3CHttpResponseCodec.java:49)&#xa;	at org.openqa.selenium.remote.HttpCommandExecutor.execute(HttpCommandExecutor.java:158)&#xa;	at org.openqa.selenium.remote.service.DriverCommandExecutor.execute(DriverCommandExecutor.java:83)&#xa;	at org.openqa.selenium.remote.RemoteWebDriver.execute(RemoteWebDriver.java:552)&#xa;	at com.kms.katalon.selenium.driver.CFirefoxDriver.execute(CFirefoxDriver.java:28)&#xa;	at org.openqa.selenium.remote.RemoteWebElement.execute(RemoteWebElement.java:285)&#xa;	at org.openqa.selenium.remote.RemoteWebElement.click(RemoteWebElement.java:84)&#xa;	at java.base/jdk.internal.reflect.NativeMethodAccessorImpl.invoke0(Native Method)&#xa;	at java.base/jdk.internal.reflect.NativeMethodAccessorImpl.invoke(NativeMethodAccessorImpl.java:77)&#xa;	at java.base/jdk.internal.reflect.DelegatingMethodAccessorImpl.invoke(DelegatingMethodAccessorImpl.java:43)&#xa;	at org.openqa.selenium.support.events.EventFiringWebDriver$EventFiringWebElement.lambda$new$0(EventFiringWebDriver.java:404)&#xa;	at jdk.proxy2/jdk.proxy2.$Proxy24.click(Unknown Source)&#xa;	at org.openqa.selenium.support.events.EventFiringWebDriver$EventFiringWebElement.click(EventFiringWebDriver.java:417)&#xa;	at org.openqa.selenium.WebElement$click.call(Unknown Source)&#xa;	at com.kms.katalon.core.webui.keyword.builtin.ClickKeyword.clickUntilSuccessWithTimeout(ClickKeyword.groovy:81)&#xa;	at com.kms.katalon.core.webui.keyword.builtin.ClickKeyword.clickUntilSuccessWithTimeout(ClickKeyword.groovy)&#xa;	at java.base/jdk.internal.reflect.NativeMethodAccessorImpl.invoke0(Native Method)&#xa;	at java.base/jdk.internal.reflect.NativeMethodAccessorImpl.invoke(NativeMethodAccessorImpl.java:77)&#xa;	at java.base/jdk.internal.reflect.DelegatingMethodAccessorImpl.invoke(DelegatingMethodAccessorImpl.java:43)&#xa;	at com.kms.katalon.core.webui.keyword.builtin.ClickKeyword$_click_closure1.doCall(ClickKeyword.groovy:67)&#xa;	at com.kms.katalon.core.webui.keyword.builtin.ClickKeyword$_click_closure1.call(ClickKeyword.groovy)&#xa;	at com.kms.katalon.core.webui.keyword.internal.WebUIKeywordMain.runKeyword(WebUIKeywordMain.groovy:20)&#xa;	... 20 more&#xa;"/>
         <system-out><![CDATA[14-12-2023T23:47:46 - [TEST_CASE][FAILED] - Test Cases/Common Test/Login - Invalid -Id: Test Cases/Common Test/Login - Invalid -Id FAILED.
Reason:
com.kms.katalon.core.exception.StepFailedException: Unable to click on object 'Object Repository/Page_Demo Hospital/input_Search_form-control input-sm'
	at com.kms.katalon.core.webui.keyword.internal.WebUIKeywordMain.stepFailed(WebUIKeywordMain.groovy:64)
	at com.kms.katalon.core.webui.keyword.internal.WebUIKeywordMain.runKeyword(WebUIKeywordMain.groovy:26)
	at com.kms.katalon.core.webui.keyword.builtin.ClickKeyword.click(ClickKeyword.groovy:74)
	at com.kms.katalon.core.webui.keyword.builtin.ClickKeyword.execute(ClickKeyword.groovy:40)
	at com.kms.katalon.core.keyword.internal.KeywordExecutor.executeKeywordForPlatform(KeywordExecutor.groovy:74)
	at com.kms.katalon.core.webui.keyword.WebUiBuiltInKeywords.click(WebUiBuiltInKeywords.groovy:659)
	at Login - Invalid -Id.run(Login - Invalid -Id:28)
	at com.kms.katalon.core.main.ScriptEngine.run(ScriptEngine.java:194)
	at com.kms.katalon.core.main.ScriptEngine.runScriptAsRawText(ScriptEngine.java:119)
	at com.kms.katalon.core.main.TestCaseExecutor.runScript(TestCaseExecutor.java:448)
	at com.kms.katalon.core.main.TestCaseExecutor.doExecute(TestCaseExecutor.java:439)
	at com.kms.katalon.core.main.TestCaseExecutor.processExecutionPhase(TestCaseExecutor.java:418)
	at com.kms.katalon.core.main.TestCaseExecutor.accessMainPhase(TestCaseExecutor.java:410)
	at com.kms.katalon.core.main.TestCaseExecutor.execute(TestCaseExecutor.java:285)
	at com.kms.katalon.core.common.CommonExecutor.accessTestCaseMainPhase(CommonExecutor.java:65)
	at com.kms.katalon.core.main.TestSuiteExecutor.accessTestSuiteMainPhase(TestSuiteExecutor.java:148)
	at com.kms.katalon.core.main.TestSuiteExecutor.execute(TestSuiteExecutor.java:106)
	at com.kms.katalon.core.main.TestCaseMain.startTestSuite(TestCaseMain.java:180)
	at TempTestSuite1702577801200.run(TempTestSuite1702577801200.groovy:36)
	at java.base/jdk.internal.reflect.NativeMethodAccessorImpl.invoke0(Native Method)
	at java.base/jdk.internal.reflect.NativeMethodAccessorImpl.invoke(NativeMethodAccessorImpl.java:77)
	at java.base/jdk.internal.reflect.DelegatingMethodAccessorImpl.invoke(DelegatingMethodAccessorImpl.java:43)
Caused by: org.openqa.selenium.ElementNotInteractableException: Element <input name="_token" type="hidden"> could not be scrolled into view
Build info: version: '3.141.59', revision: 'e82be7d358', time: '2018-11-14T08:25:53'
System info: host: 'DESKTOP-28CK1DU', ip: '172.29.16.1', os.name: 'Windows 10', os.arch: 'amd64', os.version: '10.0', java.version: '17.0.7'
Driver info: com.kms.katalon.core.webui.driver.firefox.CGeckoDriver
Capabilities {acceptInsecureCerts: true, browserName: firefox, browserVersion: 120.0.1, javascriptEnabled: true, moz:accessibilityChecks: false, moz:buildID: 20231129155202, moz:geckodriverVersion: 0.33.0, moz:headless: false, moz:platformVersion: 10.0, moz:processID: 19148, moz:profile: C:\Users\ADMIN\AppData\Loca..., moz:shutdownTimeout: 60000, moz:webdriverClick: true, moz:windowless: false, pageLoadStrategy: normal, platform: WINDOWS, platformName: WINDOWS, proxy: Proxy(direct), setWindowRect: true, strictFileInteractability: false, timeouts: {implicit: 0, pageLoad: 300000, script: 30000}, unhandledPromptBehavior: dismiss and notify}
Session ID: 93a4489c-3af3-498d-9974-79222ea73dbd
	at java.base/jdk.internal.reflect.NativeConstructorAccessorImpl.newInstance0(Native Method)
	at java.base/jdk.internal.reflect.NativeConstructorAccessorImpl.newInstance(NativeConstructorAccessorImpl.java:77)
	at java.base/jdk.internal.reflect.DelegatingConstructorAccessorImpl.newInstance(DelegatingConstructorAccessorImpl.java:45)
	at org.openqa.selenium.remote.http.W3CHttpResponseCodec.createException(W3CHttpResponseCodec.java:187)
	at org.openqa.selenium.remote.http.W3CHttpResponseCodec.decode(W3CHttpResponseCodec.java:122)
	at org.openqa.selenium.remote.http.W3CHttpResponseCodec.decode(W3CHttpResponseCodec.java:49)
	at org.openqa.selenium.remote.HttpCommandExecutor.execute(HttpCommandExecutor.java:158)
	at org.openqa.selenium.remote.service.DriverCommandExecutor.execute(DriverCommandExecutor.java:83)
	at org.openqa.selenium.remote.RemoteWebDriver.execute(RemoteWebDriver.java:552)
	at com.kms.katalon.selenium.driver.CFirefoxDriver.execute(CFirefoxDriver.java:28)
	at org.openqa.selenium.remote.RemoteWebElement.execute(RemoteWebElement.java:285)
	at org.openqa.selenium.remote.RemoteWebElement.click(RemoteWebElement.java:84)
	at java.base/jdk.internal.reflect.NativeMethodAccessorImpl.invoke0(Native Method)
	at java.base/jdk.internal.reflect.NativeMethodAccessorImpl.invoke(NativeMethodAccessorImpl.java:77)
	at java.base/jdk.internal.reflect.DelegatingMethodAccessorImpl.invoke(DelegatingMethodAccessorImpl.java:43)
	at org.openqa.selenium.support.events.EventFiringWebDriver$EventFiringWebElement.lambda$new$0(EventFiringWebDriver.java:404)
	at jdk.proxy2/jdk.proxy2.$Proxy24.click(Unknown Source)
	at org.openqa.selenium.support.events.EventFiringWebDriver$EventFiringWebElement.click(EventFiringWebDriver.java:417)
	at org.openqa.selenium.WebElement$click.call(Unknown Source)
	at com.kms.katalon.core.webui.keyword.builtin.ClickKeyword.clickUntilSuccessWithTimeout(ClickKeyword.groovy:81)
	at com.kms.katalon.core.webui.keyword.builtin.ClickKeyword.clickUntilSuccessWithTimeout(ClickKeyword.groovy)
	at java.base/jdk.internal.reflect.NativeMethodAccessorImpl.invoke0(Native Method)
	at java.base/jdk.internal.reflect.NativeMethodAccessorImpl.invoke(NativeMethodAccessorImpl.java:77)
	at java.base/jdk.internal.reflect.DelegatingMethodAccessorImpl.invoke(DelegatingMethodAccessorImpl.java:43)
	at com.kms.katalon.core.webui.keyword.builtin.ClickKeyword$_click_closure1.doCall(ClickKeyword.groovy:67)
	at com.kms.katalon.core.webui.keyword.builtin.ClickKeyword$_click_closure1.call(ClickKeyword.groovy)
	at com.kms.katalon.core.webui.keyword.internal.WebUIKeywordMain.runKeyword(WebUIKeywordMain.groovy:20)
	... 20 more


14-12-2023T23:47:46 - [TEST_STEP][PASSED] - openBrowser(""): Browser is opened with url: ''

14-12-2023T23:47:46 - [MESSAGE][WARNING] - A browser is already opened. Closing browser and opening a new one

14-12-2023T23:47:48 - [MESSAGE][INFO] - Starting 'Firefox' driver

14-12-2023T23:47:48 - [MESSAGE][INFO] - Action delay is set to 0 milliseconds

14-12-2023T23:47:54 - [MESSAGE][PASSED] - Browser is opened with url: ''

14-12-2023T23:47:54 - [TEST_STEP][PASSED] - navigateToUrl("https://hospitalb.com/login"): Navigate to 'https://hospitalb.com/login' successfully

14-12-2023T23:47:58 - [MESSAGE][PASSED] - Navigate to 'https://hospitalb.com/login' successfully

14-12-2023T23:47:58 - [TEST_STEP][PASSED] - setText(findTestObject("Object Repository/Page_Demo Hospital/input_email"), "Akash@gmail.com"): Text 'Akash@gmail.com' is set on object 'Object Repository/Page_Demo Hospital/input_email'

14-12-2023T23:47:59 - [MESSAGE][PASSED] - Text 'Akash@gmail.com' is set on object 'Object Repository/Page_Demo Hospital/input_email'

14-12-2023T23:47:59 - [TEST_STEP][PASSED] - setText(findTestObject("Object Repository/Page_Demo Hospital/input_password"), "123456"): Text '123456' is set on object 'Object Repository/Page_Demo Hospital/input_password'

14-12-2023T23:47:59 - [MESSAGE][PASSED] - Text '123456' is set on object 'Object Repository/Page_Demo Hospital/input_password'

14-12-2023T23:47:59 - [TEST_STEP][FAILED] - click(findTestObject("Object Repository/Page_Demo Hospital/input_Search_form-control input-sm")): Unable to click on object 'Object Repository/Page_Demo Hospital/input_Search_form-control input-sm' (Root cause: com.kms.katalon.core.exception.StepFailedException: Unable to click on object 'Object Repository/Page_Demo Hospital/input_Search_form-control input-sm'
	at com.kms.katalon.core.webui.keyword.internal.WebUIKeywordMain.stepFailed(WebUIKeywordMain.groovy:64)
	at com.kms.katalon.core.webui.keyword.internal.WebUIKeywordMain.runKeyword(WebUIKeywordMain.groovy:26)
	at com.kms.katalon.core.webui.keyword.builtin.ClickKeyword.click(ClickKeyword.groovy:74)
	at com.kms.katalon.core.webui.keyword.builtin.ClickKeyword.execute(ClickKeyword.groovy:40)
	at com.kms.katalon.core.keyword.internal.KeywordExecutor.executeKeywordForPlatform(KeywordExecutor.groovy:74)
	at com.kms.katalon.core.webui.keyword.WebUiBuiltInKeywords.click(WebUiBuiltInKeywords.groovy:659)
	at Login - Invalid -Id.run(Login - Invalid -Id:28)
	at com.kms.katalon.core.main.ScriptEngine.run(ScriptEngine.java:194)
	at com.kms.katalon.core.main.ScriptEngine.runScriptAsRawText(ScriptEngine.java:119)
	at com.kms.katalon.core.main.TestCaseExecutor.runScript(TestCaseExecutor.java:448)
	at com.kms.katalon.core.main.TestCaseExecutor.doExecute(TestCaseExecutor.java:439)
	at com.kms.katalon.core.main.TestCaseExecutor.processExecutionPhase(TestCaseExecutor.java:418)
	at com.kms.katalon.core.main.TestCaseExecutor.accessMainPhase(TestCaseExecutor.java:410)
	at com.kms.katalon.core.main.TestCaseExecutor.execute(TestCaseExecutor.java:285)
	at com.kms.katalon.core.common.CommonExecutor.accessTestCaseMainPhase(CommonExecutor.java:65)
	at com.kms.katalon.core.main.TestSuiteExecutor.accessTestSuiteMainPhase(TestSuiteExecutor.java:148)
	at com.kms.katalon.core.main.TestSuiteExecutor.execute(TestSuiteExecutor.java:106)
	at com.kms.katalon.core.main.TestCaseMain.startTestSuite(TestCaseMain.java:180)
	at TempTestSuite1702577801200.run(TempTestSuite1702577801200.groovy:36)
	at java.base/jdk.internal.reflect.NativeMethodAccessorImpl.invoke0(Native Method)
	at java.base/jdk.internal.reflect.NativeMethodAccessorImpl.invoke(NativeMethodAccessorImpl.java:77)
	at java.base/jdk.internal.reflect.DelegatingMethodAccessorImpl.invoke(DelegatingMethodAccessorImpl.java:43)
Caused by: org.openqa.selenium.ElementNotInteractableException: Element <input name="_token" type="hidden"> could not be scrolled into view
Build info: version: '3.141.59', revision: 'e82be7d358', time: '2018-11-14T08:25:53'
System info: host: 'DESKTOP-28CK1DU', ip: '172.29.16.1', os.name: 'Windows 10', os.arch: 'amd64', os.version: '10.0', java.version: '17.0.7'
Driver info: com.kms.katalon.core.webui.driver.firefox.CGeckoDriver
Capabilities {acceptInsecureCerts: true, browserName: firefox, browserVersion: 120.0.1, javascriptEnabled: true, moz:accessibilityChecks: false, moz:buildID: 20231129155202, moz:geckodriverVersion: 0.33.0, moz:headless: false, moz:platformVersion: 10.0, moz:processID: 19148, moz:profile: C:\Users\ADMIN\AppData\Loca..., moz:shutdownTimeout: 60000, moz:webdriverClick: true, moz:windowless: false, pageLoadStrategy: normal, platform: WINDOWS, platformName: WINDOWS, proxy: Proxy(direct), setWindowRect: true, strictFileInteractability: false, timeouts: {implicit: 0, pageLoad: 300000, script: 30000}, unhandledPromptBehavior: dismiss and notify}
Session ID: 93a4489c-3af3-498d-9974-79222ea73dbd
	at java.base/jdk.internal.reflect.NativeConstructorAccessorImpl.newInstance0(Native Method)
	at java.base/jdk.internal.reflect.NativeConstructorAccessorImpl.newInstance(NativeConstructorAccessorImpl.java:77)
	at java.base/jdk.internal.reflect.DelegatingConstructorAccessorImpl.newInstance(DelegatingConstructorAccessorImpl.java:45)
	at org.openqa.selenium.remote.http.W3CHttpResponseCodec.createException(W3CHttpResponseCodec.java:187)
	at org.openqa.selenium.remote.http.W3CHttpResponseCodec.decode(W3CHttpResponseCodec.java:122)
	at org.openqa.selenium.remote.http.W3CHttpResponseCodec.decode(W3CHttpResponseCodec.java:49)
	at org.openqa.selenium.remote.HttpCommandExecutor.execute(HttpCommandExecutor.java:158)
	at org.openqa.selenium.remote.service.DriverCommandExecutor.execute(DriverCommandExecutor.java:83)
	at org.openqa.selenium.remote.RemoteWebDriver.execute(RemoteWebDriver.java:552)
	at com.kms.katalon.selenium.driver.CFirefoxDriver.execute(CFirefoxDriver.java:28)
	at org.openqa.selenium.remote.RemoteWebElement.execute(RemoteWebElement.java:285)
	at org.openqa.selenium.remote.RemoteWebElement.click(RemoteWebElement.java:84)
	at java.base/jdk.internal.reflect.NativeMethodAccessorImpl.invoke0(Native Method)
	at java.base/jdk.internal.reflect.NativeMethodAccessorImpl.invoke(NativeMethodAccessorImpl.java:77)
	at java.base/jdk.internal.reflect.DelegatingMethodAccessorImpl.invoke(DelegatingMethodAccessorImpl.java:43)
	at org.openqa.selenium.support.events.EventFiringWebDriver$EventFiringWebElement.lambda$new$0(EventFiringWebDriver.java:404)
	at jdk.proxy2/jdk.proxy2.$Proxy24.click(Unknown Source)
	at org.openqa.selenium.support.events.EventFiringWebDriver$EventFiringWebElement.click(EventFiringWebDriver.java:417)
	at org.openqa.selenium.WebElement$click.call(Unknown Source)
	at com.kms.katalon.core.webui.keyword.builtin.ClickKeyword.clickUntilSuccessWithTimeout(ClickKeyword.groovy:81)
	at com.kms.katalon.core.webui.keyword.builtin.ClickKeyword.clickUntilSuccessWithTimeout(ClickKeyword.groovy)
	at java.base/jdk.internal.reflect.NativeMethodAccessorImpl.invoke0(Native Method)
	at java.base/jdk.internal.reflect.NativeMethodAccessorImpl.invoke(NativeMethodAccessorImpl.java:77)
	at java.base/jdk.internal.reflect.DelegatingMethodAccessorImpl.invoke(DelegatingMethodAccessorImpl.java:43)
	at com.kms.katalon.core.webui.keyword.builtin.ClickKeyword$_click_closure1.doCall(ClickKeyword.groovy:67)
	at com.kms.katalon.core.webui.keyword.builtin.ClickKeyword$_click_closure1.call(ClickKeyword.groovy)
	at com.kms.katalon.core.webui.keyword.internal.WebUIKeywordMain.runKeyword(WebUIKeywordMain.groovy:20)
	at com.kms.katalon.core.webui.keyword.builtin.ClickKeyword.click(ClickKeyword.groovy:74)
	at com.kms.katalon.core.webui.keyword.builtin.ClickKeyword.execute(ClickKeyword.groovy:40)
	at com.kms.katalon.core.keyword.internal.KeywordExecutor.executeKeywordForPlatform(KeywordExecutor.groovy:74)
	at com.kms.katalon.core.webui.keyword.WebUiBuiltInKeywords.click(WebUiBuiltInKeywords.groovy:659)
	at Script1702571826778.run(Script1702571826778.groovy:28)
	... 15 more
)

14-12-2023T23:48:31 - [MESSAGE][INFO] - Unable to find the element located by 'By.xpath: //input[@type='search']'. Please recheck the objects properties to make sure the desired element is located. 

14-12-2023T23:48:31 - [MESSAGE][WARNING] - [SELF-HEALING] Failed to find element with id 'Object Repository/Page_Demo Hospital/input_Search_form-control input-sm'. Try using Self-healing.

14-12-2023T23:48:31 - [MESSAGE][WARNING] - [SELF-HEALING] The current locator of test object 'Object Repository/Page_Demo Hospital/input_Search_form-control input-sm' was broken. Propose an alternative one: '//input'.

14-12-2023T23:48:31 - [MESSAGE][FAILED] - Unable to click on object 'Object Repository/Page_Demo Hospital/input_Search_form-control input-sm' (Root cause: com.kms.katalon.core.exception.StepFailedException: Unable to click on object 'Object Repository/Page_Demo Hospital/input_Search_form-control input-sm'
	at com.kms.katalon.core.webui.keyword.internal.WebUIKeywordMain.stepFailed(WebUIKeywordMain.groovy:64)
	at com.kms.katalon.core.webui.keyword.internal.WebUIKeywordMain.runKeyword(WebUIKeywordMain.groovy:26)
	at com.kms.katalon.core.webui.keyword.builtin.ClickKeyword.click(ClickKeyword.groovy:74)
	at com.kms.katalon.core.webui.keyword.builtin.ClickKeyword.execute(ClickKeyword.groovy:40)
	at com.kms.katalon.core.keyword.internal.KeywordExecutor.executeKeywordForPlatform(KeywordExecutor.groovy:74)
	at com.kms.katalon.core.webui.keyword.WebUiBuiltInKeywords.click(WebUiBuiltInKeywords.groovy:659)
	at Login - Invalid -Id.run(Login - Invalid -Id:28)
	at com.kms.katalon.core.main.ScriptEngine.run(ScriptEngine.java:194)
	at com.kms.katalon.core.main.ScriptEngine.runScriptAsRawText(ScriptEngine.java:119)
	at com.kms.katalon.core.main.TestCaseExecutor.runScript(TestCaseExecutor.java:448)
	at com.kms.katalon.core.main.TestCaseExecutor.doExecute(TestCaseExecutor.java:439)
	at com.kms.katalon.core.main.TestCaseExecutor.processExecutionPhase(TestCaseExecutor.java:418)
	at com.kms.katalon.core.main.TestCaseExecutor.accessMainPhase(TestCaseExecutor.java:410)
	at com.kms.katalon.core.main.TestCaseExecutor.execute(TestCaseExecutor.java:285)
	at com.kms.katalon.core.common.CommonExecutor.accessTestCaseMainPhase(CommonExecutor.java:65)
	at com.kms.katalon.core.main.TestSuiteExecutor.accessTestSuiteMainPhase(TestSuiteExecutor.java:148)
	at com.kms.katalon.core.main.TestSuiteExecutor.execute(TestSuiteExecutor.java:106)
	at com.kms.katalon.core.main.TestCaseMain.startTestSuite(TestCaseMain.java:180)
	at TempTestSuite1702577801200.run(TempTestSuite1702577801200.groovy:36)
	at java.base/jdk.internal.reflect.NativeMethodAccessorImpl.invoke0(Native Method)
	at java.base/jdk.internal.reflect.NativeMethodAccessorImpl.invoke(NativeMethodAccessorImpl.java:77)
	at java.base/jdk.internal.reflect.DelegatingMethodAccessorImpl.invoke(DelegatingMethodAccessorImpl.java:43)
Caused by: org.openqa.selenium.ElementNotInteractableException: Element <input name="_token" type="hidden"> could not be scrolled into view
Build info: version: '3.141.59', revision: 'e82be7d358', time: '2018-11-14T08:25:53'
System info: host: 'DESKTOP-28CK1DU', ip: '172.29.16.1', os.name: 'Windows 10', os.arch: 'amd64', os.version: '10.0', java.version: '17.0.7'
Driver info: com.kms.katalon.core.webui.driver.firefox.CGeckoDriver
Capabilities {acceptInsecureCerts: true, browserName: firefox, browserVersion: 120.0.1, javascriptEnabled: true, moz:accessibilityChecks: false, moz:buildID: 20231129155202, moz:geckodriverVersion: 0.33.0, moz:headless: false, moz:platformVersion: 10.0, moz:processID: 19148, moz:profile: C:\Users\ADMIN\AppData\Loca..., moz:shutdownTimeout: 60000, moz:webdriverClick: true, moz:windowless: false, pageLoadStrategy: normal, platform: WINDOWS, platformName: WINDOWS, proxy: Proxy(direct), setWindowRect: true, strictFileInteractability: false, timeouts: {implicit: 0, pageLoad: 300000, script: 30000}, unhandledPromptBehavior: dismiss and notify}
Session ID: 93a4489c-3af3-498d-9974-79222ea73dbd
	at java.base/jdk.internal.reflect.NativeConstructorAccessorImpl.newInstance0(Native Method)
	at java.base/jdk.internal.reflect.NativeConstructorAccessorImpl.newInstance(NativeConstructorAccessorImpl.java:77)
	at java.base/jdk.internal.reflect.DelegatingConstructorAccessorImpl.newInstance(DelegatingConstructorAccessorImpl.java:45)
	at org.openqa.selenium.remote.http.W3CHttpResponseCodec.createException(W3CHttpResponseCodec.java:187)
	at org.openqa.selenium.remote.http.W3CHttpResponseCodec.decode(W3CHttpResponseCodec.java:122)
	at org.openqa.selenium.remote.http.W3CHttpResponseCodec.decode(W3CHttpResponseCodec.java:49)
	at org.openqa.selenium.remote.HttpCommandExecutor.execute(HttpCommandExecutor.java:158)
	at org.openqa.selenium.remote.service.DriverCommandExecutor.execute(DriverCommandExecutor.java:83)
	at org.openqa.selenium.remote.RemoteWebDriver.execute(RemoteWebDriver.java:552)
	at com.kms.katalon.selenium.driver.CFirefoxDriver.execute(CFirefoxDriver.java:28)
	at org.openqa.selenium.remote.RemoteWebElement.execute(RemoteWebElement.java:285)
	at org.openqa.selenium.remote.RemoteWebElement.click(RemoteWebElement.java:84)
	at java.base/jdk.internal.reflect.NativeMethodAccessorImpl.invoke0(Native Method)
	at java.base/jdk.internal.reflect.NativeMethodAccessorImpl.invoke(NativeMethodAccessorImpl.java:77)
	at java.base/jdk.internal.reflect.DelegatingMethodAccessorImpl.invoke(DelegatingMethodAccessorImpl.java:43)
	at org.openqa.selenium.support.events.EventFiringWebDriver$EventFiringWebElement.lambda$new$0(EventFiringWebDriver.java:404)
	at jdk.proxy2/jdk.proxy2.$Proxy24.click(Unknown Source)
	at org.openqa.selenium.support.events.EventFiringWebDriver$EventFiringWebElement.click(EventFiringWebDriver.java:417)
	at org.openqa.selenium.WebElement$click.call(Unknown Source)
	at com.kms.katalon.core.webui.keyword.builtin.ClickKeyword.clickUntilSuccessWithTimeout(ClickKeyword.groovy:81)
	at com.kms.katalon.core.webui.keyword.builtin.ClickKeyword.clickUntilSuccessWithTimeout(ClickKeyword.groovy)
	at java.base/jdk.internal.reflect.NativeMethodAccessorImpl.invoke0(Native Method)
	at java.base/jdk.internal.reflect.NativeMethodAccessorImpl.invoke(NativeMethodAccessorImpl.java:77)
	at java.base/jdk.internal.reflect.DelegatingMethodAccessorImpl.invoke(DelegatingMethodAccessorImpl.java:43)
	at com.kms.katalon.core.webui.keyword.builtin.ClickKeyword$_click_closure1.doCall(ClickKeyword.groovy:67)
	at com.kms.katalon.core.webui.keyword.builtin.ClickKeyword$_click_closure1.call(ClickKeyword.groovy)
	at com.kms.katalon.core.webui.keyword.internal.WebUIKeywordMain.runKeyword(WebUIKeywordMain.groovy:20)
	at com.kms.katalon.core.webui.keyword.builtin.ClickKeyword.click(ClickKeyword.groovy:74)
	at com.kms.katalon.core.webui.keyword.builtin.ClickKeyword.execute(ClickKeyword.groovy:40)
	at com.kms.katalon.core.keyword.internal.KeywordExecutor.executeKeywordForPlatform(KeywordExecutor.groovy:74)
	at com.kms.katalon.core.webui.keyword.WebUiBuiltInKeywords.click(WebUiBuiltInKeywords.groovy:659)
	at Script1702571826778.run(Script1702571826778.groovy:28)
	... 15 more
)
[[ATTACHMENT|C:\\Users\\ADMIN\\Katalon Studio\\My First Project\\Reports\\20231214_234641\\Common_regression\\20231214_234641\\1702577911383.png]]]]></system-out>
         <system-err><![CDATA[14-12-2023T23:47:46 - [TEST_CASE][FAILED] - Test Cases/Common Test/Login - Invalid -Id: Test Cases/Common Test/Login - Invalid -Id FAILED.
Reason:
com.kms.katalon.core.exception.StepFailedException: Unable to click on object 'Object Repository/Page_Demo Hospital/input_Search_form-control input-sm'
	at com.kms.katalon.core.webui.keyword.internal.WebUIKeywordMain.stepFailed(WebUIKeywordMain.groovy:64)
	at com.kms.katalon.core.webui.keyword.internal.WebUIKeywordMain.runKeyword(WebUIKeywordMain.groovy:26)
	at com.kms.katalon.core.webui.keyword.builtin.ClickKeyword.click(ClickKeyword.groovy:74)
	at com.kms.katalon.core.webui.keyword.builtin.ClickKeyword.execute(ClickKeyword.groovy:40)
	at com.kms.katalon.core.keyword.internal.KeywordExecutor.executeKeywordForPlatform(KeywordExecutor.groovy:74)
	at com.kms.katalon.core.webui.keyword.WebUiBuiltInKeywords.click(WebUiBuiltInKeywords.groovy:659)
	at Login - Invalid -Id.run(Login - Invalid -Id:28)
	at com.kms.katalon.core.main.ScriptEngine.run(ScriptEngine.java:194)
	at com.kms.katalon.core.main.ScriptEngine.runScriptAsRawText(ScriptEngine.java:119)
	at com.kms.katalon.core.main.TestCaseExecutor.runScript(TestCaseExecutor.java:448)
	at com.kms.katalon.core.main.TestCaseExecutor.doExecute(TestCaseExecutor.java:439)
	at com.kms.katalon.core.main.TestCaseExecutor.processExecutionPhase(TestCaseExecutor.java:418)
	at com.kms.katalon.core.main.TestCaseExecutor.accessMainPhase(TestCaseExecutor.java:410)
	at com.kms.katalon.core.main.TestCaseExecutor.execute(TestCaseExecutor.java:285)
	at com.kms.katalon.core.common.CommonExecutor.accessTestCaseMainPhase(CommonExecutor.java:65)
	at com.kms.katalon.core.main.TestSuiteExecutor.accessTestSuiteMainPhase(TestSuiteExecutor.java:148)
	at com.kms.katalon.core.main.TestSuiteExecutor.execute(TestSuiteExecutor.java:106)
	at com.kms.katalon.core.main.TestCaseMain.startTestSuite(TestCaseMain.java:180)
	at TempTestSuite1702577801200.run(TempTestSuite1702577801200.groovy:36)
	at java.base/jdk.internal.reflect.NativeMethodAccessorImpl.invoke0(Native Method)
	at java.base/jdk.internal.reflect.NativeMethodAccessorImpl.invoke(NativeMethodAccessorImpl.java:77)
	at java.base/jdk.internal.reflect.DelegatingMethodAccessorImpl.invoke(DelegatingMethodAccessorImpl.java:43)
Caused by: org.openqa.selenium.ElementNotInteractableException: Element <input name="_token" type="hidden"> could not be scrolled into view
Build info: version: '3.141.59', revision: 'e82be7d358', time: '2018-11-14T08:25:53'
System info: host: 'DESKTOP-28CK1DU', ip: '172.29.16.1', os.name: 'Windows 10', os.arch: 'amd64', os.version: '10.0', java.version: '17.0.7'
Driver info: com.kms.katalon.core.webui.driver.firefox.CGeckoDriver
Capabilities {acceptInsecureCerts: true, browserName: firefox, browserVersion: 120.0.1, javascriptEnabled: true, moz:accessibilityChecks: false, moz:buildID: 20231129155202, moz:geckodriverVersion: 0.33.0, moz:headless: false, moz:platformVersion: 10.0, moz:processID: 19148, moz:profile: C:\Users\ADMIN\AppData\Loca..., moz:shutdownTimeout: 60000, moz:webdriverClick: true, moz:windowless: false, pageLoadStrategy: normal, platform: WINDOWS, platformName: WINDOWS, proxy: Proxy(direct), setWindowRect: true, strictFileInteractability: false, timeouts: {implicit: 0, pageLoad: 300000, script: 30000}, unhandledPromptBehavior: dismiss and notify}
Session ID: 93a4489c-3af3-498d-9974-79222ea73dbd
	at java.base/jdk.internal.reflect.NativeConstructorAccessorImpl.newInstance0(Native Method)
	at java.base/jdk.internal.reflect.NativeConstructorAccessorImpl.newInstance(NativeConstructorAccessorImpl.java:77)
	at java.base/jdk.internal.reflect.DelegatingConstructorAccessorImpl.newInstance(DelegatingConstructorAccessorImpl.java:45)
	at org.openqa.selenium.remote.http.W3CHttpResponseCodec.createException(W3CHttpResponseCodec.java:187)
	at org.openqa.selenium.remote.http.W3CHttpResponseCodec.decode(W3CHttpResponseCodec.java:122)
	at org.openqa.selenium.remote.http.W3CHttpResponseCodec.decode(W3CHttpResponseCodec.java:49)
	at org.openqa.selenium.remote.HttpCommandExecutor.execute(HttpCommandExecutor.java:158)
	at org.openqa.selenium.remote.service.DriverCommandExecutor.execute(DriverCommandExecutor.java:83)
	at org.openqa.selenium.remote.RemoteWebDriver.execute(RemoteWebDriver.java:552)
	at com.kms.katalon.selenium.driver.CFirefoxDriver.execute(CFirefoxDriver.java:28)
	at org.openqa.selenium.remote.RemoteWebElement.execute(RemoteWebElement.java:285)
	at org.openqa.selenium.remote.RemoteWebElement.click(RemoteWebElement.java:84)
	at java.base/jdk.internal.reflect.NativeMethodAccessorImpl.invoke0(Native Method)
	at java.base/jdk.internal.reflect.NativeMethodAccessorImpl.invoke(NativeMethodAccessorImpl.java:77)
	at java.base/jdk.internal.reflect.DelegatingMethodAccessorImpl.invoke(DelegatingMethodAccessorImpl.java:43)
	at org.openqa.selenium.support.events.EventFiringWebDriver$EventFiringWebElement.lambda$new$0(EventFiringWebDriver.java:404)
	at jdk.proxy2/jdk.proxy2.$Proxy24.click(Unknown Source)
	at org.openqa.selenium.support.events.EventFiringWebDriver$EventFiringWebElement.click(EventFiringWebDriver.java:417)
	at org.openqa.selenium.WebElement$click.call(Unknown Source)
	at com.kms.katalon.core.webui.keyword.builtin.ClickKeyword.clickUntilSuccessWithTimeout(ClickKeyword.groovy:81)
	at com.kms.katalon.core.webui.keyword.builtin.ClickKeyword.clickUntilSuccessWithTimeout(ClickKeyword.groovy)
	at java.base/jdk.internal.reflect.NativeMethodAccessorImpl.invoke0(Native Method)
	at java.base/jdk.internal.reflect.NativeMethodAccessorImpl.invoke(NativeMethodAccessorImpl.java:77)
	at java.base/jdk.internal.reflect.DelegatingMethodAccessorImpl.invoke(DelegatingMethodAccessorImpl.java:43)
	at com.kms.katalon.core.webui.keyword.builtin.ClickKeyword$_click_closure1.doCall(ClickKeyword.groovy:67)
	at com.kms.katalon.core.webui.keyword.builtin.ClickKeyword$_click_closure1.call(ClickKeyword.groovy)
	at com.kms.katalon.core.webui.keyword.internal.WebUIKeywordMain.runKeyword(WebUIKeywordMain.groovy:20)
	... 20 more]]></system-err>
      </testcase>
      <testcase name="Test Cases/Common Test/Login - Invalid -Pass" time="45.562" classname="Test Cases/Common Test/Login - Invalid -Pass" status="FAILED">
         <failure type="FAILED" message="Test Cases/Common Test/Login - Invalid -Pass FAILED.&#xa;Reason:&#xa;com.kms.katalon.core.exception.StepFailedException: Unable to click on object 'Object Repository/Page_Demo Hospital/input_Search_form-control input-sm'&#xa;	at com.kms.katalon.core.webui.keyword.internal.WebUIKeywordMain.stepFailed(WebUIKeywordMain.groovy:64)&#xa;	at com.kms.katalon.core.webui.keyword.internal.WebUIKeywordMain.runKeyword(WebUIKeywordMain.groovy:26)&#xa;	at com.kms.katalon.core.webui.keyword.builtin.ClickKeyword.click(ClickKeyword.groovy:74)&#xa;	at com.kms.katalon.core.webui.keyword.builtin.ClickKeyword.execute(ClickKeyword.groovy:40)&#xa;	at com.kms.katalon.core.keyword.internal.KeywordExecutor.executeKeywordForPlatform(KeywordExecutor.groovy:74)&#xa;	at com.kms.katalon.core.webui.keyword.WebUiBuiltInKeywords.click(WebUiBuiltInKeywords.groovy:659)&#xa;	at Login - Invalid -Pass.run(Login - Invalid -Pass:28)&#xa;	at com.kms.katalon.core.main.ScriptEngine.run(ScriptEngine.java:194)&#xa;	at com.kms.katalon.core.main.ScriptEngine.runScriptAsRawText(ScriptEngine.java:119)&#xa;	at com.kms.katalon.core.main.TestCaseExecutor.runScript(TestCaseExecutor.java:448)&#xa;	at com.kms.katalon.core.main.TestCaseExecutor.doExecute(TestCaseExecutor.java:439)&#xa;	at com.kms.katalon.core.main.TestCaseExecutor.processExecutionPhase(TestCaseExecutor.java:418)&#xa;	at com.kms.katalon.core.main.TestCaseExecutor.accessMainPhase(TestCaseExecutor.java:410)&#xa;	at com.kms.katalon.core.main.TestCaseExecutor.execute(TestCaseExecutor.java:285)&#xa;	at com.kms.katalon.core.common.CommonExecutor.accessTestCaseMainPhase(CommonExecutor.java:65)&#xa;	at com.kms.katalon.core.main.TestSuiteExecutor.accessTestSuiteMainPhase(TestSuiteExecutor.java:148)&#xa;	at com.kms.katalon.core.main.TestSuiteExecutor.execute(TestSuiteExecutor.java:106)&#xa;	at com.kms.katalon.core.main.TestCaseMain.startTestSuite(TestCaseMain.java:180)&#xa;	at TempTestSuite1702577801200.run(TempTestSuite1702577801200.groovy:36)&#xa;	at java.base/jdk.internal.reflect.NativeMethodAccessorImpl.invoke0(Native Method)&#xa;	at java.base/jdk.internal.reflect.NativeMethodAccessorImpl.invoke(NativeMethodAccessorImpl.java:77)&#xa;	at java.base/jdk.internal.reflect.DelegatingMethodAccessorImpl.invoke(DelegatingMethodAccessorImpl.java:43)&#xa;Caused by: org.openqa.selenium.ElementNotInteractableException: Element &lt;input name=&quot;_token&quot; type=&quot;hidden&quot;> could not be scrolled into view&#xa;Build info: version: '3.141.59', revision: 'e82be7d358', time: '2018-11-14T08:25:53'&#xa;System info: host: 'DESKTOP-28CK1DU', ip: '172.29.16.1', os.name: 'Windows 10', os.arch: 'amd64', os.version: '10.0', java.version: '17.0.7'&#xa;Driver info: com.kms.katalon.core.webui.driver.firefox.CGeckoDriver&#xa;Capabilities {acceptInsecureCerts: true, browserName: firefox, browserVersion: 120.0.1, javascriptEnabled: true, moz:accessibilityChecks: false, moz:buildID: 20231129155202, moz:geckodriverVersion: 0.33.0, moz:headless: false, moz:platformVersion: 10.0, moz:processID: 11340, moz:profile: C:\Users\ADMIN\AppData\Loca..., moz:shutdownTimeout: 60000, moz:webdriverClick: true, moz:windowless: false, pageLoadStrategy: normal, platform: WINDOWS, platformName: WINDOWS, proxy: Proxy(direct), setWindowRect: true, strictFileInteractability: false, timeouts: {implicit: 0, pageLoad: 300000, script: 30000}, unhandledPromptBehavior: dismiss and notify}&#xa;Session ID: 609782ec-2a04-40dc-85ce-f496965b0975&#xa;	at java.base/jdk.internal.reflect.NativeConstructorAccessorImpl.newInstance0(Native Method)&#xa;	at java.base/jdk.internal.reflect.NativeConstructorAccessorImpl.newInstance(NativeConstructorAccessorImpl.java:77)&#xa;	at java.base/jdk.internal.reflect.DelegatingConstructorAccessorImpl.newInstance(DelegatingConstructorAccessorImpl.java:45)&#xa;	at org.openqa.selenium.remote.http.W3CHttpResponseCodec.createException(W3CHttpResponseCodec.java:187)&#xa;	at org.openqa.selenium.remote.http.W3CHttpResponseCodec.decode(W3CHttpResponseCodec.java:122)&#xa;	at org.openqa.selenium.remote.http.W3CHttpResponseCodec.decode(W3CHttpResponseCodec.java:49)&#xa;	at org.openqa.selenium.remote.HttpCommandExecutor.execute(HttpCommandExecutor.java:158)&#xa;	at org.openqa.selenium.remote.service.DriverCommandExecutor.execute(DriverCommandExecutor.java:83)&#xa;	at org.openqa.selenium.remote.RemoteWebDriver.execute(RemoteWebDriver.java:552)&#xa;	at com.kms.katalon.selenium.driver.CFirefoxDriver.execute(CFirefoxDriver.java:28)&#xa;	at org.openqa.selenium.remote.RemoteWebElement.execute(RemoteWebElement.java:285)&#xa;	at org.openqa.selenium.remote.RemoteWebElement.click(RemoteWebElement.java:84)&#xa;	at java.base/jdk.internal.reflect.NativeMethodAccessorImpl.invoke0(Native Method)&#xa;	at java.base/jdk.internal.reflect.NativeMethodAccessorImpl.invoke(NativeMethodAccessorImpl.java:77)&#xa;	at java.base/jdk.internal.reflect.DelegatingMethodAccessorImpl.invoke(DelegatingMethodAccessorImpl.java:43)&#xa;	at org.openqa.selenium.support.events.EventFiringWebDriver$EventFiringWebElement.lambda$new$0(EventFiringWebDriver.java:404)&#xa;	at jdk.proxy2/jdk.proxy2.$Proxy24.click(Unknown Source)&#xa;	at org.openqa.selenium.support.events.EventFiringWebDriver$EventFiringWebElement.click(EventFiringWebDriver.java:417)&#xa;	at org.openqa.selenium.WebElement$click.call(Unknown Source)&#xa;	at com.kms.katalon.core.webui.keyword.builtin.ClickKeyword.clickUntilSuccessWithTimeout(ClickKeyword.groovy:81)&#xa;	at com.kms.katalon.core.webui.keyword.builtin.ClickKeyword.clickUntilSuccessWithTimeout(ClickKeyword.groovy)&#xa;	at java.base/jdk.internal.reflect.NativeMethodAccessorImpl.invoke0(Native Method)&#xa;	at java.base/jdk.internal.reflect.NativeMethodAccessorImpl.invoke(NativeMethodAccessorImpl.java:77)&#xa;	at java.base/jdk.internal.reflect.DelegatingMethodAccessorImpl.invoke(DelegatingMethodAccessorImpl.java:43)&#xa;	at com.kms.katalon.core.webui.keyword.builtin.ClickKeyword$_click_closure1.doCall(ClickKeyword.groovy:67)&#xa;	at com.kms.katalon.core.webui.keyword.builtin.ClickKeyword$_click_closure1.call(ClickKeyword.groovy)&#xa;	at com.kms.katalon.core.webui.keyword.internal.WebUIKeywordMain.runKeyword(WebUIKeywordMain.groovy:20)&#xa;	... 20 more&#xa;"/>
         <system-out><![CDATA[14-12-2023T23:48:31 - [TEST_CASE][FAILED] - Test Cases/Common Test/Login - Invalid -Pass: Test Cases/Common Test/Login - Invalid -Pass FAILED.
Reason:
com.kms.katalon.core.exception.StepFailedException: Unable to click on object 'Object Repository/Page_Demo Hospital/input_Search_form-control input-sm'
	at com.kms.katalon.core.webui.keyword.internal.WebUIKeywordMain.stepFailed(WebUIKeywordMain.groovy:64)
	at com.kms.katalon.core.webui.keyword.internal.WebUIKeywordMain.runKeyword(WebUIKeywordMain.groovy:26)
	at com.kms.katalon.core.webui.keyword.builtin.ClickKeyword.click(ClickKeyword.groovy:74)
	at com.kms.katalon.core.webui.keyword.builtin.ClickKeyword.execute(ClickKeyword.groovy:40)
	at com.kms.katalon.core.keyword.internal.KeywordExecutor.executeKeywordForPlatform(KeywordExecutor.groovy:74)
	at com.kms.katalon.core.webui.keyword.WebUiBuiltInKeywords.click(WebUiBuiltInKeywords.groovy:659)
	at Login - Invalid -Pass.run(Login - Invalid -Pass:28)
	at com.kms.katalon.core.main.ScriptEngine.run(ScriptEngine.java:194)
	at com.kms.katalon.core.main.ScriptEngine.runScriptAsRawText(ScriptEngine.java:119)
	at com.kms.katalon.core.main.TestCaseExecutor.runScript(TestCaseExecutor.java:448)
	at com.kms.katalon.core.main.TestCaseExecutor.doExecute(TestCaseExecutor.java:439)
	at com.kms.katalon.core.main.TestCaseExecutor.processExecutionPhase(TestCaseExecutor.java:418)
	at com.kms.katalon.core.main.TestCaseExecutor.accessMainPhase(TestCaseExecutor.java:410)
	at com.kms.katalon.core.main.TestCaseExecutor.execute(TestCaseExecutor.java:285)
	at com.kms.katalon.core.common.CommonExecutor.accessTestCaseMainPhase(CommonExecutor.java:65)
	at com.kms.katalon.core.main.TestSuiteExecutor.accessTestSuiteMainPhase(TestSuiteExecutor.java:148)
	at com.kms.katalon.core.main.TestSuiteExecutor.execute(TestSuiteExecutor.java:106)
	at com.kms.katalon.core.main.TestCaseMain.startTestSuite(TestCaseMain.java:180)
	at TempTestSuite1702577801200.run(TempTestSuite1702577801200.groovy:36)
	at java.base/jdk.internal.reflect.NativeMethodAccessorImpl.invoke0(Native Method)
	at java.base/jdk.internal.reflect.NativeMethodAccessorImpl.invoke(NativeMethodAccessorImpl.java:77)
	at java.base/jdk.internal.reflect.DelegatingMethodAccessorImpl.invoke(DelegatingMethodAccessorImpl.java:43)
Caused by: org.openqa.selenium.ElementNotInteractableException: Element <input name="_token" type="hidden"> could not be scrolled into view
Build info: version: '3.141.59', revision: 'e82be7d358', time: '2018-11-14T08:25:53'
System info: host: 'DESKTOP-28CK1DU', ip: '172.29.16.1', os.name: 'Windows 10', os.arch: 'amd64', os.version: '10.0', java.version: '17.0.7'
Driver info: com.kms.katalon.core.webui.driver.firefox.CGeckoDriver
Capabilities {acceptInsecureCerts: true, browserName: firefox, browserVersion: 120.0.1, javascriptEnabled: true, moz:accessibilityChecks: false, moz:buildID: 20231129155202, moz:geckodriverVersion: 0.33.0, moz:headless: false, moz:platformVersion: 10.0, moz:processID: 11340, moz:profile: C:\Users\ADMIN\AppData\Loca..., moz:shutdownTimeout: 60000, moz:webdriverClick: true, moz:windowless: false, pageLoadStrategy: normal, platform: WINDOWS, platformName: WINDOWS, proxy: Proxy(direct), setWindowRect: true, strictFileInteractability: false, timeouts: {implicit: 0, pageLoad: 300000, script: 30000}, unhandledPromptBehavior: dismiss and notify}
Session ID: 609782ec-2a04-40dc-85ce-f496965b0975
	at java.base/jdk.internal.reflect.NativeConstructorAccessorImpl.newInstance0(Native Method)
	at java.base/jdk.internal.reflect.NativeConstructorAccessorImpl.newInstance(NativeConstructorAccessorImpl.java:77)
	at java.base/jdk.internal.reflect.DelegatingConstructorAccessorImpl.newInstance(DelegatingConstructorAccessorImpl.java:45)
	at org.openqa.selenium.remote.http.W3CHttpResponseCodec.createException(W3CHttpResponseCodec.java:187)
	at org.openqa.selenium.remote.http.W3CHttpResponseCodec.decode(W3CHttpResponseCodec.java:122)
	at org.openqa.selenium.remote.http.W3CHttpResponseCodec.decode(W3CHttpResponseCodec.java:49)
	at org.openqa.selenium.remote.HttpCommandExecutor.execute(HttpCommandExecutor.java:158)
	at org.openqa.selenium.remote.service.DriverCommandExecutor.execute(DriverCommandExecutor.java:83)
	at org.openqa.selenium.remote.RemoteWebDriver.execute(RemoteWebDriver.java:552)
	at com.kms.katalon.selenium.driver.CFirefoxDriver.execute(CFirefoxDriver.java:28)
	at org.openqa.selenium.remote.RemoteWebElement.execute(RemoteWebElement.java:285)
	at org.openqa.selenium.remote.RemoteWebElement.click(RemoteWebElement.java:84)
	at java.base/jdk.internal.reflect.NativeMethodAccessorImpl.invoke0(Native Method)
	at java.base/jdk.internal.reflect.NativeMethodAccessorImpl.invoke(NativeMethodAccessorImpl.java:77)
	at java.base/jdk.internal.reflect.DelegatingMethodAccessorImpl.invoke(DelegatingMethodAccessorImpl.java:43)
	at org.openqa.selenium.support.events.EventFiringWebDriver$EventFiringWebElement.lambda$new$0(EventFiringWebDriver.java:404)
	at jdk.proxy2/jdk.proxy2.$Proxy24.click(Unknown Source)
	at org.openqa.selenium.support.events.EventFiringWebDriver$EventFiringWebElement.click(EventFiringWebDriver.java:417)
	at org.openqa.selenium.WebElement$click.call(Unknown Source)
	at com.kms.katalon.core.webui.keyword.builtin.ClickKeyword.clickUntilSuccessWithTimeout(ClickKeyword.groovy:81)
	at com.kms.katalon.core.webui.keyword.builtin.ClickKeyword.clickUntilSuccessWithTimeout(ClickKeyword.groovy)
	at java.base/jdk.internal.reflect.NativeMethodAccessorImpl.invoke0(Native Method)
	at java.base/jdk.internal.reflect.NativeMethodAccessorImpl.invoke(NativeMethodAccessorImpl.java:77)
	at java.base/jdk.internal.reflect.DelegatingMethodAccessorImpl.invoke(DelegatingMethodAccessorImpl.java:43)
	at com.kms.katalon.core.webui.keyword.builtin.ClickKeyword$_click_closure1.doCall(ClickKeyword.groovy:67)
	at com.kms.katalon.core.webui.keyword.builtin.ClickKeyword$_click_closure1.call(ClickKeyword.groovy)
	at com.kms.katalon.core.webui.keyword.internal.WebUIKeywordMain.runKeyword(WebUIKeywordMain.groovy:20)
	... 20 more


14-12-2023T23:48:31 - [TEST_STEP][PASSED] - openBrowser(""): Browser is opened with url: ''

14-12-2023T23:48:31 - [MESSAGE][WARNING] - A browser is already opened. Closing browser and opening a new one

14-12-2023T23:48:34 - [MESSAGE][INFO] - Starting 'Firefox' driver

14-12-2023T23:48:34 - [MESSAGE][INFO] - Action delay is set to 0 milliseconds

14-12-2023T23:48:40 - [MESSAGE][PASSED] - Browser is opened with url: ''

14-12-2023T23:48:40 - [TEST_STEP][PASSED] - navigateToUrl("https://hospitalb.com/login"): Navigate to 'https://hospitalb.com/login' successfully

14-12-2023T23:48:44 - [MESSAGE][PASSED] - Navigate to 'https://hospitalb.com/login' successfully

14-12-2023T23:48:44 - [TEST_STEP][PASSED] - setText(findTestObject("Object Repository/Page_Demo Hospital/input_email"), ID): Text 'admin@gmail.com' is set on object 'Object Repository/Page_Demo Hospital/input_email'

14-12-2023T23:48:44 - [MESSAGE][PASSED] - Text 'admin@gmail.com' is set on object 'Object Repository/Page_Demo Hospital/input_email'

14-12-2023T23:48:44 - [TEST_STEP][PASSED] - setText(findTestObject("Object Repository/Page_Demo Hospital/input_password"), "1234"): Text '1234' is set on object 'Object Repository/Page_Demo Hospital/input_password'

14-12-2023T23:48:45 - [MESSAGE][PASSED] - Text '1234' is set on object 'Object Repository/Page_Demo Hospital/input_password'

14-12-2023T23:48:45 - [TEST_STEP][FAILED] - click(findTestObject("Object Repository/Page_Demo Hospital/input_Search_form-control input-sm")): Unable to click on object 'Object Repository/Page_Demo Hospital/input_Search_form-control input-sm' (Root cause: com.kms.katalon.core.exception.StepFailedException: Unable to click on object 'Object Repository/Page_Demo Hospital/input_Search_form-control input-sm'
	at com.kms.katalon.core.webui.keyword.internal.WebUIKeywordMain.stepFailed(WebUIKeywordMain.groovy:64)
	at com.kms.katalon.core.webui.keyword.internal.WebUIKeywordMain.runKeyword(WebUIKeywordMain.groovy:26)
	at com.kms.katalon.core.webui.keyword.builtin.ClickKeyword.click(ClickKeyword.groovy:74)
	at com.kms.katalon.core.webui.keyword.builtin.ClickKeyword.execute(ClickKeyword.groovy:40)
	at com.kms.katalon.core.keyword.internal.KeywordExecutor.executeKeywordForPlatform(KeywordExecutor.groovy:74)
	at com.kms.katalon.core.webui.keyword.WebUiBuiltInKeywords.click(WebUiBuiltInKeywords.groovy:659)
	at Login - Invalid -Pass.run(Login - Invalid -Pass:28)
	at com.kms.katalon.core.main.ScriptEngine.run(ScriptEngine.java:194)
	at com.kms.katalon.core.main.ScriptEngine.runScriptAsRawText(ScriptEngine.java:119)
	at com.kms.katalon.core.main.TestCaseExecutor.runScript(TestCaseExecutor.java:448)
	at com.kms.katalon.core.main.TestCaseExecutor.doExecute(TestCaseExecutor.java:439)
	at com.kms.katalon.core.main.TestCaseExecutor.processExecutionPhase(TestCaseExecutor.java:418)
	at com.kms.katalon.core.main.TestCaseExecutor.accessMainPhase(TestCaseExecutor.java:410)
	at com.kms.katalon.core.main.TestCaseExecutor.execute(TestCaseExecutor.java:285)
	at com.kms.katalon.core.common.CommonExecutor.accessTestCaseMainPhase(CommonExecutor.java:65)
	at com.kms.katalon.core.main.TestSuiteExecutor.accessTestSuiteMainPhase(TestSuiteExecutor.java:148)
	at com.kms.katalon.core.main.TestSuiteExecutor.execute(TestSuiteExecutor.java:106)
	at com.kms.katalon.core.main.TestCaseMain.startTestSuite(TestCaseMain.java:180)
	at TempTestSuite1702577801200.run(TempTestSuite1702577801200.groovy:36)
	at java.base/jdk.internal.reflect.NativeMethodAccessorImpl.invoke0(Native Method)
	at java.base/jdk.internal.reflect.NativeMethodAccessorImpl.invoke(NativeMethodAccessorImpl.java:77)
	at java.base/jdk.internal.reflect.DelegatingMethodAccessorImpl.invoke(DelegatingMethodAccessorImpl.java:43)
Caused by: org.openqa.selenium.ElementNotInteractableException: Element <input name="_token" type="hidden"> could not be scrolled into view
Build info: version: '3.141.59', revision: 'e82be7d358', time: '2018-11-14T08:25:53'
System info: host: 'DESKTOP-28CK1DU', ip: '172.29.16.1', os.name: 'Windows 10', os.arch: 'amd64', os.version: '10.0', java.version: '17.0.7'
Driver info: com.kms.katalon.core.webui.driver.firefox.CGeckoDriver
Capabilities {acceptInsecureCerts: true, browserName: firefox, browserVersion: 120.0.1, javascriptEnabled: true, moz:accessibilityChecks: false, moz:buildID: 20231129155202, moz:geckodriverVersion: 0.33.0, moz:headless: false, moz:platformVersion: 10.0, moz:processID: 11340, moz:profile: C:\Users\ADMIN\AppData\Loca..., moz:shutdownTimeout: 60000, moz:webdriverClick: true, moz:windowless: false, pageLoadStrategy: normal, platform: WINDOWS, platformName: WINDOWS, proxy: Proxy(direct), setWindowRect: true, strictFileInteractability: false, timeouts: {implicit: 0, pageLoad: 300000, script: 30000}, unhandledPromptBehavior: dismiss and notify}
Session ID: 609782ec-2a04-40dc-85ce-f496965b0975
	at java.base/jdk.internal.reflect.NativeConstructorAccessorImpl.newInstance0(Native Method)
	at java.base/jdk.internal.reflect.NativeConstructorAccessorImpl.newInstance(NativeConstructorAccessorImpl.java:77)
	at java.base/jdk.internal.reflect.DelegatingConstructorAccessorImpl.newInstance(DelegatingConstructorAccessorImpl.java:45)
	at org.openqa.selenium.remote.http.W3CHttpResponseCodec.createException(W3CHttpResponseCodec.java:187)
	at org.openqa.selenium.remote.http.W3CHttpResponseCodec.decode(W3CHttpResponseCodec.java:122)
	at org.openqa.selenium.remote.http.W3CHttpResponseCodec.decode(W3CHttpResponseCodec.java:49)
	at org.openqa.selenium.remote.HttpCommandExecutor.execute(HttpCommandExecutor.java:158)
	at org.openqa.selenium.remote.service.DriverCommandExecutor.execute(DriverCommandExecutor.java:83)
	at org.openqa.selenium.remote.RemoteWebDriver.execute(RemoteWebDriver.java:552)
	at com.kms.katalon.selenium.driver.CFirefoxDriver.execute(CFirefoxDriver.java:28)
	at org.openqa.selenium.remote.RemoteWebElement.execute(RemoteWebElement.java:285)
	at org.openqa.selenium.remote.RemoteWebElement.click(RemoteWebElement.java:84)
	at java.base/jdk.internal.reflect.NativeMethodAccessorImpl.invoke0(Native Method)
	at java.base/jdk.internal.reflect.NativeMethodAccessorImpl.invoke(NativeMethodAccessorImpl.java:77)
	at java.base/jdk.internal.reflect.DelegatingMethodAccessorImpl.invoke(DelegatingMethodAccessorImpl.java:43)
	at org.openqa.selenium.support.events.EventFiringWebDriver$EventFiringWebElement.lambda$new$0(EventFiringWebDriver.java:404)
	at jdk.proxy2/jdk.proxy2.$Proxy24.click(Unknown Source)
	at org.openqa.selenium.support.events.EventFiringWebDriver$EventFiringWebElement.click(EventFiringWebDriver.java:417)
	at org.openqa.selenium.WebElement$click.call(Unknown Source)
	at com.kms.katalon.core.webui.keyword.builtin.ClickKeyword.clickUntilSuccessWithTimeout(ClickKeyword.groovy:81)
	at com.kms.katalon.core.webui.keyword.builtin.ClickKeyword.clickUntilSuccessWithTimeout(ClickKeyword.groovy)
	at java.base/jdk.internal.reflect.NativeMethodAccessorImpl.invoke0(Native Method)
	at java.base/jdk.internal.reflect.NativeMethodAccessorImpl.invoke(NativeMethodAccessorImpl.java:77)
	at java.base/jdk.internal.reflect.DelegatingMethodAccessorImpl.invoke(DelegatingMethodAccessorImpl.java:43)
	at com.kms.katalon.core.webui.keyword.builtin.ClickKeyword$_click_closure1.doCall(ClickKeyword.groovy:67)
	at com.kms.katalon.core.webui.keyword.builtin.ClickKeyword$_click_closure1.call(ClickKeyword.groovy)
	at com.kms.katalon.core.webui.keyword.internal.WebUIKeywordMain.runKeyword(WebUIKeywordMain.groovy:20)
	at com.kms.katalon.core.webui.keyword.builtin.ClickKeyword.click(ClickKeyword.groovy:74)
	at com.kms.katalon.core.webui.keyword.builtin.ClickKeyword.execute(ClickKeyword.groovy:40)
	at com.kms.katalon.core.keyword.internal.KeywordExecutor.executeKeywordForPlatform(KeywordExecutor.groovy:74)
	at com.kms.katalon.core.webui.keyword.WebUiBuiltInKeywords.click(WebUiBuiltInKeywords.groovy:659)
	at Script1702571757157.run(Script1702571757157.groovy:28)
	... 15 more
)

14-12-2023T23:49:16 - [MESSAGE][INFO] - Unable to find the element located by 'By.xpath: //input[@type='search']'. Please recheck the objects properties to make sure the desired element is located. 

14-12-2023T23:49:16 - [MESSAGE][WARNING] - [SELF-HEALING] Failed to find element with id 'Object Repository/Page_Demo Hospital/input_Search_form-control input-sm'. Try using Self-healing.

14-12-2023T23:49:16 - [MESSAGE][WARNING] - [SELF-HEALING] The current locator of test object 'Object Repository/Page_Demo Hospital/input_Search_form-control input-sm' was broken. Propose an alternative one: '//input'.

14-12-2023T23:49:17 - [MESSAGE][FAILED] - Unable to click on object 'Object Repository/Page_Demo Hospital/input_Search_form-control input-sm' (Root cause: com.kms.katalon.core.exception.StepFailedException: Unable to click on object 'Object Repository/Page_Demo Hospital/input_Search_form-control input-sm'
	at com.kms.katalon.core.webui.keyword.internal.WebUIKeywordMain.stepFailed(WebUIKeywordMain.groovy:64)
	at com.kms.katalon.core.webui.keyword.internal.WebUIKeywordMain.runKeyword(WebUIKeywordMain.groovy:26)
	at com.kms.katalon.core.webui.keyword.builtin.ClickKeyword.click(ClickKeyword.groovy:74)
	at com.kms.katalon.core.webui.keyword.builtin.ClickKeyword.execute(ClickKeyword.groovy:40)
	at com.kms.katalon.core.keyword.internal.KeywordExecutor.executeKeywordForPlatform(KeywordExecutor.groovy:74)
	at com.kms.katalon.core.webui.keyword.WebUiBuiltInKeywords.click(WebUiBuiltInKeywords.groovy:659)
	at Login - Invalid -Pass.run(Login - Invalid -Pass:28)
	at com.kms.katalon.core.main.ScriptEngine.run(ScriptEngine.java:194)
	at com.kms.katalon.core.main.ScriptEngine.runScriptAsRawText(ScriptEngine.java:119)
	at com.kms.katalon.core.main.TestCaseExecutor.runScript(TestCaseExecutor.java:448)
	at com.kms.katalon.core.main.TestCaseExecutor.doExecute(TestCaseExecutor.java:439)
	at com.kms.katalon.core.main.TestCaseExecutor.processExecutionPhase(TestCaseExecutor.java:418)
	at com.kms.katalon.core.main.TestCaseExecutor.accessMainPhase(TestCaseExecutor.java:410)
	at com.kms.katalon.core.main.TestCaseExecutor.execute(TestCaseExecutor.java:285)
	at com.kms.katalon.core.common.CommonExecutor.accessTestCaseMainPhase(CommonExecutor.java:65)
	at com.kms.katalon.core.main.TestSuiteExecutor.accessTestSuiteMainPhase(TestSuiteExecutor.java:148)
	at com.kms.katalon.core.main.TestSuiteExecutor.execute(TestSuiteExecutor.java:106)
	at com.kms.katalon.core.main.TestCaseMain.startTestSuite(TestCaseMain.java:180)
	at TempTestSuite1702577801200.run(TempTestSuite1702577801200.groovy:36)
	at java.base/jdk.internal.reflect.NativeMethodAccessorImpl.invoke0(Native Method)
	at java.base/jdk.internal.reflect.NativeMethodAccessorImpl.invoke(NativeMethodAccessorImpl.java:77)
	at java.base/jdk.internal.reflect.DelegatingMethodAccessorImpl.invoke(DelegatingMethodAccessorImpl.java:43)
Caused by: org.openqa.selenium.ElementNotInteractableException: Element <input name="_token" type="hidden"> could not be scrolled into view
Build info: version: '3.141.59', revision: 'e82be7d358', time: '2018-11-14T08:25:53'
System info: host: 'DESKTOP-28CK1DU', ip: '172.29.16.1', os.name: 'Windows 10', os.arch: 'amd64', os.version: '10.0', java.version: '17.0.7'
Driver info: com.kms.katalon.core.webui.driver.firefox.CGeckoDriver
Capabilities {acceptInsecureCerts: true, browserName: firefox, browserVersion: 120.0.1, javascriptEnabled: true, moz:accessibilityChecks: false, moz:buildID: 20231129155202, moz:geckodriverVersion: 0.33.0, moz:headless: false, moz:platformVersion: 10.0, moz:processID: 11340, moz:profile: C:\Users\ADMIN\AppData\Loca..., moz:shutdownTimeout: 60000, moz:webdriverClick: true, moz:windowless: false, pageLoadStrategy: normal, platform: WINDOWS, platformName: WINDOWS, proxy: Proxy(direct), setWindowRect: true, strictFileInteractability: false, timeouts: {implicit: 0, pageLoad: 300000, script: 30000}, unhandledPromptBehavior: dismiss and notify}
Session ID: 609782ec-2a04-40dc-85ce-f496965b0975
	at java.base/jdk.internal.reflect.NativeConstructorAccessorImpl.newInstance0(Native Method)
	at java.base/jdk.internal.reflect.NativeConstructorAccessorImpl.newInstance(NativeConstructorAccessorImpl.java:77)
	at java.base/jdk.internal.reflect.DelegatingConstructorAccessorImpl.newInstance(DelegatingConstructorAccessorImpl.java:45)
	at org.openqa.selenium.remote.http.W3CHttpResponseCodec.createException(W3CHttpResponseCodec.java:187)
	at org.openqa.selenium.remote.http.W3CHttpResponseCodec.decode(W3CHttpResponseCodec.java:122)
	at org.openqa.selenium.remote.http.W3CHttpResponseCodec.decode(W3CHttpResponseCodec.java:49)
	at org.openqa.selenium.remote.HttpCommandExecutor.execute(HttpCommandExecutor.java:158)
	at org.openqa.selenium.remote.service.DriverCommandExecutor.execute(DriverCommandExecutor.java:83)
	at org.openqa.selenium.remote.RemoteWebDriver.execute(RemoteWebDriver.java:552)
	at com.kms.katalon.selenium.driver.CFirefoxDriver.execute(CFirefoxDriver.java:28)
	at org.openqa.selenium.remote.RemoteWebElement.execute(RemoteWebElement.java:285)
	at org.openqa.selenium.remote.RemoteWebElement.click(RemoteWebElement.java:84)
	at java.base/jdk.internal.reflect.NativeMethodAccessorImpl.invoke0(Native Method)
	at java.base/jdk.internal.reflect.NativeMethodAccessorImpl.invoke(NativeMethodAccessorImpl.java:77)
	at java.base/jdk.internal.reflect.DelegatingMethodAccessorImpl.invoke(DelegatingMethodAccessorImpl.java:43)
	at org.openqa.selenium.support.events.EventFiringWebDriver$EventFiringWebElement.lambda$new$0(EventFiringWebDriver.java:404)
	at jdk.proxy2/jdk.proxy2.$Proxy24.click(Unknown Source)
	at org.openqa.selenium.support.events.EventFiringWebDriver$EventFiringWebElement.click(EventFiringWebDriver.java:417)
	at org.openqa.selenium.WebElement$click.call(Unknown Source)
	at com.kms.katalon.core.webui.keyword.builtin.ClickKeyword.clickUntilSuccessWithTimeout(ClickKeyword.groovy:81)
	at com.kms.katalon.core.webui.keyword.builtin.ClickKeyword.clickUntilSuccessWithTimeout(ClickKeyword.groovy)
	at java.base/jdk.internal.reflect.NativeMethodAccessorImpl.invoke0(Native Method)
	at java.base/jdk.internal.reflect.NativeMethodAccessorImpl.invoke(NativeMethodAccessorImpl.java:77)
	at java.base/jdk.internal.reflect.DelegatingMethodAccessorImpl.invoke(DelegatingMethodAccessorImpl.java:43)
	at com.kms.katalon.core.webui.keyword.builtin.ClickKeyword$_click_closure1.doCall(ClickKeyword.groovy:67)
	at com.kms.katalon.core.webui.keyword.builtin.ClickKeyword$_click_closure1.call(ClickKeyword.groovy)
	at com.kms.katalon.core.webui.keyword.internal.WebUIKeywordMain.runKeyword(WebUIKeywordMain.groovy:20)
	at com.kms.katalon.core.webui.keyword.builtin.ClickKeyword.click(ClickKeyword.groovy:74)
	at com.kms.katalon.core.webui.keyword.builtin.ClickKeyword.execute(ClickKeyword.groovy:40)
	at com.kms.katalon.core.keyword.internal.KeywordExecutor.executeKeywordForPlatform(KeywordExecutor.groovy:74)
	at com.kms.katalon.core.webui.keyword.WebUiBuiltInKeywords.click(WebUiBuiltInKeywords.groovy:659)
	at Script1702571757157.run(Script1702571757157.groovy:28)
	... 15 more
)
[[ATTACHMENT|C:\\Users\\ADMIN\\Katalon Studio\\My First Project\\Reports\\20231214_234641\\Common_regression\\20231214_234641\\1702577956990.png]]]]></system-out>
         <system-err><![CDATA[14-12-2023T23:48:31 - [TEST_CASE][FAILED] - Test Cases/Common Test/Login - Invalid -Pass: Test Cases/Common Test/Login - Invalid -Pass FAILED.
Reason:
com.kms.katalon.core.exception.StepFailedException: Unable to click on object 'Object Repository/Page_Demo Hospital/input_Search_form-control input-sm'
	at com.kms.katalon.core.webui.keyword.internal.WebUIKeywordMain.stepFailed(WebUIKeywordMain.groovy:64)
	at com.kms.katalon.core.webui.keyword.internal.WebUIKeywordMain.runKeyword(WebUIKeywordMain.groovy:26)
	at com.kms.katalon.core.webui.keyword.builtin.ClickKeyword.click(ClickKeyword.groovy:74)
	at com.kms.katalon.core.webui.keyword.builtin.ClickKeyword.execute(ClickKeyword.groovy:40)
	at com.kms.katalon.core.keyword.internal.KeywordExecutor.executeKeywordForPlatform(KeywordExecutor.groovy:74)
	at com.kms.katalon.core.webui.keyword.WebUiBuiltInKeywords.click(WebUiBuiltInKeywords.groovy:659)
	at Login - Invalid -Pass.run(Login - Invalid -Pass:28)
	at com.kms.katalon.core.main.ScriptEngine.run(ScriptEngine.java:194)
	at com.kms.katalon.core.main.ScriptEngine.runScriptAsRawText(ScriptEngine.java:119)
	at com.kms.katalon.core.main.TestCaseExecutor.runScript(TestCaseExecutor.java:448)
	at com.kms.katalon.core.main.TestCaseExecutor.doExecute(TestCaseExecutor.java:439)
	at com.kms.katalon.core.main.TestCaseExecutor.processExecutionPhase(TestCaseExecutor.java:418)
	at com.kms.katalon.core.main.TestCaseExecutor.accessMainPhase(TestCaseExecutor.java:410)
	at com.kms.katalon.core.main.TestCaseExecutor.execute(TestCaseExecutor.java:285)
	at com.kms.katalon.core.common.CommonExecutor.accessTestCaseMainPhase(CommonExecutor.java:65)
	at com.kms.katalon.core.main.TestSuiteExecutor.accessTestSuiteMainPhase(TestSuiteExecutor.java:148)
	at com.kms.katalon.core.main.TestSuiteExecutor.execute(TestSuiteExecutor.java:106)
	at com.kms.katalon.core.main.TestCaseMain.startTestSuite(TestCaseMain.java:180)
	at TempTestSuite1702577801200.run(TempTestSuite1702577801200.groovy:36)
	at java.base/jdk.internal.reflect.NativeMethodAccessorImpl.invoke0(Native Method)
	at java.base/jdk.internal.reflect.NativeMethodAccessorImpl.invoke(NativeMethodAccessorImpl.java:77)
	at java.base/jdk.internal.reflect.DelegatingMethodAccessorImpl.invoke(DelegatingMethodAccessorImpl.java:43)
Caused by: org.openqa.selenium.ElementNotInteractableException: Element <input name="_token" type="hidden"> could not be scrolled into view
Build info: version: '3.141.59', revision: 'e82be7d358', time: '2018-11-14T08:25:53'
System info: host: 'DESKTOP-28CK1DU', ip: '172.29.16.1', os.name: 'Windows 10', os.arch: 'amd64', os.version: '10.0', java.version: '17.0.7'
Driver info: com.kms.katalon.core.webui.driver.firefox.CGeckoDriver
Capabilities {acceptInsecureCerts: true, browserName: firefox, browserVersion: 120.0.1, javascriptEnabled: true, moz:accessibilityChecks: false, moz:buildID: 20231129155202, moz:geckodriverVersion: 0.33.0, moz:headless: false, moz:platformVersion: 10.0, moz:processID: 11340, moz:profile: C:\Users\ADMIN\AppData\Loca..., moz:shutdownTimeout: 60000, moz:webdriverClick: true, moz:windowless: false, pageLoadStrategy: normal, platform: WINDOWS, platformName: WINDOWS, proxy: Proxy(direct), setWindowRect: true, strictFileInteractability: false, timeouts: {implicit: 0, pageLoad: 300000, script: 30000}, unhandledPromptBehavior: dismiss and notify}
Session ID: 609782ec-2a04-40dc-85ce-f496965b0975
	at java.base/jdk.internal.reflect.NativeConstructorAccessorImpl.newInstance0(Native Method)
	at java.base/jdk.internal.reflect.NativeConstructorAccessorImpl.newInstance(NativeConstructorAccessorImpl.java:77)
	at java.base/jdk.internal.reflect.DelegatingConstructorAccessorImpl.newInstance(DelegatingConstructorAccessorImpl.java:45)
	at org.openqa.selenium.remote.http.W3CHttpResponseCodec.createException(W3CHttpResponseCodec.java:187)
	at org.openqa.selenium.remote.http.W3CHttpResponseCodec.decode(W3CHttpResponseCodec.java:122)
	at org.openqa.selenium.remote.http.W3CHttpResponseCodec.decode(W3CHttpResponseCodec.java:49)
	at org.openqa.selenium.remote.HttpCommandExecutor.execute(HttpCommandExecutor.java:158)
	at org.openqa.selenium.remote.service.DriverCommandExecutor.execute(DriverCommandExecutor.java:83)
	at org.openqa.selenium.remote.RemoteWebDriver.execute(RemoteWebDriver.java:552)
	at com.kms.katalon.selenium.driver.CFirefoxDriver.execute(CFirefoxDriver.java:28)
	at org.openqa.selenium.remote.RemoteWebElement.execute(RemoteWebElement.java:285)
	at org.openqa.selenium.remote.RemoteWebElement.click(RemoteWebElement.java:84)
	at java.base/jdk.internal.reflect.NativeMethodAccessorImpl.invoke0(Native Method)
	at java.base/jdk.internal.reflect.NativeMethodAccessorImpl.invoke(NativeMethodAccessorImpl.java:77)
	at java.base/jdk.internal.reflect.DelegatingMethodAccessorImpl.invoke(DelegatingMethodAccessorImpl.java:43)
	at org.openqa.selenium.support.events.EventFiringWebDriver$EventFiringWebElement.lambda$new$0(EventFiringWebDriver.java:404)
	at jdk.proxy2/jdk.proxy2.$Proxy24.click(Unknown Source)
	at org.openqa.selenium.support.events.EventFiringWebDriver$EventFiringWebElement.click(EventFiringWebDriver.java:417)
	at org.openqa.selenium.WebElement$click.call(Unknown Source)
	at com.kms.katalon.core.webui.keyword.builtin.ClickKeyword.clickUntilSuccessWithTimeout(ClickKeyword.groovy:81)
	at com.kms.katalon.core.webui.keyword.builtin.ClickKeyword.clickUntilSuccessWithTimeout(ClickKeyword.groovy)
	at java.base/jdk.internal.reflect.NativeMethodAccessorImpl.invoke0(Native Method)
	at java.base/jdk.internal.reflect.NativeMethodAccessorImpl.invoke(NativeMethodAccessorImpl.java:77)
	at java.base/jdk.internal.reflect.DelegatingMethodAccessorImpl.invoke(DelegatingMethodAccessorImpl.java:43)
	at com.kms.katalon.core.webui.keyword.builtin.ClickKeyword$_click_closure1.doCall(ClickKeyword.groovy:67)
	at com.kms.katalon.core.webui.keyword.builtin.ClickKeyword$_click_closure1.call(ClickKeyword.groovy)
	at com.kms.katalon.core.webui.keyword.internal.WebUIKeywordMain.runKeyword(WebUIKeywordMain.groovy:20)
	... 20 more]]></system-err>
      </testcase>
      <testcase name="Test Cases/Common Test/Login - Invalid -Id - Blank" time="45.514" classname="Test Cases/Common Test/Login - Invalid -Id - Blank" status="FAILED">
         <failure type="FAILED" message="Test Cases/Common Test/Login - Invalid -Id - Blank FAILED.&#xa;Reason:&#xa;com.kms.katalon.core.exception.StepFailedException: Unable to click on object 'Object Repository/Page_Demo Hospital/input_Search_form-control input-sm'&#xa;	at com.kms.katalon.core.webui.keyword.internal.WebUIKeywordMain.stepFailed(WebUIKeywordMain.groovy:64)&#xa;	at com.kms.katalon.core.webui.keyword.internal.WebUIKeywordMain.runKeyword(WebUIKeywordMain.groovy:26)&#xa;	at com.kms.katalon.core.webui.keyword.builtin.ClickKeyword.click(ClickKeyword.groovy:74)&#xa;	at com.kms.katalon.core.webui.keyword.builtin.ClickKeyword.execute(ClickKeyword.groovy:40)&#xa;	at com.kms.katalon.core.keyword.internal.KeywordExecutor.executeKeywordForPlatform(KeywordExecutor.groovy:74)&#xa;	at com.kms.katalon.core.webui.keyword.WebUiBuiltInKeywords.click(WebUiBuiltInKeywords.groovy:659)&#xa;	at Login - Invalid -Id - Blank.run(Login - Invalid -Id - Blank:28)&#xa;	at com.kms.katalon.core.main.ScriptEngine.run(ScriptEngine.java:194)&#xa;	at com.kms.katalon.core.main.ScriptEngine.runScriptAsRawText(ScriptEngine.java:119)&#xa;	at com.kms.katalon.core.main.TestCaseExecutor.runScript(TestCaseExecutor.java:448)&#xa;	at com.kms.katalon.core.main.TestCaseExecutor.doExecute(TestCaseExecutor.java:439)&#xa;	at com.kms.katalon.core.main.TestCaseExecutor.processExecutionPhase(TestCaseExecutor.java:418)&#xa;	at com.kms.katalon.core.main.TestCaseExecutor.accessMainPhase(TestCaseExecutor.java:410)&#xa;	at com.kms.katalon.core.main.TestCaseExecutor.execute(TestCaseExecutor.java:285)&#xa;	at com.kms.katalon.core.common.CommonExecutor.accessTestCaseMainPhase(CommonExecutor.java:65)&#xa;	at com.kms.katalon.core.main.TestSuiteExecutor.accessTestSuiteMainPhase(TestSuiteExecutor.java:148)&#xa;	at com.kms.katalon.core.main.TestSuiteExecutor.execute(TestSuiteExecutor.java:106)&#xa;	at com.kms.katalon.core.main.TestCaseMain.startTestSuite(TestCaseMain.java:180)&#xa;	at TempTestSuite1702577801200.run(TempTestSuite1702577801200.groovy:36)&#xa;	at java.base/jdk.internal.reflect.NativeMethodAccessorImpl.invoke0(Native Method)&#xa;	at java.base/jdk.internal.reflect.NativeMethodAccessorImpl.invoke(NativeMethodAccessorImpl.java:77)&#xa;	at java.base/jdk.internal.reflect.DelegatingMethodAccessorImpl.invoke(DelegatingMethodAccessorImpl.java:43)&#xa;Caused by: org.openqa.selenium.ElementNotInteractableException: Element &lt;input name=&quot;_token&quot; type=&quot;hidden&quot;> could not be scrolled into view&#xa;Build info: version: '3.141.59', revision: 'e82be7d358', time: '2018-11-14T08:25:53'&#xa;System info: host: 'DESKTOP-28CK1DU', ip: '172.29.16.1', os.name: 'Windows 10', os.arch: 'amd64', os.version: '10.0', java.version: '17.0.7'&#xa;Driver info: com.kms.katalon.core.webui.driver.firefox.CGeckoDriver&#xa;Capabilities {acceptInsecureCerts: true, browserName: firefox, browserVersion: 120.0.1, javascriptEnabled: true, moz:accessibilityChecks: false, moz:buildID: 20231129155202, moz:geckodriverVersion: 0.33.0, moz:headless: false, moz:platformVersion: 10.0, moz:processID: 23500, moz:profile: C:\Users\ADMIN\AppData\Loca..., moz:shutdownTimeout: 60000, moz:webdriverClick: true, moz:windowless: false, pageLoadStrategy: normal, platform: WINDOWS, platformName: WINDOWS, proxy: Proxy(direct), setWindowRect: true, strictFileInteractability: false, timeouts: {implicit: 0, pageLoad: 300000, script: 30000}, unhandledPromptBehavior: dismiss and notify}&#xa;Session ID: ff71bb53-d7e5-44de-b0cd-a73f83214589&#xa;	at java.base/jdk.internal.reflect.NativeConstructorAccessorImpl.newInstance0(Native Method)&#xa;	at java.base/jdk.internal.reflect.NativeConstructorAccessorImpl.newInstance(NativeConstructorAccessorImpl.java:77)&#xa;	at java.base/jdk.internal.reflect.DelegatingConstructorAccessorImpl.newInstance(DelegatingConstructorAccessorImpl.java:45)&#xa;	at org.openqa.selenium.remote.http.W3CHttpResponseCodec.createException(W3CHttpResponseCodec.java:187)&#xa;	at org.openqa.selenium.remote.http.W3CHttpResponseCodec.decode(W3CHttpResponseCodec.java:122)&#xa;	at org.openqa.selenium.remote.http.W3CHttpResponseCodec.decode(W3CHttpResponseCodec.java:49)&#xa;	at org.openqa.selenium.remote.HttpCommandExecutor.execute(HttpCommandExecutor.java:158)&#xa;	at org.openqa.selenium.remote.service.DriverCommandExecutor.execute(DriverCommandExecutor.java:83)&#xa;	at org.openqa.selenium.remote.RemoteWebDriver.execute(RemoteWebDriver.java:552)&#xa;	at com.kms.katalon.selenium.driver.CFirefoxDriver.execute(CFirefoxDriver.java:28)&#xa;	at org.openqa.selenium.remote.RemoteWebElement.execute(RemoteWebElement.java:285)&#xa;	at org.openqa.selenium.remote.RemoteWebElement.click(RemoteWebElement.java:84)&#xa;	at java.base/jdk.internal.reflect.NativeMethodAccessorImpl.invoke0(Native Method)&#xa;	at java.base/jdk.internal.reflect.NativeMethodAccessorImpl.invoke(NativeMethodAccessorImpl.java:77)&#xa;	at java.base/jdk.internal.reflect.DelegatingMethodAccessorImpl.invoke(DelegatingMethodAccessorImpl.java:43)&#xa;	at org.openqa.selenium.support.events.EventFiringWebDriver$EventFiringWebElement.lambda$new$0(EventFiringWebDriver.java:404)&#xa;	at jdk.proxy2/jdk.proxy2.$Proxy24.click(Unknown Source)&#xa;	at org.openqa.selenium.support.events.EventFiringWebDriver$EventFiringWebElement.click(EventFiringWebDriver.java:417)&#xa;	at org.openqa.selenium.WebElement$click.call(Unknown Source)&#xa;	at com.kms.katalon.core.webui.keyword.builtin.ClickKeyword.clickUntilSuccessWithTimeout(ClickKeyword.groovy:81)&#xa;	at com.kms.katalon.core.webui.keyword.builtin.ClickKeyword.clickUntilSuccessWithTimeout(ClickKeyword.groovy)&#xa;	at java.base/jdk.internal.reflect.NativeMethodAccessorImpl.invoke0(Native Method)&#xa;	at java.base/jdk.internal.reflect.NativeMethodAccessorImpl.invoke(NativeMethodAccessorImpl.java:77)&#xa;	at java.base/jdk.internal.reflect.DelegatingMethodAccessorImpl.invoke(DelegatingMethodAccessorImpl.java:43)&#xa;	at com.kms.katalon.core.webui.keyword.builtin.ClickKeyword$_click_closure1.doCall(ClickKeyword.groovy:67)&#xa;	at com.kms.katalon.core.webui.keyword.builtin.ClickKeyword$_click_closure1.call(ClickKeyword.groovy)&#xa;	at com.kms.katalon.core.webui.keyword.internal.WebUIKeywordMain.runKeyword(WebUIKeywordMain.groovy:20)&#xa;	... 20 more&#xa;"/>
         <system-out><![CDATA[14-12-2023T23:49:17 - [TEST_CASE][FAILED] - Test Cases/Common Test/Login - Invalid -Id - Blank: Test Cases/Common Test/Login - Invalid -Id - Blank FAILED.
Reason:
com.kms.katalon.core.exception.StepFailedException: Unable to click on object 'Object Repository/Page_Demo Hospital/input_Search_form-control input-sm'
	at com.kms.katalon.core.webui.keyword.internal.WebUIKeywordMain.stepFailed(WebUIKeywordMain.groovy:64)
	at com.kms.katalon.core.webui.keyword.internal.WebUIKeywordMain.runKeyword(WebUIKeywordMain.groovy:26)
	at com.kms.katalon.core.webui.keyword.builtin.ClickKeyword.click(ClickKeyword.groovy:74)
	at com.kms.katalon.core.webui.keyword.builtin.ClickKeyword.execute(ClickKeyword.groovy:40)
	at com.kms.katalon.core.keyword.internal.KeywordExecutor.executeKeywordForPlatform(KeywordExecutor.groovy:74)
	at com.kms.katalon.core.webui.keyword.WebUiBuiltInKeywords.click(WebUiBuiltInKeywords.groovy:659)
	at Login - Invalid -Id - Blank.run(Login - Invalid -Id - Blank:28)
	at com.kms.katalon.core.main.ScriptEngine.run(ScriptEngine.java:194)
	at com.kms.katalon.core.main.ScriptEngine.runScriptAsRawText(ScriptEngine.java:119)
	at com.kms.katalon.core.main.TestCaseExecutor.runScript(TestCaseExecutor.java:448)
	at com.kms.katalon.core.main.TestCaseExecutor.doExecute(TestCaseExecutor.java:439)
	at com.kms.katalon.core.main.TestCaseExecutor.processExecutionPhase(TestCaseExecutor.java:418)
	at com.kms.katalon.core.main.TestCaseExecutor.accessMainPhase(TestCaseExecutor.java:410)
	at com.kms.katalon.core.main.TestCaseExecutor.execute(TestCaseExecutor.java:285)
	at com.kms.katalon.core.common.CommonExecutor.accessTestCaseMainPhase(CommonExecutor.java:65)
	at com.kms.katalon.core.main.TestSuiteExecutor.accessTestSuiteMainPhase(TestSuiteExecutor.java:148)
	at com.kms.katalon.core.main.TestSuiteExecutor.execute(TestSuiteExecutor.java:106)
	at com.kms.katalon.core.main.TestCaseMain.startTestSuite(TestCaseMain.java:180)
	at TempTestSuite1702577801200.run(TempTestSuite1702577801200.groovy:36)
	at java.base/jdk.internal.reflect.NativeMethodAccessorImpl.invoke0(Native Method)
	at java.base/jdk.internal.reflect.NativeMethodAccessorImpl.invoke(NativeMethodAccessorImpl.java:77)
	at java.base/jdk.internal.reflect.DelegatingMethodAccessorImpl.invoke(DelegatingMethodAccessorImpl.java:43)
Caused by: org.openqa.selenium.ElementNotInteractableException: Element <input name="_token" type="hidden"> could not be scrolled into view
Build info: version: '3.141.59', revision: 'e82be7d358', time: '2018-11-14T08:25:53'
System info: host: 'DESKTOP-28CK1DU', ip: '172.29.16.1', os.name: 'Windows 10', os.arch: 'amd64', os.version: '10.0', java.version: '17.0.7'
Driver info: com.kms.katalon.core.webui.driver.firefox.CGeckoDriver
Capabilities {acceptInsecureCerts: true, browserName: firefox, browserVersion: 120.0.1, javascriptEnabled: true, moz:accessibilityChecks: false, moz:buildID: 20231129155202, moz:geckodriverVersion: 0.33.0, moz:headless: false, moz:platformVersion: 10.0, moz:processID: 23500, moz:profile: C:\Users\ADMIN\AppData\Loca..., moz:shutdownTimeout: 60000, moz:webdriverClick: true, moz:windowless: false, pageLoadStrategy: normal, platform: WINDOWS, platformName: WINDOWS, proxy: Proxy(direct), setWindowRect: true, strictFileInteractability: false, timeouts: {implicit: 0, pageLoad: 300000, script: 30000}, unhandledPromptBehavior: dismiss and notify}
Session ID: ff71bb53-d7e5-44de-b0cd-a73f83214589
	at java.base/jdk.internal.reflect.NativeConstructorAccessorImpl.newInstance0(Native Method)
	at java.base/jdk.internal.reflect.NativeConstructorAccessorImpl.newInstance(NativeConstructorAccessorImpl.java:77)
	at java.base/jdk.internal.reflect.DelegatingConstructorAccessorImpl.newInstance(DelegatingConstructorAccessorImpl.java:45)
	at org.openqa.selenium.remote.http.W3CHttpResponseCodec.createException(W3CHttpResponseCodec.java:187)
	at org.openqa.selenium.remote.http.W3CHttpResponseCodec.decode(W3CHttpResponseCodec.java:122)
	at org.openqa.selenium.remote.http.W3CHttpResponseCodec.decode(W3CHttpResponseCodec.java:49)
	at org.openqa.selenium.remote.HttpCommandExecutor.execute(HttpCommandExecutor.java:158)
	at org.openqa.selenium.remote.service.DriverCommandExecutor.execute(DriverCommandExecutor.java:83)
	at org.openqa.selenium.remote.RemoteWebDriver.execute(RemoteWebDriver.java:552)
	at com.kms.katalon.selenium.driver.CFirefoxDriver.execute(CFirefoxDriver.java:28)
	at org.openqa.selenium.remote.RemoteWebElement.execute(RemoteWebElement.java:285)
	at org.openqa.selenium.remote.RemoteWebElement.click(RemoteWebElement.java:84)
	at java.base/jdk.internal.reflect.NativeMethodAccessorImpl.invoke0(Native Method)
	at java.base/jdk.internal.reflect.NativeMethodAccessorImpl.invoke(NativeMethodAccessorImpl.java:77)
	at java.base/jdk.internal.reflect.DelegatingMethodAccessorImpl.invoke(DelegatingMethodAccessorImpl.java:43)
	at org.openqa.selenium.support.events.EventFiringWebDriver$EventFiringWebElement.lambda$new$0(EventFiringWebDriver.java:404)
	at jdk.proxy2/jdk.proxy2.$Proxy24.click(Unknown Source)
	at org.openqa.selenium.support.events.EventFiringWebDriver$EventFiringWebElement.click(EventFiringWebDriver.java:417)
	at org.openqa.selenium.WebElement$click.call(Unknown Source)
	at com.kms.katalon.core.webui.keyword.builtin.ClickKeyword.clickUntilSuccessWithTimeout(ClickKeyword.groovy:81)
	at com.kms.katalon.core.webui.keyword.builtin.ClickKeyword.clickUntilSuccessWithTimeout(ClickKeyword.groovy)
	at java.base/jdk.internal.reflect.NativeMethodAccessorImpl.invoke0(Native Method)
	at java.base/jdk.internal.reflect.NativeMethodAccessorImpl.invoke(NativeMethodAccessorImpl.java:77)
	at java.base/jdk.internal.reflect.DelegatingMethodAccessorImpl.invoke(DelegatingMethodAccessorImpl.java:43)
	at com.kms.katalon.core.webui.keyword.builtin.ClickKeyword$_click_closure1.doCall(ClickKeyword.groovy:67)
	at com.kms.katalon.core.webui.keyword.builtin.ClickKeyword$_click_closure1.call(ClickKeyword.groovy)
	at com.kms.katalon.core.webui.keyword.internal.WebUIKeywordMain.runKeyword(WebUIKeywordMain.groovy:20)
	... 20 more


14-12-2023T23:49:17 - [TEST_STEP][PASSED] - openBrowser(""): Browser is opened with url: ''

14-12-2023T23:49:17 - [MESSAGE][WARNING] - A browser is already opened. Closing browser and opening a new one

14-12-2023T23:49:19 - [MESSAGE][INFO] - Starting 'Firefox' driver

14-12-2023T23:49:19 - [MESSAGE][INFO] - Action delay is set to 0 milliseconds

14-12-2023T23:49:25 - [MESSAGE][PASSED] - Browser is opened with url: ''

14-12-2023T23:49:25 - [TEST_STEP][PASSED] - navigateToUrl("https://hospitalb.com/login"): Navigate to 'https://hospitalb.com/login' successfully

14-12-2023T23:49:29 - [MESSAGE][PASSED] - Navigate to 'https://hospitalb.com/login' successfully

14-12-2023T23:49:29 - [TEST_STEP][PASSED] - setText(findTestObject("Object Repository/Page_Demo Hospital/input_email"), ""): Text '' is set on object 'Object Repository/Page_Demo Hospital/input_email'

14-12-2023T23:49:30 - [MESSAGE][PASSED] - Text '' is set on object 'Object Repository/Page_Demo Hospital/input_email'

14-12-2023T23:49:30 - [TEST_STEP][PASSED] - setText(findTestObject("Object Repository/Page_Demo Hospital/input_password"), "123456"): Text '123456' is set on object 'Object Repository/Page_Demo Hospital/input_password'

14-12-2023T23:49:30 - [MESSAGE][PASSED] - Text '123456' is set on object 'Object Repository/Page_Demo Hospital/input_password'

14-12-2023T23:49:30 - [TEST_STEP][FAILED] - click(findTestObject("Object Repository/Page_Demo Hospital/input_Search_form-control input-sm")): Unable to click on object 'Object Repository/Page_Demo Hospital/input_Search_form-control input-sm' (Root cause: com.kms.katalon.core.exception.StepFailedException: Unable to click on object 'Object Repository/Page_Demo Hospital/input_Search_form-control input-sm'
	at com.kms.katalon.core.webui.keyword.internal.WebUIKeywordMain.stepFailed(WebUIKeywordMain.groovy:64)
	at com.kms.katalon.core.webui.keyword.internal.WebUIKeywordMain.runKeyword(WebUIKeywordMain.groovy:26)
	at com.kms.katalon.core.webui.keyword.builtin.ClickKeyword.click(ClickKeyword.groovy:74)
	at com.kms.katalon.core.webui.keyword.builtin.ClickKeyword.execute(ClickKeyword.groovy:40)
	at com.kms.katalon.core.keyword.internal.KeywordExecutor.executeKeywordForPlatform(KeywordExecutor.groovy:74)
	at com.kms.katalon.core.webui.keyword.WebUiBuiltInKeywords.click(WebUiBuiltInKeywords.groovy:659)
	at Login - Invalid -Id - Blank.run(Login - Invalid -Id - Blank:28)
	at com.kms.katalon.core.main.ScriptEngine.run(ScriptEngine.java:194)
	at com.kms.katalon.core.main.ScriptEngine.runScriptAsRawText(ScriptEngine.java:119)
	at com.kms.katalon.core.main.TestCaseExecutor.runScript(TestCaseExecutor.java:448)
	at com.kms.katalon.core.main.TestCaseExecutor.doExecute(TestCaseExecutor.java:439)
	at com.kms.katalon.core.main.TestCaseExecutor.processExecutionPhase(TestCaseExecutor.java:418)
	at com.kms.katalon.core.main.TestCaseExecutor.accessMainPhase(TestCaseExecutor.java:410)
	at com.kms.katalon.core.main.TestCaseExecutor.execute(TestCaseExecutor.java:285)
	at com.kms.katalon.core.common.CommonExecutor.accessTestCaseMainPhase(CommonExecutor.java:65)
	at com.kms.katalon.core.main.TestSuiteExecutor.accessTestSuiteMainPhase(TestSuiteExecutor.java:148)
	at com.kms.katalon.core.main.TestSuiteExecutor.execute(TestSuiteExecutor.java:106)
	at com.kms.katalon.core.main.TestCaseMain.startTestSuite(TestCaseMain.java:180)
	at TempTestSuite1702577801200.run(TempTestSuite1702577801200.groovy:36)
	at java.base/jdk.internal.reflect.NativeMethodAccessorImpl.invoke0(Native Method)
	at java.base/jdk.internal.reflect.NativeMethodAccessorImpl.invoke(NativeMethodAccessorImpl.java:77)
	at java.base/jdk.internal.reflect.DelegatingMethodAccessorImpl.invoke(DelegatingMethodAccessorImpl.java:43)
Caused by: org.openqa.selenium.ElementNotInteractableException: Element <input name="_token" type="hidden"> could not be scrolled into view
Build info: version: '3.141.59', revision: 'e82be7d358', time: '2018-11-14T08:25:53'
System info: host: 'DESKTOP-28CK1DU', ip: '172.29.16.1', os.name: 'Windows 10', os.arch: 'amd64', os.version: '10.0', java.version: '17.0.7'
Driver info: com.kms.katalon.core.webui.driver.firefox.CGeckoDriver
Capabilities {acceptInsecureCerts: true, browserName: firefox, browserVersion: 120.0.1, javascriptEnabled: true, moz:accessibilityChecks: false, moz:buildID: 20231129155202, moz:geckodriverVersion: 0.33.0, moz:headless: false, moz:platformVersion: 10.0, moz:processID: 23500, moz:profile: C:\Users\ADMIN\AppData\Loca..., moz:shutdownTimeout: 60000, moz:webdriverClick: true, moz:windowless: false, pageLoadStrategy: normal, platform: WINDOWS, platformName: WINDOWS, proxy: Proxy(direct), setWindowRect: true, strictFileInteractability: false, timeouts: {implicit: 0, pageLoad: 300000, script: 30000}, unhandledPromptBehavior: dismiss and notify}
Session ID: ff71bb53-d7e5-44de-b0cd-a73f83214589
	at java.base/jdk.internal.reflect.NativeConstructorAccessorImpl.newInstance0(Native Method)
	at java.base/jdk.internal.reflect.NativeConstructorAccessorImpl.newInstance(NativeConstructorAccessorImpl.java:77)
	at java.base/jdk.internal.reflect.DelegatingConstructorAccessorImpl.newInstance(DelegatingConstructorAccessorImpl.java:45)
	at org.openqa.selenium.remote.http.W3CHttpResponseCodec.createException(W3CHttpResponseCodec.java:187)
	at org.openqa.selenium.remote.http.W3CHttpResponseCodec.decode(W3CHttpResponseCodec.java:122)
	at org.openqa.selenium.remote.http.W3CHttpResponseCodec.decode(W3CHttpResponseCodec.java:49)
	at org.openqa.selenium.remote.HttpCommandExecutor.execute(HttpCommandExecutor.java:158)
	at org.openqa.selenium.remote.service.DriverCommandExecutor.execute(DriverCommandExecutor.java:83)
	at org.openqa.selenium.remote.RemoteWebDriver.execute(RemoteWebDriver.java:552)
	at com.kms.katalon.selenium.driver.CFirefoxDriver.execute(CFirefoxDriver.java:28)
	at org.openqa.selenium.remote.RemoteWebElement.execute(RemoteWebElement.java:285)
	at org.openqa.selenium.remote.RemoteWebElement.click(RemoteWebElement.java:84)
	at java.base/jdk.internal.reflect.NativeMethodAccessorImpl.invoke0(Native Method)
	at java.base/jdk.internal.reflect.NativeMethodAccessorImpl.invoke(NativeMethodAccessorImpl.java:77)
	at java.base/jdk.internal.reflect.DelegatingMethodAccessorImpl.invoke(DelegatingMethodAccessorImpl.java:43)
	at org.openqa.selenium.support.events.EventFiringWebDriver$EventFiringWebElement.lambda$new$0(EventFiringWebDriver.java:404)
	at jdk.proxy2/jdk.proxy2.$Proxy24.click(Unknown Source)
	at org.openqa.selenium.support.events.EventFiringWebDriver$EventFiringWebElement.click(EventFiringWebDriver.java:417)
	at org.openqa.selenium.WebElement$click.call(Unknown Source)
	at com.kms.katalon.core.webui.keyword.builtin.ClickKeyword.clickUntilSuccessWithTimeout(ClickKeyword.groovy:81)
	at com.kms.katalon.core.webui.keyword.builtin.ClickKeyword.clickUntilSuccessWithTimeout(ClickKeyword.groovy)
	at java.base/jdk.internal.reflect.NativeMethodAccessorImpl.invoke0(Native Method)
	at java.base/jdk.internal.reflect.NativeMethodAccessorImpl.invoke(NativeMethodAccessorImpl.java:77)
	at java.base/jdk.internal.reflect.DelegatingMethodAccessorImpl.invoke(DelegatingMethodAccessorImpl.java:43)
	at com.kms.katalon.core.webui.keyword.builtin.ClickKeyword$_click_closure1.doCall(ClickKeyword.groovy:67)
	at com.kms.katalon.core.webui.keyword.builtin.ClickKeyword$_click_closure1.call(ClickKeyword.groovy)
	at com.kms.katalon.core.webui.keyword.internal.WebUIKeywordMain.runKeyword(WebUIKeywordMain.groovy:20)
	at com.kms.katalon.core.webui.keyword.builtin.ClickKeyword.click(ClickKeyword.groovy:74)
	at com.kms.katalon.core.webui.keyword.builtin.ClickKeyword.execute(ClickKeyword.groovy:40)
	at com.kms.katalon.core.keyword.internal.KeywordExecutor.executeKeywordForPlatform(KeywordExecutor.groovy:74)
	at com.kms.katalon.core.webui.keyword.WebUiBuiltInKeywords.click(WebUiBuiltInKeywords.groovy:659)
	at Script1702572449611.run(Script1702572449611.groovy:28)
	... 15 more
)

14-12-2023T23:50:02 - [MESSAGE][INFO] - Unable to find the element located by 'By.xpath: //input[@type='search']'. Please recheck the objects properties to make sure the desired element is located. 

14-12-2023T23:50:02 - [MESSAGE][WARNING] - [SELF-HEALING] Failed to find element with id 'Object Repository/Page_Demo Hospital/input_Search_form-control input-sm'. Try using Self-healing.

14-12-2023T23:50:02 - [MESSAGE][WARNING] - [SELF-HEALING] The current locator of test object 'Object Repository/Page_Demo Hospital/input_Search_form-control input-sm' was broken. Propose an alternative one: '//input'.

14-12-2023T23:50:02 - [MESSAGE][FAILED] - Unable to click on object 'Object Repository/Page_Demo Hospital/input_Search_form-control input-sm' (Root cause: com.kms.katalon.core.exception.StepFailedException: Unable to click on object 'Object Repository/Page_Demo Hospital/input_Search_form-control input-sm'
	at com.kms.katalon.core.webui.keyword.internal.WebUIKeywordMain.stepFailed(WebUIKeywordMain.groovy:64)
	at com.kms.katalon.core.webui.keyword.internal.WebUIKeywordMain.runKeyword(WebUIKeywordMain.groovy:26)
	at com.kms.katalon.core.webui.keyword.builtin.ClickKeyword.click(ClickKeyword.groovy:74)
	at com.kms.katalon.core.webui.keyword.builtin.ClickKeyword.execute(ClickKeyword.groovy:40)
	at com.kms.katalon.core.keyword.internal.KeywordExecutor.executeKeywordForPlatform(KeywordExecutor.groovy:74)
	at com.kms.katalon.core.webui.keyword.WebUiBuiltInKeywords.click(WebUiBuiltInKeywords.groovy:659)
	at Login - Invalid -Id - Blank.run(Login - Invalid -Id - Blank:28)
	at com.kms.katalon.core.main.ScriptEngine.run(ScriptEngine.java:194)
	at com.kms.katalon.core.main.ScriptEngine.runScriptAsRawText(ScriptEngine.java:119)
	at com.kms.katalon.core.main.TestCaseExecutor.runScript(TestCaseExecutor.java:448)
	at com.kms.katalon.core.main.TestCaseExecutor.doExecute(TestCaseExecutor.java:439)
	at com.kms.katalon.core.main.TestCaseExecutor.processExecutionPhase(TestCaseExecutor.java:418)
	at com.kms.katalon.core.main.TestCaseExecutor.accessMainPhase(TestCaseExecutor.java:410)
	at com.kms.katalon.core.main.TestCaseExecutor.execute(TestCaseExecutor.java:285)
	at com.kms.katalon.core.common.CommonExecutor.accessTestCaseMainPhase(CommonExecutor.java:65)
	at com.kms.katalon.core.main.TestSuiteExecutor.accessTestSuiteMainPhase(TestSuiteExecutor.java:148)
	at com.kms.katalon.core.main.TestSuiteExecutor.execute(TestSuiteExecutor.java:106)
	at com.kms.katalon.core.main.TestCaseMain.startTestSuite(TestCaseMain.java:180)
	at TempTestSuite1702577801200.run(TempTestSuite1702577801200.groovy:36)
	at java.base/jdk.internal.reflect.NativeMethodAccessorImpl.invoke0(Native Method)
	at java.base/jdk.internal.reflect.NativeMethodAccessorImpl.invoke(NativeMethodAccessorImpl.java:77)
	at java.base/jdk.internal.reflect.DelegatingMethodAccessorImpl.invoke(DelegatingMethodAccessorImpl.java:43)
Caused by: org.openqa.selenium.ElementNotInteractableException: Element <input name="_token" type="hidden"> could not be scrolled into view
Build info: version: '3.141.59', revision: 'e82be7d358', time: '2018-11-14T08:25:53'
System info: host: 'DESKTOP-28CK1DU', ip: '172.29.16.1', os.name: 'Windows 10', os.arch: 'amd64', os.version: '10.0', java.version: '17.0.7'
Driver info: com.kms.katalon.core.webui.driver.firefox.CGeckoDriver
Capabilities {acceptInsecureCerts: true, browserName: firefox, browserVersion: 120.0.1, javascriptEnabled: true, moz:accessibilityChecks: false, moz:buildID: 20231129155202, moz:geckodriverVersion: 0.33.0, moz:headless: false, moz:platformVersion: 10.0, moz:processID: 23500, moz:profile: C:\Users\ADMIN\AppData\Loca..., moz:shutdownTimeout: 60000, moz:webdriverClick: true, moz:windowless: false, pageLoadStrategy: normal, platform: WINDOWS, platformName: WINDOWS, proxy: Proxy(direct), setWindowRect: true, strictFileInteractability: false, timeouts: {implicit: 0, pageLoad: 300000, script: 30000}, unhandledPromptBehavior: dismiss and notify}
Session ID: ff71bb53-d7e5-44de-b0cd-a73f83214589
	at java.base/jdk.internal.reflect.NativeConstructorAccessorImpl.newInstance0(Native Method)
	at java.base/jdk.internal.reflect.NativeConstructorAccessorImpl.newInstance(NativeConstructorAccessorImpl.java:77)
	at java.base/jdk.internal.reflect.DelegatingConstructorAccessorImpl.newInstance(DelegatingConstructorAccessorImpl.java:45)
	at org.openqa.selenium.remote.http.W3CHttpResponseCodec.createException(W3CHttpResponseCodec.java:187)
	at org.openqa.selenium.remote.http.W3CHttpResponseCodec.decode(W3CHttpResponseCodec.java:122)
	at org.openqa.selenium.remote.http.W3CHttpResponseCodec.decode(W3CHttpResponseCodec.java:49)
	at org.openqa.selenium.remote.HttpCommandExecutor.execute(HttpCommandExecutor.java:158)
	at org.openqa.selenium.remote.service.DriverCommandExecutor.execute(DriverCommandExecutor.java:83)
	at org.openqa.selenium.remote.RemoteWebDriver.execute(RemoteWebDriver.java:552)
	at com.kms.katalon.selenium.driver.CFirefoxDriver.execute(CFirefoxDriver.java:28)
	at org.openqa.selenium.remote.RemoteWebElement.execute(RemoteWebElement.java:285)
	at org.openqa.selenium.remote.RemoteWebElement.click(RemoteWebElement.java:84)
	at java.base/jdk.internal.reflect.NativeMethodAccessorImpl.invoke0(Native Method)
	at java.base/jdk.internal.reflect.NativeMethodAccessorImpl.invoke(NativeMethodAccessorImpl.java:77)
	at java.base/jdk.internal.reflect.DelegatingMethodAccessorImpl.invoke(DelegatingMethodAccessorImpl.java:43)
	at org.openqa.selenium.support.events.EventFiringWebDriver$EventFiringWebElement.lambda$new$0(EventFiringWebDriver.java:404)
	at jdk.proxy2/jdk.proxy2.$Proxy24.click(Unknown Source)
	at org.openqa.selenium.support.events.EventFiringWebDriver$EventFiringWebElement.click(EventFiringWebDriver.java:417)
	at org.openqa.selenium.WebElement$click.call(Unknown Source)
	at com.kms.katalon.core.webui.keyword.builtin.ClickKeyword.clickUntilSuccessWithTimeout(ClickKeyword.groovy:81)
	at com.kms.katalon.core.webui.keyword.builtin.ClickKeyword.clickUntilSuccessWithTimeout(ClickKeyword.groovy)
	at java.base/jdk.internal.reflect.NativeMethodAccessorImpl.invoke0(Native Method)
	at java.base/jdk.internal.reflect.NativeMethodAccessorImpl.invoke(NativeMethodAccessorImpl.java:77)
	at java.base/jdk.internal.reflect.DelegatingMethodAccessorImpl.invoke(DelegatingMethodAccessorImpl.java:43)
	at com.kms.katalon.core.webui.keyword.builtin.ClickKeyword$_click_closure1.doCall(ClickKeyword.groovy:67)
	at com.kms.katalon.core.webui.keyword.builtin.ClickKeyword$_click_closure1.call(ClickKeyword.groovy)
	at com.kms.katalon.core.webui.keyword.internal.WebUIKeywordMain.runKeyword(WebUIKeywordMain.groovy:20)
	at com.kms.katalon.core.webui.keyword.builtin.ClickKeyword.click(ClickKeyword.groovy:74)
	at com.kms.katalon.core.webui.keyword.builtin.ClickKeyword.execute(ClickKeyword.groovy:40)
	at com.kms.katalon.core.keyword.internal.KeywordExecutor.executeKeywordForPlatform(KeywordExecutor.groovy:74)
	at com.kms.katalon.core.webui.keyword.WebUiBuiltInKeywords.click(WebUiBuiltInKeywords.groovy:659)
	at Script1702572449611.run(Script1702572449611.groovy:28)
	... 15 more
)
[[ATTACHMENT|C:\\Users\\ADMIN\\Katalon Studio\\My First Project\\Reports\\20231214_234641\\Common_regression\\20231214_234641\\1702578002504.png]]]]></system-out>
         <system-err><![CDATA[14-12-2023T23:49:17 - [TEST_CASE][FAILED] - Test Cases/Common Test/Login - Invalid -Id - Blank: Test Cases/Common Test/Login - Invalid -Id - Blank FAILED.
Reason:
com.kms.katalon.core.exception.StepFailedException: Unable to click on object 'Object Repository/Page_Demo Hospital/input_Search_form-control input-sm'
	at com.kms.katalon.core.webui.keyword.internal.WebUIKeywordMain.stepFailed(WebUIKeywordMain.groovy:64)
	at com.kms.katalon.core.webui.keyword.internal.WebUIKeywordMain.runKeyword(WebUIKeywordMain.groovy:26)
	at com.kms.katalon.core.webui.keyword.builtin.ClickKeyword.click(ClickKeyword.groovy:74)
	at com.kms.katalon.core.webui.keyword.builtin.ClickKeyword.execute(ClickKeyword.groovy:40)
	at com.kms.katalon.core.keyword.internal.KeywordExecutor.executeKeywordForPlatform(KeywordExecutor.groovy:74)
	at com.kms.katalon.core.webui.keyword.WebUiBuiltInKeywords.click(WebUiBuiltInKeywords.groovy:659)
	at Login - Invalid -Id - Blank.run(Login - Invalid -Id - Blank:28)
	at com.kms.katalon.core.main.ScriptEngine.run(ScriptEngine.java:194)
	at com.kms.katalon.core.main.ScriptEngine.runScriptAsRawText(ScriptEngine.java:119)
	at com.kms.katalon.core.main.TestCaseExecutor.runScript(TestCaseExecutor.java:448)
	at com.kms.katalon.core.main.TestCaseExecutor.doExecute(TestCaseExecutor.java:439)
	at com.kms.katalon.core.main.TestCaseExecutor.processExecutionPhase(TestCaseExecutor.java:418)
	at com.kms.katalon.core.main.TestCaseExecutor.accessMainPhase(TestCaseExecutor.java:410)
	at com.kms.katalon.core.main.TestCaseExecutor.execute(TestCaseExecutor.java:285)
	at com.kms.katalon.core.common.CommonExecutor.accessTestCaseMainPhase(CommonExecutor.java:65)
	at com.kms.katalon.core.main.TestSuiteExecutor.accessTestSuiteMainPhase(TestSuiteExecutor.java:148)
	at com.kms.katalon.core.main.TestSuiteExecutor.execute(TestSuiteExecutor.java:106)
	at com.kms.katalon.core.main.TestCaseMain.startTestSuite(TestCaseMain.java:180)
	at TempTestSuite1702577801200.run(TempTestSuite1702577801200.groovy:36)
	at java.base/jdk.internal.reflect.NativeMethodAccessorImpl.invoke0(Native Method)
	at java.base/jdk.internal.reflect.NativeMethodAccessorImpl.invoke(NativeMethodAccessorImpl.java:77)
	at java.base/jdk.internal.reflect.DelegatingMethodAccessorImpl.invoke(DelegatingMethodAccessorImpl.java:43)
Caused by: org.openqa.selenium.ElementNotInteractableException: Element <input name="_token" type="hidden"> could not be scrolled into view
Build info: version: '3.141.59', revision: 'e82be7d358', time: '2018-11-14T08:25:53'
System info: host: 'DESKTOP-28CK1DU', ip: '172.29.16.1', os.name: 'Windows 10', os.arch: 'amd64', os.version: '10.0', java.version: '17.0.7'
Driver info: com.kms.katalon.core.webui.driver.firefox.CGeckoDriver
Capabilities {acceptInsecureCerts: true, browserName: firefox, browserVersion: 120.0.1, javascriptEnabled: true, moz:accessibilityChecks: false, moz:buildID: 20231129155202, moz:geckodriverVersion: 0.33.0, moz:headless: false, moz:platformVersion: 10.0, moz:processID: 23500, moz:profile: C:\Users\ADMIN\AppData\Loca..., moz:shutdownTimeout: 60000, moz:webdriverClick: true, moz:windowless: false, pageLoadStrategy: normal, platform: WINDOWS, platformName: WINDOWS, proxy: Proxy(direct), setWindowRect: true, strictFileInteractability: false, timeouts: {implicit: 0, pageLoad: 300000, script: 30000}, unhandledPromptBehavior: dismiss and notify}
Session ID: ff71bb53-d7e5-44de-b0cd-a73f83214589
	at java.base/jdk.internal.reflect.NativeConstructorAccessorImpl.newInstance0(Native Method)
	at java.base/jdk.internal.reflect.NativeConstructorAccessorImpl.newInstance(NativeConstructorAccessorImpl.java:77)
	at java.base/jdk.internal.reflect.DelegatingConstructorAccessorImpl.newInstance(DelegatingConstructorAccessorImpl.java:45)
	at org.openqa.selenium.remote.http.W3CHttpResponseCodec.createException(W3CHttpResponseCodec.java:187)
	at org.openqa.selenium.remote.http.W3CHttpResponseCodec.decode(W3CHttpResponseCodec.java:122)
	at org.openqa.selenium.remote.http.W3CHttpResponseCodec.decode(W3CHttpResponseCodec.java:49)
	at org.openqa.selenium.remote.HttpCommandExecutor.execute(HttpCommandExecutor.java:158)
	at org.openqa.selenium.remote.service.DriverCommandExecutor.execute(DriverCommandExecutor.java:83)
	at org.openqa.selenium.remote.RemoteWebDriver.execute(RemoteWebDriver.java:552)
	at com.kms.katalon.selenium.driver.CFirefoxDriver.execute(CFirefoxDriver.java:28)
	at org.openqa.selenium.remote.RemoteWebElement.execute(RemoteWebElement.java:285)
	at org.openqa.selenium.remote.RemoteWebElement.click(RemoteWebElement.java:84)
	at java.base/jdk.internal.reflect.NativeMethodAccessorImpl.invoke0(Native Method)
	at java.base/jdk.internal.reflect.NativeMethodAccessorImpl.invoke(NativeMethodAccessorImpl.java:77)
	at java.base/jdk.internal.reflect.DelegatingMethodAccessorImpl.invoke(DelegatingMethodAccessorImpl.java:43)
	at org.openqa.selenium.support.events.EventFiringWebDriver$EventFiringWebElement.lambda$new$0(EventFiringWebDriver.java:404)
	at jdk.proxy2/jdk.proxy2.$Proxy24.click(Unknown Source)
	at org.openqa.selenium.support.events.EventFiringWebDriver$EventFiringWebElement.click(EventFiringWebDriver.java:417)
	at org.openqa.selenium.WebElement$click.call(Unknown Source)
	at com.kms.katalon.core.webui.keyword.builtin.ClickKeyword.clickUntilSuccessWithTimeout(ClickKeyword.groovy:81)
	at com.kms.katalon.core.webui.keyword.builtin.ClickKeyword.clickUntilSuccessWithTimeout(ClickKeyword.groovy)
	at java.base/jdk.internal.reflect.NativeMethodAccessorImpl.invoke0(Native Method)
	at java.base/jdk.internal.reflect.NativeMethodAccessorImpl.invoke(NativeMethodAccessorImpl.java:77)
	at java.base/jdk.internal.reflect.DelegatingMethodAccessorImpl.invoke(DelegatingMethodAccessorImpl.java:43)
	at com.kms.katalon.core.webui.keyword.builtin.ClickKeyword$_click_closure1.doCall(ClickKeyword.groovy:67)
	at com.kms.katalon.core.webui.keyword.builtin.ClickKeyword$_click_closure1.call(ClickKeyword.groovy)
	at com.kms.katalon.core.webui.keyword.internal.WebUIKeywordMain.runKeyword(WebUIKeywordMain.groovy:20)
	... 20 more]]></system-err>
      </testcase>
      <testcase name="Test Cases/Common Test/Login - Invalid -Pass - Blank" time="44.925" classname="Test Cases/Common Test/Login - Invalid -Pass - Blank" status="FAILED">
         <failure type="FAILED" message="Test Cases/Common Test/Login - Invalid -Pass - Blank FAILED.&#xa;Reason:&#xa;com.kms.katalon.core.exception.StepFailedException: Unable to click on object 'Object Repository/Page_Demo Hospital/input_Search_form-control input-sm'&#xa;	at com.kms.katalon.core.webui.keyword.internal.WebUIKeywordMain.stepFailed(WebUIKeywordMain.groovy:64)&#xa;	at com.kms.katalon.core.webui.keyword.internal.WebUIKeywordMain.runKeyword(WebUIKeywordMain.groovy:26)&#xa;	at com.kms.katalon.core.webui.keyword.builtin.ClickKeyword.click(ClickKeyword.groovy:74)&#xa;	at com.kms.katalon.core.webui.keyword.builtin.ClickKeyword.execute(ClickKeyword.groovy:40)&#xa;	at com.kms.katalon.core.keyword.internal.KeywordExecutor.executeKeywordForPlatform(KeywordExecutor.groovy:74)&#xa;	at com.kms.katalon.core.webui.keyword.WebUiBuiltInKeywords.click(WebUiBuiltInKeywords.groovy:659)&#xa;	at Login - Invalid -Pass - Blank.run(Login - Invalid -Pass - Blank:28)&#xa;	at com.kms.katalon.core.main.ScriptEngine.run(ScriptEngine.java:194)&#xa;	at com.kms.katalon.core.main.ScriptEngine.runScriptAsRawText(ScriptEngine.java:119)&#xa;	at com.kms.katalon.core.main.TestCaseExecutor.runScript(TestCaseExecutor.java:448)&#xa;	at com.kms.katalon.core.main.TestCaseExecutor.doExecute(TestCaseExecutor.java:439)&#xa;	at com.kms.katalon.core.main.TestCaseExecutor.processExecutionPhase(TestCaseExecutor.java:418)&#xa;	at com.kms.katalon.core.main.TestCaseExecutor.accessMainPhase(TestCaseExecutor.java:410)&#xa;	at com.kms.katalon.core.main.TestCaseExecutor.execute(TestCaseExecutor.java:285)&#xa;	at com.kms.katalon.core.common.CommonExecutor.accessTestCaseMainPhase(CommonExecutor.java:65)&#xa;	at com.kms.katalon.core.main.TestSuiteExecutor.accessTestSuiteMainPhase(TestSuiteExecutor.java:148)&#xa;	at com.kms.katalon.core.main.TestSuiteExecutor.execute(TestSuiteExecutor.java:106)&#xa;	at com.kms.katalon.core.main.TestCaseMain.startTestSuite(TestCaseMain.java:180)&#xa;	at TempTestSuite1702577801200.run(TempTestSuite1702577801200.groovy:36)&#xa;	at java.base/jdk.internal.reflect.NativeMethodAccessorImpl.invoke0(Native Method)&#xa;	at java.base/jdk.internal.reflect.NativeMethodAccessorImpl.invoke(NativeMethodAccessorImpl.java:77)&#xa;	at java.base/jdk.internal.reflect.DelegatingMethodAccessorImpl.invoke(DelegatingMethodAccessorImpl.java:43)&#xa;Caused by: org.openqa.selenium.ElementNotInteractableException: Element &lt;input name=&quot;_token&quot; type=&quot;hidden&quot;> could not be scrolled into view&#xa;Build info: version: '3.141.59', revision: 'e82be7d358', time: '2018-11-14T08:25:53'&#xa;System info: host: 'DESKTOP-28CK1DU', ip: '172.29.16.1', os.name: 'Windows 10', os.arch: 'amd64', os.version: '10.0', java.version: '17.0.7'&#xa;Driver info: com.kms.katalon.core.webui.driver.firefox.CGeckoDriver&#xa;Capabilities {acceptInsecureCerts: true, browserName: firefox, browserVersion: 120.0.1, javascriptEnabled: true, moz:accessibilityChecks: false, moz:buildID: 20231129155202, moz:geckodriverVersion: 0.33.0, moz:headless: false, moz:platformVersion: 10.0, moz:processID: 16768, moz:profile: C:\Users\ADMIN\AppData\Loca..., moz:shutdownTimeout: 60000, moz:webdriverClick: true, moz:windowless: false, pageLoadStrategy: normal, platform: WINDOWS, platformName: WINDOWS, proxy: Proxy(direct), setWindowRect: true, strictFileInteractability: false, timeouts: {implicit: 0, pageLoad: 300000, script: 30000}, unhandledPromptBehavior: dismiss and notify}&#xa;Session ID: ae653373-fd39-4b13-974a-32a5060452ef&#xa;	at java.base/jdk.internal.reflect.NativeConstructorAccessorImpl.newInstance0(Native Method)&#xa;	at java.base/jdk.internal.reflect.NativeConstructorAccessorImpl.newInstance(NativeConstructorAccessorImpl.java:77)&#xa;	at java.base/jdk.internal.reflect.DelegatingConstructorAccessorImpl.newInstance(DelegatingConstructorAccessorImpl.java:45)&#xa;	at org.openqa.selenium.remote.http.W3CHttpResponseCodec.createException(W3CHttpResponseCodec.java:187)&#xa;	at org.openqa.selenium.remote.http.W3CHttpResponseCodec.decode(W3CHttpResponseCodec.java:122)&#xa;	at org.openqa.selenium.remote.http.W3CHttpResponseCodec.decode(W3CHttpResponseCodec.java:49)&#xa;	at org.openqa.selenium.remote.HttpCommandExecutor.execute(HttpCommandExecutor.java:158)&#xa;	at org.openqa.selenium.remote.service.DriverCommandExecutor.execute(DriverCommandExecutor.java:83)&#xa;	at org.openqa.selenium.remote.RemoteWebDriver.execute(RemoteWebDriver.java:552)&#xa;	at com.kms.katalon.selenium.driver.CFirefoxDriver.execute(CFirefoxDriver.java:28)&#xa;	at org.openqa.selenium.remote.RemoteWebElement.execute(RemoteWebElement.java:285)&#xa;	at org.openqa.selenium.remote.RemoteWebElement.click(RemoteWebElement.java:84)&#xa;	at java.base/jdk.internal.reflect.NativeMethodAccessorImpl.invoke0(Native Method)&#xa;	at java.base/jdk.internal.reflect.NativeMethodAccessorImpl.invoke(NativeMethodAccessorImpl.java:77)&#xa;	at java.base/jdk.internal.reflect.DelegatingMethodAccessorImpl.invoke(DelegatingMethodAccessorImpl.java:43)&#xa;	at org.openqa.selenium.support.events.EventFiringWebDriver$EventFiringWebElement.lambda$new$0(EventFiringWebDriver.java:404)&#xa;	at jdk.proxy2/jdk.proxy2.$Proxy24.click(Unknown Source)&#xa;	at org.openqa.selenium.support.events.EventFiringWebDriver$EventFiringWebElement.click(EventFiringWebDriver.java:417)&#xa;	at org.openqa.selenium.WebElement$click.call(Unknown Source)&#xa;	at com.kms.katalon.core.webui.keyword.builtin.ClickKeyword.clickUntilSuccessWithTimeout(ClickKeyword.groovy:81)&#xa;	at com.kms.katalon.core.webui.keyword.builtin.ClickKeyword.clickUntilSuccessWithTimeout(ClickKeyword.groovy)&#xa;	at java.base/jdk.internal.reflect.NativeMethodAccessorImpl.invoke0(Native Method)&#xa;	at java.base/jdk.internal.reflect.NativeMethodAccessorImpl.invoke(NativeMethodAccessorImpl.java:77)&#xa;	at java.base/jdk.internal.reflect.DelegatingMethodAccessorImpl.invoke(DelegatingMethodAccessorImpl.java:43)&#xa;	at com.kms.katalon.core.webui.keyword.builtin.ClickKeyword$_click_closure1.doCall(ClickKeyword.groovy:67)&#xa;	at com.kms.katalon.core.webui.keyword.builtin.ClickKeyword$_click_closure1.call(ClickKeyword.groovy)&#xa;	at com.kms.katalon.core.webui.keyword.internal.WebUIKeywordMain.runKeyword(WebUIKeywordMain.groovy:20)&#xa;	... 20 more&#xa;"/>
         <system-out><![CDATA[14-12-2023T23:50:02 - [TEST_CASE][FAILED] - Test Cases/Common Test/Login - Invalid -Pass - Blank: Test Cases/Common Test/Login - Invalid -Pass - Blank FAILED.
Reason:
com.kms.katalon.core.exception.StepFailedException: Unable to click on object 'Object Repository/Page_Demo Hospital/input_Search_form-control input-sm'
	at com.kms.katalon.core.webui.keyword.internal.WebUIKeywordMain.stepFailed(WebUIKeywordMain.groovy:64)
	at com.kms.katalon.core.webui.keyword.internal.WebUIKeywordMain.runKeyword(WebUIKeywordMain.groovy:26)
	at com.kms.katalon.core.webui.keyword.builtin.ClickKeyword.click(ClickKeyword.groovy:74)
	at com.kms.katalon.core.webui.keyword.builtin.ClickKeyword.execute(ClickKeyword.groovy:40)
	at com.kms.katalon.core.keyword.internal.KeywordExecutor.executeKeywordForPlatform(KeywordExecutor.groovy:74)
	at com.kms.katalon.core.webui.keyword.WebUiBuiltInKeywords.click(WebUiBuiltInKeywords.groovy:659)
	at Login - Invalid -Pass - Blank.run(Login - Invalid -Pass - Blank:28)
	at com.kms.katalon.core.main.ScriptEngine.run(ScriptEngine.java:194)
	at com.kms.katalon.core.main.ScriptEngine.runScriptAsRawText(ScriptEngine.java:119)
	at com.kms.katalon.core.main.TestCaseExecutor.runScript(TestCaseExecutor.java:448)
	at com.kms.katalon.core.main.TestCaseExecutor.doExecute(TestCaseExecutor.java:439)
	at com.kms.katalon.core.main.TestCaseExecutor.processExecutionPhase(TestCaseExecutor.java:418)
	at com.kms.katalon.core.main.TestCaseExecutor.accessMainPhase(TestCaseExecutor.java:410)
	at com.kms.katalon.core.main.TestCaseExecutor.execute(TestCaseExecutor.java:285)
	at com.kms.katalon.core.common.CommonExecutor.accessTestCaseMainPhase(CommonExecutor.java:65)
	at com.kms.katalon.core.main.TestSuiteExecutor.accessTestSuiteMainPhase(TestSuiteExecutor.java:148)
	at com.kms.katalon.core.main.TestSuiteExecutor.execute(TestSuiteExecutor.java:106)
	at com.kms.katalon.core.main.TestCaseMain.startTestSuite(TestCaseMain.java:180)
	at TempTestSuite1702577801200.run(TempTestSuite1702577801200.groovy:36)
	at java.base/jdk.internal.reflect.NativeMethodAccessorImpl.invoke0(Native Method)
	at java.base/jdk.internal.reflect.NativeMethodAccessorImpl.invoke(NativeMethodAccessorImpl.java:77)
	at java.base/jdk.internal.reflect.DelegatingMethodAccessorImpl.invoke(DelegatingMethodAccessorImpl.java:43)
Caused by: org.openqa.selenium.ElementNotInteractableException: Element <input name="_token" type="hidden"> could not be scrolled into view
Build info: version: '3.141.59', revision: 'e82be7d358', time: '2018-11-14T08:25:53'
System info: host: 'DESKTOP-28CK1DU', ip: '172.29.16.1', os.name: 'Windows 10', os.arch: 'amd64', os.version: '10.0', java.version: '17.0.7'
Driver info: com.kms.katalon.core.webui.driver.firefox.CGeckoDriver
Capabilities {acceptInsecureCerts: true, browserName: firefox, browserVersion: 120.0.1, javascriptEnabled: true, moz:accessibilityChecks: false, moz:buildID: 20231129155202, moz:geckodriverVersion: 0.33.0, moz:headless: false, moz:platformVersion: 10.0, moz:processID: 16768, moz:profile: C:\Users\ADMIN\AppData\Loca..., moz:shutdownTimeout: 60000, moz:webdriverClick: true, moz:windowless: false, pageLoadStrategy: normal, platform: WINDOWS, platformName: WINDOWS, proxy: Proxy(direct), setWindowRect: true, strictFileInteractability: false, timeouts: {implicit: 0, pageLoad: 300000, script: 30000}, unhandledPromptBehavior: dismiss and notify}
Session ID: ae653373-fd39-4b13-974a-32a5060452ef
	at java.base/jdk.internal.reflect.NativeConstructorAccessorImpl.newInstance0(Native Method)
	at java.base/jdk.internal.reflect.NativeConstructorAccessorImpl.newInstance(NativeConstructorAccessorImpl.java:77)
	at java.base/jdk.internal.reflect.DelegatingConstructorAccessorImpl.newInstance(DelegatingConstructorAccessorImpl.java:45)
	at org.openqa.selenium.remote.http.W3CHttpResponseCodec.createException(W3CHttpResponseCodec.java:187)
	at org.openqa.selenium.remote.http.W3CHttpResponseCodec.decode(W3CHttpResponseCodec.java:122)
	at org.openqa.selenium.remote.http.W3CHttpResponseCodec.decode(W3CHttpResponseCodec.java:49)
	at org.openqa.selenium.remote.HttpCommandExecutor.execute(HttpCommandExecutor.java:158)
	at org.openqa.selenium.remote.service.DriverCommandExecutor.execute(DriverCommandExecutor.java:83)
	at org.openqa.selenium.remote.RemoteWebDriver.execute(RemoteWebDriver.java:552)
	at com.kms.katalon.selenium.driver.CFirefoxDriver.execute(CFirefoxDriver.java:28)
	at org.openqa.selenium.remote.RemoteWebElement.execute(RemoteWebElement.java:285)
	at org.openqa.selenium.remote.RemoteWebElement.click(RemoteWebElement.java:84)
	at java.base/jdk.internal.reflect.NativeMethodAccessorImpl.invoke0(Native Method)
	at java.base/jdk.internal.reflect.NativeMethodAccessorImpl.invoke(NativeMethodAccessorImpl.java:77)
	at java.base/jdk.internal.reflect.DelegatingMethodAccessorImpl.invoke(DelegatingMethodAccessorImpl.java:43)
	at org.openqa.selenium.support.events.EventFiringWebDriver$EventFiringWebElement.lambda$new$0(EventFiringWebDriver.java:404)
	at jdk.proxy2/jdk.proxy2.$Proxy24.click(Unknown Source)
	at org.openqa.selenium.support.events.EventFiringWebDriver$EventFiringWebElement.click(EventFiringWebDriver.java:417)
	at org.openqa.selenium.WebElement$click.call(Unknown Source)
	at com.kms.katalon.core.webui.keyword.builtin.ClickKeyword.clickUntilSuccessWithTimeout(ClickKeyword.groovy:81)
	at com.kms.katalon.core.webui.keyword.builtin.ClickKeyword.clickUntilSuccessWithTimeout(ClickKeyword.groovy)
	at java.base/jdk.internal.reflect.NativeMethodAccessorImpl.invoke0(Native Method)
	at java.base/jdk.internal.reflect.NativeMethodAccessorImpl.invoke(NativeMethodAccessorImpl.java:77)
	at java.base/jdk.internal.reflect.DelegatingMethodAccessorImpl.invoke(DelegatingMethodAccessorImpl.java:43)
	at com.kms.katalon.core.webui.keyword.builtin.ClickKeyword$_click_closure1.doCall(ClickKeyword.groovy:67)
	at com.kms.katalon.core.webui.keyword.builtin.ClickKeyword$_click_closure1.call(ClickKeyword.groovy)
	at com.kms.katalon.core.webui.keyword.internal.WebUIKeywordMain.runKeyword(WebUIKeywordMain.groovy:20)
	... 20 more


14-12-2023T23:50:03 - [TEST_STEP][PASSED] - openBrowser(""): Browser is opened with url: ''

14-12-2023T23:50:03 - [MESSAGE][WARNING] - A browser is already opened. Closing browser and opening a new one

14-12-2023T23:50:05 - [MESSAGE][INFO] - Starting 'Firefox' driver

14-12-2023T23:50:05 - [MESSAGE][INFO] - Action delay is set to 0 milliseconds

14-12-2023T23:50:11 - [MESSAGE][PASSED] - Browser is opened with url: ''

14-12-2023T23:50:11 - [TEST_STEP][PASSED] - navigateToUrl("https://hospitalb.com/login"): Navigate to 'https://hospitalb.com/login' successfully

14-12-2023T23:50:14 - [MESSAGE][PASSED] - Navigate to 'https://hospitalb.com/login' successfully

14-12-2023T23:50:14 - [TEST_STEP][PASSED] - setText(findTestObject("Object Repository/Page_Demo Hospital/input_email"), ID): Text 'admin@gmail.com' is set on object 'Object Repository/Page_Demo Hospital/input_email'

14-12-2023T23:50:15 - [MESSAGE][PASSED] - Text 'admin@gmail.com' is set on object 'Object Repository/Page_Demo Hospital/input_email'

14-12-2023T23:50:15 - [TEST_STEP][PASSED] - setText(findTestObject("Object Repository/Page_Demo Hospital/input_password"), ""): Text '' is set on object 'Object Repository/Page_Demo Hospital/input_password'

14-12-2023T23:50:15 - [MESSAGE][PASSED] - Text '' is set on object 'Object Repository/Page_Demo Hospital/input_password'

14-12-2023T23:50:15 - [TEST_STEP][FAILED] - click(findTestObject("Object Repository/Page_Demo Hospital/input_Search_form-control input-sm")): Unable to click on object 'Object Repository/Page_Demo Hospital/input_Search_form-control input-sm' (Root cause: com.kms.katalon.core.exception.StepFailedException: Unable to click on object 'Object Repository/Page_Demo Hospital/input_Search_form-control input-sm'
	at com.kms.katalon.core.webui.keyword.internal.WebUIKeywordMain.stepFailed(WebUIKeywordMain.groovy:64)
	at com.kms.katalon.core.webui.keyword.internal.WebUIKeywordMain.runKeyword(WebUIKeywordMain.groovy:26)
	at com.kms.katalon.core.webui.keyword.builtin.ClickKeyword.click(ClickKeyword.groovy:74)
	at com.kms.katalon.core.webui.keyword.builtin.ClickKeyword.execute(ClickKeyword.groovy:40)
	at com.kms.katalon.core.keyword.internal.KeywordExecutor.executeKeywordForPlatform(KeywordExecutor.groovy:74)
	at com.kms.katalon.core.webui.keyword.WebUiBuiltInKeywords.click(WebUiBuiltInKeywords.groovy:659)
	at Login - Invalid -Pass - Blank.run(Login - Invalid -Pass - Blank:28)
	at com.kms.katalon.core.main.ScriptEngine.run(ScriptEngine.java:194)
	at com.kms.katalon.core.main.ScriptEngine.runScriptAsRawText(ScriptEngine.java:119)
	at com.kms.katalon.core.main.TestCaseExecutor.runScript(TestCaseExecutor.java:448)
	at com.kms.katalon.core.main.TestCaseExecutor.doExecute(TestCaseExecutor.java:439)
	at com.kms.katalon.core.main.TestCaseExecutor.processExecutionPhase(TestCaseExecutor.java:418)
	at com.kms.katalon.core.main.TestCaseExecutor.accessMainPhase(TestCaseExecutor.java:410)
	at com.kms.katalon.core.main.TestCaseExecutor.execute(TestCaseExecutor.java:285)
	at com.kms.katalon.core.common.CommonExecutor.accessTestCaseMainPhase(CommonExecutor.java:65)
	at com.kms.katalon.core.main.TestSuiteExecutor.accessTestSuiteMainPhase(TestSuiteExecutor.java:148)
	at com.kms.katalon.core.main.TestSuiteExecutor.execute(TestSuiteExecutor.java:106)
	at com.kms.katalon.core.main.TestCaseMain.startTestSuite(TestCaseMain.java:180)
	at TempTestSuite1702577801200.run(TempTestSuite1702577801200.groovy:36)
	at java.base/jdk.internal.reflect.NativeMethodAccessorImpl.invoke0(Native Method)
	at java.base/jdk.internal.reflect.NativeMethodAccessorImpl.invoke(NativeMethodAccessorImpl.java:77)
	at java.base/jdk.internal.reflect.DelegatingMethodAccessorImpl.invoke(DelegatingMethodAccessorImpl.java:43)
Caused by: org.openqa.selenium.ElementNotInteractableException: Element <input name="_token" type="hidden"> could not be scrolled into view
Build info: version: '3.141.59', revision: 'e82be7d358', time: '2018-11-14T08:25:53'
System info: host: 'DESKTOP-28CK1DU', ip: '172.29.16.1', os.name: 'Windows 10', os.arch: 'amd64', os.version: '10.0', java.version: '17.0.7'
Driver info: com.kms.katalon.core.webui.driver.firefox.CGeckoDriver
Capabilities {acceptInsecureCerts: true, browserName: firefox, browserVersion: 120.0.1, javascriptEnabled: true, moz:accessibilityChecks: false, moz:buildID: 20231129155202, moz:geckodriverVersion: 0.33.0, moz:headless: false, moz:platformVersion: 10.0, moz:processID: 16768, moz:profile: C:\Users\ADMIN\AppData\Loca..., moz:shutdownTimeout: 60000, moz:webdriverClick: true, moz:windowless: false, pageLoadStrategy: normal, platform: WINDOWS, platformName: WINDOWS, proxy: Proxy(direct), setWindowRect: true, strictFileInteractability: false, timeouts: {implicit: 0, pageLoad: 300000, script: 30000}, unhandledPromptBehavior: dismiss and notify}
Session ID: ae653373-fd39-4b13-974a-32a5060452ef
	at java.base/jdk.internal.reflect.NativeConstructorAccessorImpl.newInstance0(Native Method)
	at java.base/jdk.internal.reflect.NativeConstructorAccessorImpl.newInstance(NativeConstructorAccessorImpl.java:77)
	at java.base/jdk.internal.reflect.DelegatingConstructorAccessorImpl.newInstance(DelegatingConstructorAccessorImpl.java:45)
	at org.openqa.selenium.remote.http.W3CHttpResponseCodec.createException(W3CHttpResponseCodec.java:187)
	at org.openqa.selenium.remote.http.W3CHttpResponseCodec.decode(W3CHttpResponseCodec.java:122)
	at org.openqa.selenium.remote.http.W3CHttpResponseCodec.decode(W3CHttpResponseCodec.java:49)
	at org.openqa.selenium.remote.HttpCommandExecutor.execute(HttpCommandExecutor.java:158)
	at org.openqa.selenium.remote.service.DriverCommandExecutor.execute(DriverCommandExecutor.java:83)
	at org.openqa.selenium.remote.RemoteWebDriver.execute(RemoteWebDriver.java:552)
	at com.kms.katalon.selenium.driver.CFirefoxDriver.execute(CFirefoxDriver.java:28)
	at org.openqa.selenium.remote.RemoteWebElement.execute(RemoteWebElement.java:285)
	at org.openqa.selenium.remote.RemoteWebElement.click(RemoteWebElement.java:84)
	at java.base/jdk.internal.reflect.NativeMethodAccessorImpl.invoke0(Native Method)
	at java.base/jdk.internal.reflect.NativeMethodAccessorImpl.invoke(NativeMethodAccessorImpl.java:77)
	at java.base/jdk.internal.reflect.DelegatingMethodAccessorImpl.invoke(DelegatingMethodAccessorImpl.java:43)
	at org.openqa.selenium.support.events.EventFiringWebDriver$EventFiringWebElement.lambda$new$0(EventFiringWebDriver.java:404)
	at jdk.proxy2/jdk.proxy2.$Proxy24.click(Unknown Source)
	at org.openqa.selenium.support.events.EventFiringWebDriver$EventFiringWebElement.click(EventFiringWebDriver.java:417)
	at org.openqa.selenium.WebElement$click.call(Unknown Source)
	at com.kms.katalon.core.webui.keyword.builtin.ClickKeyword.clickUntilSuccessWithTimeout(ClickKeyword.groovy:81)
	at com.kms.katalon.core.webui.keyword.builtin.ClickKeyword.clickUntilSuccessWithTimeout(ClickKeyword.groovy)
	at java.base/jdk.internal.reflect.NativeMethodAccessorImpl.invoke0(Native Method)
	at java.base/jdk.internal.reflect.NativeMethodAccessorImpl.invoke(NativeMethodAccessorImpl.java:77)
	at java.base/jdk.internal.reflect.DelegatingMethodAccessorImpl.invoke(DelegatingMethodAccessorImpl.java:43)
	at com.kms.katalon.core.webui.keyword.builtin.ClickKeyword$_click_closure1.doCall(ClickKeyword.groovy:67)
	at com.kms.katalon.core.webui.keyword.builtin.ClickKeyword$_click_closure1.call(ClickKeyword.groovy)
	at com.kms.katalon.core.webui.keyword.internal.WebUIKeywordMain.runKeyword(WebUIKeywordMain.groovy:20)
	at com.kms.katalon.core.webui.keyword.builtin.ClickKeyword.click(ClickKeyword.groovy:74)
	at com.kms.katalon.core.webui.keyword.builtin.ClickKeyword.execute(ClickKeyword.groovy:40)
	at com.kms.katalon.core.keyword.internal.KeywordExecutor.executeKeywordForPlatform(KeywordExecutor.groovy:74)
	at com.kms.katalon.core.webui.keyword.WebUiBuiltInKeywords.click(WebUiBuiltInKeywords.groovy:659)
	at Script1702572738911.run(Script1702572738911.groovy:28)
	... 15 more
)

14-12-2023T23:50:47 - [MESSAGE][INFO] - Unable to find the element located by 'By.xpath: //input[@type='search']'. Please recheck the objects properties to make sure the desired element is located. 

14-12-2023T23:50:47 - [MESSAGE][WARNING] - [SELF-HEALING] Failed to find element with id 'Object Repository/Page_Demo Hospital/input_Search_form-control input-sm'. Try using Self-healing.

14-12-2023T23:50:47 - [MESSAGE][WARNING] - [SELF-HEALING] The current locator of test object 'Object Repository/Page_Demo Hospital/input_Search_form-control input-sm' was broken. Propose an alternative one: '//input'.

14-12-2023T23:50:47 - [MESSAGE][FAILED] - Unable to click on object 'Object Repository/Page_Demo Hospital/input_Search_form-control input-sm' (Root cause: com.kms.katalon.core.exception.StepFailedException: Unable to click on object 'Object Repository/Page_Demo Hospital/input_Search_form-control input-sm'
	at com.kms.katalon.core.webui.keyword.internal.WebUIKeywordMain.stepFailed(WebUIKeywordMain.groovy:64)
	at com.kms.katalon.core.webui.keyword.internal.WebUIKeywordMain.runKeyword(WebUIKeywordMain.groovy:26)
	at com.kms.katalon.core.webui.keyword.builtin.ClickKeyword.click(ClickKeyword.groovy:74)
	at com.kms.katalon.core.webui.keyword.builtin.ClickKeyword.execute(ClickKeyword.groovy:40)
	at com.kms.katalon.core.keyword.internal.KeywordExecutor.executeKeywordForPlatform(KeywordExecutor.groovy:74)
	at com.kms.katalon.core.webui.keyword.WebUiBuiltInKeywords.click(WebUiBuiltInKeywords.groovy:659)
	at Login - Invalid -Pass - Blank.run(Login - Invalid -Pass - Blank:28)
	at com.kms.katalon.core.main.ScriptEngine.run(ScriptEngine.java:194)
	at com.kms.katalon.core.main.ScriptEngine.runScriptAsRawText(ScriptEngine.java:119)
	at com.kms.katalon.core.main.TestCaseExecutor.runScript(TestCaseExecutor.java:448)
	at com.kms.katalon.core.main.TestCaseExecutor.doExecute(TestCaseExecutor.java:439)
	at com.kms.katalon.core.main.TestCaseExecutor.processExecutionPhase(TestCaseExecutor.java:418)
	at com.kms.katalon.core.main.TestCaseExecutor.accessMainPhase(TestCaseExecutor.java:410)
	at com.kms.katalon.core.main.TestCaseExecutor.execute(TestCaseExecutor.java:285)
	at com.kms.katalon.core.common.CommonExecutor.accessTestCaseMainPhase(CommonExecutor.java:65)
	at com.kms.katalon.core.main.TestSuiteExecutor.accessTestSuiteMainPhase(TestSuiteExecutor.java:148)
	at com.kms.katalon.core.main.TestSuiteExecutor.execute(TestSuiteExecutor.java:106)
	at com.kms.katalon.core.main.TestCaseMain.startTestSuite(TestCaseMain.java:180)
	at TempTestSuite1702577801200.run(TempTestSuite1702577801200.groovy:36)
	at java.base/jdk.internal.reflect.NativeMethodAccessorImpl.invoke0(Native Method)
	at java.base/jdk.internal.reflect.NativeMethodAccessorImpl.invoke(NativeMethodAccessorImpl.java:77)
	at java.base/jdk.internal.reflect.DelegatingMethodAccessorImpl.invoke(DelegatingMethodAccessorImpl.java:43)
Caused by: org.openqa.selenium.ElementNotInteractableException: Element <input name="_token" type="hidden"> could not be scrolled into view
Build info: version: '3.141.59', revision: 'e82be7d358', time: '2018-11-14T08:25:53'
System info: host: 'DESKTOP-28CK1DU', ip: '172.29.16.1', os.name: 'Windows 10', os.arch: 'amd64', os.version: '10.0', java.version: '17.0.7'
Driver info: com.kms.katalon.core.webui.driver.firefox.CGeckoDriver
Capabilities {acceptInsecureCerts: true, browserName: firefox, browserVersion: 120.0.1, javascriptEnabled: true, moz:accessibilityChecks: false, moz:buildID: 20231129155202, moz:geckodriverVersion: 0.33.0, moz:headless: false, moz:platformVersion: 10.0, moz:processID: 16768, moz:profile: C:\Users\ADMIN\AppData\Loca..., moz:shutdownTimeout: 60000, moz:webdriverClick: true, moz:windowless: false, pageLoadStrategy: normal, platform: WINDOWS, platformName: WINDOWS, proxy: Proxy(direct), setWindowRect: true, strictFileInteractability: false, timeouts: {implicit: 0, pageLoad: 300000, script: 30000}, unhandledPromptBehavior: dismiss and notify}
Session ID: ae653373-fd39-4b13-974a-32a5060452ef
	at java.base/jdk.internal.reflect.NativeConstructorAccessorImpl.newInstance0(Native Method)
	at java.base/jdk.internal.reflect.NativeConstructorAccessorImpl.newInstance(NativeConstructorAccessorImpl.java:77)
	at java.base/jdk.internal.reflect.DelegatingConstructorAccessorImpl.newInstance(DelegatingConstructorAccessorImpl.java:45)
	at org.openqa.selenium.remote.http.W3CHttpResponseCodec.createException(W3CHttpResponseCodec.java:187)
	at org.openqa.selenium.remote.http.W3CHttpResponseCodec.decode(W3CHttpResponseCodec.java:122)
	at org.openqa.selenium.remote.http.W3CHttpResponseCodec.decode(W3CHttpResponseCodec.java:49)
	at org.openqa.selenium.remote.HttpCommandExecutor.execute(HttpCommandExecutor.java:158)
	at org.openqa.selenium.remote.service.DriverCommandExecutor.execute(DriverCommandExecutor.java:83)
	at org.openqa.selenium.remote.RemoteWebDriver.execute(RemoteWebDriver.java:552)
	at com.kms.katalon.selenium.driver.CFirefoxDriver.execute(CFirefoxDriver.java:28)
	at org.openqa.selenium.remote.RemoteWebElement.execute(RemoteWebElement.java:285)
	at org.openqa.selenium.remote.RemoteWebElement.click(RemoteWebElement.java:84)
	at java.base/jdk.internal.reflect.NativeMethodAccessorImpl.invoke0(Native Method)
	at java.base/jdk.internal.reflect.NativeMethodAccessorImpl.invoke(NativeMethodAccessorImpl.java:77)
	at java.base/jdk.internal.reflect.DelegatingMethodAccessorImpl.invoke(DelegatingMethodAccessorImpl.java:43)
	at org.openqa.selenium.support.events.EventFiringWebDriver$EventFiringWebElement.lambda$new$0(EventFiringWebDriver.java:404)
	at jdk.proxy2/jdk.proxy2.$Proxy24.click(Unknown Source)
	at org.openqa.selenium.support.events.EventFiringWebDriver$EventFiringWebElement.click(EventFiringWebDriver.java:417)
	at org.openqa.selenium.WebElement$click.call(Unknown Source)
	at com.kms.katalon.core.webui.keyword.builtin.ClickKeyword.clickUntilSuccessWithTimeout(ClickKeyword.groovy:81)
	at com.kms.katalon.core.webui.keyword.builtin.ClickKeyword.clickUntilSuccessWithTimeout(ClickKeyword.groovy)
	at java.base/jdk.internal.reflect.NativeMethodAccessorImpl.invoke0(Native Method)
	at java.base/jdk.internal.reflect.NativeMethodAccessorImpl.invoke(NativeMethodAccessorImpl.java:77)
	at java.base/jdk.internal.reflect.DelegatingMethodAccessorImpl.invoke(DelegatingMethodAccessorImpl.java:43)
	at com.kms.katalon.core.webui.keyword.builtin.ClickKeyword$_click_closure1.doCall(ClickKeyword.groovy:67)
	at com.kms.katalon.core.webui.keyword.builtin.ClickKeyword$_click_closure1.call(ClickKeyword.groovy)
	at com.kms.katalon.core.webui.keyword.internal.WebUIKeywordMain.runKeyword(WebUIKeywordMain.groovy:20)
	at com.kms.katalon.core.webui.keyword.builtin.ClickKeyword.click(ClickKeyword.groovy:74)
	at com.kms.katalon.core.webui.keyword.builtin.ClickKeyword.execute(ClickKeyword.groovy:40)
	at com.kms.katalon.core.keyword.internal.KeywordExecutor.executeKeywordForPlatform(KeywordExecutor.groovy:74)
	at com.kms.katalon.core.webui.keyword.WebUiBuiltInKeywords.click(WebUiBuiltInKeywords.groovy:659)
	at Script1702572738911.run(Script1702572738911.groovy:28)
	... 15 more
)
[[ATTACHMENT|C:\\Users\\ADMIN\\Katalon Studio\\My First Project\\Reports\\20231214_234641\\Common_regression\\20231214_234641\\1702578047414.png]]]]></system-out>
         <system-err><![CDATA[14-12-2023T23:50:02 - [TEST_CASE][FAILED] - Test Cases/Common Test/Login - Invalid -Pass - Blank: Test Cases/Common Test/Login - Invalid -Pass - Blank FAILED.
Reason:
com.kms.katalon.core.exception.StepFailedException: Unable to click on object 'Object Repository/Page_Demo Hospital/input_Search_form-control input-sm'
	at com.kms.katalon.core.webui.keyword.internal.WebUIKeywordMain.stepFailed(WebUIKeywordMain.groovy:64)
	at com.kms.katalon.core.webui.keyword.internal.WebUIKeywordMain.runKeyword(WebUIKeywordMain.groovy:26)
	at com.kms.katalon.core.webui.keyword.builtin.ClickKeyword.click(ClickKeyword.groovy:74)
	at com.kms.katalon.core.webui.keyword.builtin.ClickKeyword.execute(ClickKeyword.groovy:40)
	at com.kms.katalon.core.keyword.internal.KeywordExecutor.executeKeywordForPlatform(KeywordExecutor.groovy:74)
	at com.kms.katalon.core.webui.keyword.WebUiBuiltInKeywords.click(WebUiBuiltInKeywords.groovy:659)
	at Login - Invalid -Pass - Blank.run(Login - Invalid -Pass - Blank:28)
	at com.kms.katalon.core.main.ScriptEngine.run(ScriptEngine.java:194)
	at com.kms.katalon.core.main.ScriptEngine.runScriptAsRawText(ScriptEngine.java:119)
	at com.kms.katalon.core.main.TestCaseExecutor.runScript(TestCaseExecutor.java:448)
	at com.kms.katalon.core.main.TestCaseExecutor.doExecute(TestCaseExecutor.java:439)
	at com.kms.katalon.core.main.TestCaseExecutor.processExecutionPhase(TestCaseExecutor.java:418)
	at com.kms.katalon.core.main.TestCaseExecutor.accessMainPhase(TestCaseExecutor.java:410)
	at com.kms.katalon.core.main.TestCaseExecutor.execute(TestCaseExecutor.java:285)
	at com.kms.katalon.core.common.CommonExecutor.accessTestCaseMainPhase(CommonExecutor.java:65)
	at com.kms.katalon.core.main.TestSuiteExecutor.accessTestSuiteMainPhase(TestSuiteExecutor.java:148)
	at com.kms.katalon.core.main.TestSuiteExecutor.execute(TestSuiteExecutor.java:106)
	at com.kms.katalon.core.main.TestCaseMain.startTestSuite(TestCaseMain.java:180)
	at TempTestSuite1702577801200.run(TempTestSuite1702577801200.groovy:36)
	at java.base/jdk.internal.reflect.NativeMethodAccessorImpl.invoke0(Native Method)
	at java.base/jdk.internal.reflect.NativeMethodAccessorImpl.invoke(NativeMethodAccessorImpl.java:77)
	at java.base/jdk.internal.reflect.DelegatingMethodAccessorImpl.invoke(DelegatingMethodAccessorImpl.java:43)
Caused by: org.openqa.selenium.ElementNotInteractableException: Element <input name="_token" type="hidden"> could not be scrolled into view
Build info: version: '3.141.59', revision: 'e82be7d358', time: '2018-11-14T08:25:53'
System info: host: 'DESKTOP-28CK1DU', ip: '172.29.16.1', os.name: 'Windows 10', os.arch: 'amd64', os.version: '10.0', java.version: '17.0.7'
Driver info: com.kms.katalon.core.webui.driver.firefox.CGeckoDriver
Capabilities {acceptInsecureCerts: true, browserName: firefox, browserVersion: 120.0.1, javascriptEnabled: true, moz:accessibilityChecks: false, moz:buildID: 20231129155202, moz:geckodriverVersion: 0.33.0, moz:headless: false, moz:platformVersion: 10.0, moz:processID: 16768, moz:profile: C:\Users\ADMIN\AppData\Loca..., moz:shutdownTimeout: 60000, moz:webdriverClick: true, moz:windowless: false, pageLoadStrategy: normal, platform: WINDOWS, platformName: WINDOWS, proxy: Proxy(direct), setWindowRect: true, strictFileInteractability: false, timeouts: {implicit: 0, pageLoad: 300000, script: 30000}, unhandledPromptBehavior: dismiss and notify}
Session ID: ae653373-fd39-4b13-974a-32a5060452ef
	at java.base/jdk.internal.reflect.NativeConstructorAccessorImpl.newInstance0(Native Method)
	at java.base/jdk.internal.reflect.NativeConstructorAccessorImpl.newInstance(NativeConstructorAccessorImpl.java:77)
	at java.base/jdk.internal.reflect.DelegatingConstructorAccessorImpl.newInstance(DelegatingConstructorAccessorImpl.java:45)
	at org.openqa.selenium.remote.http.W3CHttpResponseCodec.createException(W3CHttpResponseCodec.java:187)
	at org.openqa.selenium.remote.http.W3CHttpResponseCodec.decode(W3CHttpResponseCodec.java:122)
	at org.openqa.selenium.remote.http.W3CHttpResponseCodec.decode(W3CHttpResponseCodec.java:49)
	at org.openqa.selenium.remote.HttpCommandExecutor.execute(HttpCommandExecutor.java:158)
	at org.openqa.selenium.remote.service.DriverCommandExecutor.execute(DriverCommandExecutor.java:83)
	at org.openqa.selenium.remote.RemoteWebDriver.execute(RemoteWebDriver.java:552)
	at com.kms.katalon.selenium.driver.CFirefoxDriver.execute(CFirefoxDriver.java:28)
	at org.openqa.selenium.remote.RemoteWebElement.execute(RemoteWebElement.java:285)
	at org.openqa.selenium.remote.RemoteWebElement.click(RemoteWebElement.java:84)
	at java.base/jdk.internal.reflect.NativeMethodAccessorImpl.invoke0(Native Method)
	at java.base/jdk.internal.reflect.NativeMethodAccessorImpl.invoke(NativeMethodAccessorImpl.java:77)
	at java.base/jdk.internal.reflect.DelegatingMethodAccessorImpl.invoke(DelegatingMethodAccessorImpl.java:43)
	at org.openqa.selenium.support.events.EventFiringWebDriver$EventFiringWebElement.lambda$new$0(EventFiringWebDriver.java:404)
	at jdk.proxy2/jdk.proxy2.$Proxy24.click(Unknown Source)
	at org.openqa.selenium.support.events.EventFiringWebDriver$EventFiringWebElement.click(EventFiringWebDriver.java:417)
	at org.openqa.selenium.WebElement$click.call(Unknown Source)
	at com.kms.katalon.core.webui.keyword.builtin.ClickKeyword.clickUntilSuccessWithTimeout(ClickKeyword.groovy:81)
	at com.kms.katalon.core.webui.keyword.builtin.ClickKeyword.clickUntilSuccessWithTimeout(ClickKeyword.groovy)
	at java.base/jdk.internal.reflect.NativeMethodAccessorImpl.invoke0(Native Method)
	at java.base/jdk.internal.reflect.NativeMethodAccessorImpl.invoke(NativeMethodAccessorImpl.java:77)
	at java.base/jdk.internal.reflect.DelegatingMethodAccessorImpl.invoke(DelegatingMethodAccessorImpl.java:43)
	at com.kms.katalon.core.webui.keyword.builtin.ClickKeyword$_click_closure1.doCall(ClickKeyword.groovy:67)
	at com.kms.katalon.core.webui.keyword.builtin.ClickKeyword$_click_closure1.call(ClickKeyword.groovy)
	at com.kms.katalon.core.webui.keyword.internal.WebUIKeywordMain.runKeyword(WebUIKeywordMain.groovy:20)
	... 20 more]]></system-err>
      </testcase>
      <testcase name="Test Cases/Common Test/Login - Invalid -IdPass- Blank" time="45.53" classname="Test Cases/Common Test/Login - Invalid -IdPass- Blank" status="FAILED">
         <failure type="FAILED" message="Test Cases/Common Test/Login - Invalid -IdPass- Blank FAILED.&#xa;Reason:&#xa;com.kms.katalon.core.exception.StepFailedException: Unable to click on object 'Object Repository/Page_Demo Hospital/input_Search_form-control input-sm'&#xa;	at com.kms.katalon.core.webui.keyword.internal.WebUIKeywordMain.stepFailed(WebUIKeywordMain.groovy:64)&#xa;	at com.kms.katalon.core.webui.keyword.internal.WebUIKeywordMain.runKeyword(WebUIKeywordMain.groovy:26)&#xa;	at com.kms.katalon.core.webui.keyword.builtin.ClickKeyword.click(ClickKeyword.groovy:74)&#xa;	at com.kms.katalon.core.webui.keyword.builtin.ClickKeyword.execute(ClickKeyword.groovy:40)&#xa;	at com.kms.katalon.core.keyword.internal.KeywordExecutor.executeKeywordForPlatform(KeywordExecutor.groovy:74)&#xa;	at com.kms.katalon.core.webui.keyword.WebUiBuiltInKeywords.click(WebUiBuiltInKeywords.groovy:659)&#xa;	at Login - Invalid -IdPass- Blank.run(Login - Invalid -IdPass- Blank:28)&#xa;	at com.kms.katalon.core.main.ScriptEngine.run(ScriptEngine.java:194)&#xa;	at com.kms.katalon.core.main.ScriptEngine.runScriptAsRawText(ScriptEngine.java:119)&#xa;	at com.kms.katalon.core.main.TestCaseExecutor.runScript(TestCaseExecutor.java:448)&#xa;	at com.kms.katalon.core.main.TestCaseExecutor.doExecute(TestCaseExecutor.java:439)&#xa;	at com.kms.katalon.core.main.TestCaseExecutor.processExecutionPhase(TestCaseExecutor.java:418)&#xa;	at com.kms.katalon.core.main.TestCaseExecutor.accessMainPhase(TestCaseExecutor.java:410)&#xa;	at com.kms.katalon.core.main.TestCaseExecutor.execute(TestCaseExecutor.java:285)&#xa;	at com.kms.katalon.core.common.CommonExecutor.accessTestCaseMainPhase(CommonExecutor.java:65)&#xa;	at com.kms.katalon.core.main.TestSuiteExecutor.accessTestSuiteMainPhase(TestSuiteExecutor.java:148)&#xa;	at com.kms.katalon.core.main.TestSuiteExecutor.execute(TestSuiteExecutor.java:106)&#xa;	at com.kms.katalon.core.main.TestCaseMain.startTestSuite(TestCaseMain.java:180)&#xa;	at TempTestSuite1702577801200.run(TempTestSuite1702577801200.groovy:36)&#xa;	at java.base/jdk.internal.reflect.NativeMethodAccessorImpl.invoke0(Native Method)&#xa;	at java.base/jdk.internal.reflect.NativeMethodAccessorImpl.invoke(NativeMethodAccessorImpl.java:77)&#xa;	at java.base/jdk.internal.reflect.DelegatingMethodAccessorImpl.invoke(DelegatingMethodAccessorImpl.java:43)&#xa;Caused by: org.openqa.selenium.ElementNotInteractableException: Element &lt;input name=&quot;_token&quot; type=&quot;hidden&quot;> could not be scrolled into view&#xa;Build info: version: '3.141.59', revision: 'e82be7d358', time: '2018-11-14T08:25:53'&#xa;System info: host: 'DESKTOP-28CK1DU', ip: '172.29.16.1', os.name: 'Windows 10', os.arch: 'amd64', os.version: '10.0', java.version: '17.0.7'&#xa;Driver info: com.kms.katalon.core.webui.driver.firefox.CGeckoDriver&#xa;Capabilities {acceptInsecureCerts: true, browserName: firefox, browserVersion: 120.0.1, javascriptEnabled: true, moz:accessibilityChecks: false, moz:buildID: 20231129155202, moz:geckodriverVersion: 0.33.0, moz:headless: false, moz:platformVersion: 10.0, moz:processID: 19208, moz:profile: C:\Users\ADMIN\AppData\Loca..., moz:shutdownTimeout: 60000, moz:webdriverClick: true, moz:windowless: false, pageLoadStrategy: normal, platform: WINDOWS, platformName: WINDOWS, proxy: Proxy(direct), setWindowRect: true, strictFileInteractability: false, timeouts: {implicit: 0, pageLoad: 300000, script: 30000}, unhandledPromptBehavior: dismiss and notify}&#xa;Session ID: 206f6d43-f6bd-4837-b504-20c4d9beb585&#xa;	at java.base/jdk.internal.reflect.NativeConstructorAccessorImpl.newInstance0(Native Method)&#xa;	at java.base/jdk.internal.reflect.NativeConstructorAccessorImpl.newInstance(NativeConstructorAccessorImpl.java:77)&#xa;	at java.base/jdk.internal.reflect.DelegatingConstructorAccessorImpl.newInstance(DelegatingConstructorAccessorImpl.java:45)&#xa;	at org.openqa.selenium.remote.http.W3CHttpResponseCodec.createException(W3CHttpResponseCodec.java:187)&#xa;	at org.openqa.selenium.remote.http.W3CHttpResponseCodec.decode(W3CHttpResponseCodec.java:122)&#xa;	at org.openqa.selenium.remote.http.W3CHttpResponseCodec.decode(W3CHttpResponseCodec.java:49)&#xa;	at org.openqa.selenium.remote.HttpCommandExecutor.execute(HttpCommandExecutor.java:158)&#xa;	at org.openqa.selenium.remote.service.DriverCommandExecutor.execute(DriverCommandExecutor.java:83)&#xa;	at org.openqa.selenium.remote.RemoteWebDriver.execute(RemoteWebDriver.java:552)&#xa;	at com.kms.katalon.selenium.driver.CFirefoxDriver.execute(CFirefoxDriver.java:28)&#xa;	at org.openqa.selenium.remote.RemoteWebElement.execute(RemoteWebElement.java:285)&#xa;	at org.openqa.selenium.remote.RemoteWebElement.click(RemoteWebElement.java:84)&#xa;	at java.base/jdk.internal.reflect.NativeMethodAccessorImpl.invoke0(Native Method)&#xa;	at java.base/jdk.internal.reflect.NativeMethodAccessorImpl.invoke(NativeMethodAccessorImpl.java:77)&#xa;	at java.base/jdk.internal.reflect.DelegatingMethodAccessorImpl.invoke(DelegatingMethodAccessorImpl.java:43)&#xa;	at org.openqa.selenium.support.events.EventFiringWebDriver$EventFiringWebElement.lambda$new$0(EventFiringWebDriver.java:404)&#xa;	at jdk.proxy2/jdk.proxy2.$Proxy24.click(Unknown Source)&#xa;	at org.openqa.selenium.support.events.EventFiringWebDriver$EventFiringWebElement.click(EventFiringWebDriver.java:417)&#xa;	at org.openqa.selenium.WebElement$click.call(Unknown Source)&#xa;	at com.kms.katalon.core.webui.keyword.builtin.ClickKeyword.clickUntilSuccessWithTimeout(ClickKeyword.groovy:81)&#xa;	at com.kms.katalon.core.webui.keyword.builtin.ClickKeyword.clickUntilSuccessWithTimeout(ClickKeyword.groovy)&#xa;	at java.base/jdk.internal.reflect.NativeMethodAccessorImpl.invoke0(Native Method)&#xa;	at java.base/jdk.internal.reflect.NativeMethodAccessorImpl.invoke(NativeMethodAccessorImpl.java:77)&#xa;	at java.base/jdk.internal.reflect.DelegatingMethodAccessorImpl.invoke(DelegatingMethodAccessorImpl.java:43)&#xa;	at com.kms.katalon.core.webui.keyword.builtin.ClickKeyword$_click_closure1.doCall(ClickKeyword.groovy:67)&#xa;	at com.kms.katalon.core.webui.keyword.builtin.ClickKeyword$_click_closure1.call(ClickKeyword.groovy)&#xa;	at com.kms.katalon.core.webui.keyword.internal.WebUIKeywordMain.runKeyword(WebUIKeywordMain.groovy:20)&#xa;	... 20 more&#xa;"/>
         <system-out><![CDATA[14-12-2023T23:50:47 - [TEST_CASE][FAILED] - Test Cases/Common Test/Login - Invalid -IdPass- Blank: Test Cases/Common Test/Login - Invalid -IdPass- Blank FAILED.
Reason:
com.kms.katalon.core.exception.StepFailedException: Unable to click on object 'Object Repository/Page_Demo Hospital/input_Search_form-control input-sm'
	at com.kms.katalon.core.webui.keyword.internal.WebUIKeywordMain.stepFailed(WebUIKeywordMain.groovy:64)
	at com.kms.katalon.core.webui.keyword.internal.WebUIKeywordMain.runKeyword(WebUIKeywordMain.groovy:26)
	at com.kms.katalon.core.webui.keyword.builtin.ClickKeyword.click(ClickKeyword.groovy:74)
	at com.kms.katalon.core.webui.keyword.builtin.ClickKeyword.execute(ClickKeyword.groovy:40)
	at com.kms.katalon.core.keyword.internal.KeywordExecutor.executeKeywordForPlatform(KeywordExecutor.groovy:74)
	at com.kms.katalon.core.webui.keyword.WebUiBuiltInKeywords.click(WebUiBuiltInKeywords.groovy:659)
	at Login - Invalid -IdPass- Blank.run(Login - Invalid -IdPass- Blank:28)
	at com.kms.katalon.core.main.ScriptEngine.run(ScriptEngine.java:194)
	at com.kms.katalon.core.main.ScriptEngine.runScriptAsRawText(ScriptEngine.java:119)
	at com.kms.katalon.core.main.TestCaseExecutor.runScript(TestCaseExecutor.java:448)
	at com.kms.katalon.core.main.TestCaseExecutor.doExecute(TestCaseExecutor.java:439)
	at com.kms.katalon.core.main.TestCaseExecutor.processExecutionPhase(TestCaseExecutor.java:418)
	at com.kms.katalon.core.main.TestCaseExecutor.accessMainPhase(TestCaseExecutor.java:410)
	at com.kms.katalon.core.main.TestCaseExecutor.execute(TestCaseExecutor.java:285)
	at com.kms.katalon.core.common.CommonExecutor.accessTestCaseMainPhase(CommonExecutor.java:65)
	at com.kms.katalon.core.main.TestSuiteExecutor.accessTestSuiteMainPhase(TestSuiteExecutor.java:148)
	at com.kms.katalon.core.main.TestSuiteExecutor.execute(TestSuiteExecutor.java:106)
	at com.kms.katalon.core.main.TestCaseMain.startTestSuite(TestCaseMain.java:180)
	at TempTestSuite1702577801200.run(TempTestSuite1702577801200.groovy:36)
	at java.base/jdk.internal.reflect.NativeMethodAccessorImpl.invoke0(Native Method)
	at java.base/jdk.internal.reflect.NativeMethodAccessorImpl.invoke(NativeMethodAccessorImpl.java:77)
	at java.base/jdk.internal.reflect.DelegatingMethodAccessorImpl.invoke(DelegatingMethodAccessorImpl.java:43)
Caused by: org.openqa.selenium.ElementNotInteractableException: Element <input name="_token" type="hidden"> could not be scrolled into view
Build info: version: '3.141.59', revision: 'e82be7d358', time: '2018-11-14T08:25:53'
System info: host: 'DESKTOP-28CK1DU', ip: '172.29.16.1', os.name: 'Windows 10', os.arch: 'amd64', os.version: '10.0', java.version: '17.0.7'
Driver info: com.kms.katalon.core.webui.driver.firefox.CGeckoDriver
Capabilities {acceptInsecureCerts: true, browserName: firefox, browserVersion: 120.0.1, javascriptEnabled: true, moz:accessibilityChecks: false, moz:buildID: 20231129155202, moz:geckodriverVersion: 0.33.0, moz:headless: false, moz:platformVersion: 10.0, moz:processID: 19208, moz:profile: C:\Users\ADMIN\AppData\Loca..., moz:shutdownTimeout: 60000, moz:webdriverClick: true, moz:windowless: false, pageLoadStrategy: normal, platform: WINDOWS, platformName: WINDOWS, proxy: Proxy(direct), setWindowRect: true, strictFileInteractability: false, timeouts: {implicit: 0, pageLoad: 300000, script: 30000}, unhandledPromptBehavior: dismiss and notify}
Session ID: 206f6d43-f6bd-4837-b504-20c4d9beb585
	at java.base/jdk.internal.reflect.NativeConstructorAccessorImpl.newInstance0(Native Method)
	at java.base/jdk.internal.reflect.NativeConstructorAccessorImpl.newInstance(NativeConstructorAccessorImpl.java:77)
	at java.base/jdk.internal.reflect.DelegatingConstructorAccessorImpl.newInstance(DelegatingConstructorAccessorImpl.java:45)
	at org.openqa.selenium.remote.http.W3CHttpResponseCodec.createException(W3CHttpResponseCodec.java:187)
	at org.openqa.selenium.remote.http.W3CHttpResponseCodec.decode(W3CHttpResponseCodec.java:122)
	at org.openqa.selenium.remote.http.W3CHttpResponseCodec.decode(W3CHttpResponseCodec.java:49)
	at org.openqa.selenium.remote.HttpCommandExecutor.execute(HttpCommandExecutor.java:158)
	at org.openqa.selenium.remote.service.DriverCommandExecutor.execute(DriverCommandExecutor.java:83)
	at org.openqa.selenium.remote.RemoteWebDriver.execute(RemoteWebDriver.java:552)
	at com.kms.katalon.selenium.driver.CFirefoxDriver.execute(CFirefoxDriver.java:28)
	at org.openqa.selenium.remote.RemoteWebElement.execute(RemoteWebElement.java:285)
	at org.openqa.selenium.remote.RemoteWebElement.click(RemoteWebElement.java:84)
	at java.base/jdk.internal.reflect.NativeMethodAccessorImpl.invoke0(Native Method)
	at java.base/jdk.internal.reflect.NativeMethodAccessorImpl.invoke(NativeMethodAccessorImpl.java:77)
	at java.base/jdk.internal.reflect.DelegatingMethodAccessorImpl.invoke(DelegatingMethodAccessorImpl.java:43)
	at org.openqa.selenium.support.events.EventFiringWebDriver$EventFiringWebElement.lambda$new$0(EventFiringWebDriver.java:404)
	at jdk.proxy2/jdk.proxy2.$Proxy24.click(Unknown Source)
	at org.openqa.selenium.support.events.EventFiringWebDriver$EventFiringWebElement.click(EventFiringWebDriver.java:417)
	at org.openqa.selenium.WebElement$click.call(Unknown Source)
	at com.kms.katalon.core.webui.keyword.builtin.ClickKeyword.clickUntilSuccessWithTimeout(ClickKeyword.groovy:81)
	at com.kms.katalon.core.webui.keyword.builtin.ClickKeyword.clickUntilSuccessWithTimeout(ClickKeyword.groovy)
	at java.base/jdk.internal.reflect.NativeMethodAccessorImpl.invoke0(Native Method)
	at java.base/jdk.internal.reflect.NativeMethodAccessorImpl.invoke(NativeMethodAccessorImpl.java:77)
	at java.base/jdk.internal.reflect.DelegatingMethodAccessorImpl.invoke(DelegatingMethodAccessorImpl.java:43)
	at com.kms.katalon.core.webui.keyword.builtin.ClickKeyword$_click_closure1.doCall(ClickKeyword.groovy:67)
	at com.kms.katalon.core.webui.keyword.builtin.ClickKeyword$_click_closure1.call(ClickKeyword.groovy)
	at com.kms.katalon.core.webui.keyword.internal.WebUIKeywordMain.runKeyword(WebUIKeywordMain.groovy:20)
	... 20 more


14-12-2023T23:50:48 - [TEST_STEP][PASSED] - openBrowser(""): Browser is opened with url: ''

14-12-2023T23:50:48 - [MESSAGE][WARNING] - A browser is already opened. Closing browser and opening a new one

14-12-2023T23:50:50 - [MESSAGE][INFO] - Starting 'Firefox' driver

14-12-2023T23:50:50 - [MESSAGE][INFO] - Action delay is set to 0 milliseconds

14-12-2023T23:50:56 - [MESSAGE][PASSED] - Browser is opened with url: ''

14-12-2023T23:50:56 - [TEST_STEP][PASSED] - navigateToUrl("https://hospitalb.com/login"): Navigate to 'https://hospitalb.com/login' successfully

14-12-2023T23:51:00 - [MESSAGE][PASSED] - Navigate to 'https://hospitalb.com/login' successfully

14-12-2023T23:51:00 - [TEST_STEP][PASSED] - setText(findTestObject("Object Repository/Page_Demo Hospital/input_email"), ""): Text '' is set on object 'Object Repository/Page_Demo Hospital/input_email'

14-12-2023T23:51:00 - [MESSAGE][PASSED] - Text '' is set on object 'Object Repository/Page_Demo Hospital/input_email'

14-12-2023T23:51:00 - [TEST_STEP][PASSED] - setText(findTestObject("Object Repository/Page_Demo Hospital/input_password"), ""): Text '' is set on object 'Object Repository/Page_Demo Hospital/input_password'

14-12-2023T23:51:01 - [MESSAGE][PASSED] - Text '' is set on object 'Object Repository/Page_Demo Hospital/input_password'

14-12-2023T23:51:01 - [TEST_STEP][FAILED] - click(findTestObject("Object Repository/Page_Demo Hospital/input_Search_form-control input-sm")): Unable to click on object 'Object Repository/Page_Demo Hospital/input_Search_form-control input-sm' (Root cause: com.kms.katalon.core.exception.StepFailedException: Unable to click on object 'Object Repository/Page_Demo Hospital/input_Search_form-control input-sm'
	at com.kms.katalon.core.webui.keyword.internal.WebUIKeywordMain.stepFailed(WebUIKeywordMain.groovy:64)
	at com.kms.katalon.core.webui.keyword.internal.WebUIKeywordMain.runKeyword(WebUIKeywordMain.groovy:26)
	at com.kms.katalon.core.webui.keyword.builtin.ClickKeyword.click(ClickKeyword.groovy:74)
	at com.kms.katalon.core.webui.keyword.builtin.ClickKeyword.execute(ClickKeyword.groovy:40)
	at com.kms.katalon.core.keyword.internal.KeywordExecutor.executeKeywordForPlatform(KeywordExecutor.groovy:74)
	at com.kms.katalon.core.webui.keyword.WebUiBuiltInKeywords.click(WebUiBuiltInKeywords.groovy:659)
	at Login - Invalid -IdPass- Blank.run(Login - Invalid -IdPass- Blank:28)
	at com.kms.katalon.core.main.ScriptEngine.run(ScriptEngine.java:194)
	at com.kms.katalon.core.main.ScriptEngine.runScriptAsRawText(ScriptEngine.java:119)
	at com.kms.katalon.core.main.TestCaseExecutor.runScript(TestCaseExecutor.java:448)
	at com.kms.katalon.core.main.TestCaseExecutor.doExecute(TestCaseExecutor.java:439)
	at com.kms.katalon.core.main.TestCaseExecutor.processExecutionPhase(TestCaseExecutor.java:418)
	at com.kms.katalon.core.main.TestCaseExecutor.accessMainPhase(TestCaseExecutor.java:410)
	at com.kms.katalon.core.main.TestCaseExecutor.execute(TestCaseExecutor.java:285)
	at com.kms.katalon.core.common.CommonExecutor.accessTestCaseMainPhase(CommonExecutor.java:65)
	at com.kms.katalon.core.main.TestSuiteExecutor.accessTestSuiteMainPhase(TestSuiteExecutor.java:148)
	at com.kms.katalon.core.main.TestSuiteExecutor.execute(TestSuiteExecutor.java:106)
	at com.kms.katalon.core.main.TestCaseMain.startTestSuite(TestCaseMain.java:180)
	at TempTestSuite1702577801200.run(TempTestSuite1702577801200.groovy:36)
	at java.base/jdk.internal.reflect.NativeMethodAccessorImpl.invoke0(Native Method)
	at java.base/jdk.internal.reflect.NativeMethodAccessorImpl.invoke(NativeMethodAccessorImpl.java:77)
	at java.base/jdk.internal.reflect.DelegatingMethodAccessorImpl.invoke(DelegatingMethodAccessorImpl.java:43)
Caused by: org.openqa.selenium.ElementNotInteractableException: Element <input name="_token" type="hidden"> could not be scrolled into view
Build info: version: '3.141.59', revision: 'e82be7d358', time: '2018-11-14T08:25:53'
System info: host: 'DESKTOP-28CK1DU', ip: '172.29.16.1', os.name: 'Windows 10', os.arch: 'amd64', os.version: '10.0', java.version: '17.0.7'
Driver info: com.kms.katalon.core.webui.driver.firefox.CGeckoDriver
Capabilities {acceptInsecureCerts: true, browserName: firefox, browserVersion: 120.0.1, javascriptEnabled: true, moz:accessibilityChecks: false, moz:buildID: 20231129155202, moz:geckodriverVersion: 0.33.0, moz:headless: false, moz:platformVersion: 10.0, moz:processID: 19208, moz:profile: C:\Users\ADMIN\AppData\Loca..., moz:shutdownTimeout: 60000, moz:webdriverClick: true, moz:windowless: false, pageLoadStrategy: normal, platform: WINDOWS, platformName: WINDOWS, proxy: Proxy(direct), setWindowRect: true, strictFileInteractability: false, timeouts: {implicit: 0, pageLoad: 300000, script: 30000}, unhandledPromptBehavior: dismiss and notify}
Session ID: 206f6d43-f6bd-4837-b504-20c4d9beb585
	at java.base/jdk.internal.reflect.NativeConstructorAccessorImpl.newInstance0(Native Method)
	at java.base/jdk.internal.reflect.NativeConstructorAccessorImpl.newInstance(NativeConstructorAccessorImpl.java:77)
	at java.base/jdk.internal.reflect.DelegatingConstructorAccessorImpl.newInstance(DelegatingConstructorAccessorImpl.java:45)
	at org.openqa.selenium.remote.http.W3CHttpResponseCodec.createException(W3CHttpResponseCodec.java:187)
	at org.openqa.selenium.remote.http.W3CHttpResponseCodec.decode(W3CHttpResponseCodec.java:122)
	at org.openqa.selenium.remote.http.W3CHttpResponseCodec.decode(W3CHttpResponseCodec.java:49)
	at org.openqa.selenium.remote.HttpCommandExecutor.execute(HttpCommandExecutor.java:158)
	at org.openqa.selenium.remote.service.DriverCommandExecutor.execute(DriverCommandExecutor.java:83)
	at org.openqa.selenium.remote.RemoteWebDriver.execute(RemoteWebDriver.java:552)
	at com.kms.katalon.selenium.driver.CFirefoxDriver.execute(CFirefoxDriver.java:28)
	at org.openqa.selenium.remote.RemoteWebElement.execute(RemoteWebElement.java:285)
	at org.openqa.selenium.remote.RemoteWebElement.click(RemoteWebElement.java:84)
	at java.base/jdk.internal.reflect.NativeMethodAccessorImpl.invoke0(Native Method)
	at java.base/jdk.internal.reflect.NativeMethodAccessorImpl.invoke(NativeMethodAccessorImpl.java:77)
	at java.base/jdk.internal.reflect.DelegatingMethodAccessorImpl.invoke(DelegatingMethodAccessorImpl.java:43)
	at org.openqa.selenium.support.events.EventFiringWebDriver$EventFiringWebElement.lambda$new$0(EventFiringWebDriver.java:404)
	at jdk.proxy2/jdk.proxy2.$Proxy24.click(Unknown Source)
	at org.openqa.selenium.support.events.EventFiringWebDriver$EventFiringWebElement.click(EventFiringWebDriver.java:417)
	at org.openqa.selenium.WebElement$click.call(Unknown Source)
	at com.kms.katalon.core.webui.keyword.builtin.ClickKeyword.clickUntilSuccessWithTimeout(ClickKeyword.groovy:81)
	at com.kms.katalon.core.webui.keyword.builtin.ClickKeyword.clickUntilSuccessWithTimeout(ClickKeyword.groovy)
	at java.base/jdk.internal.reflect.NativeMethodAccessorImpl.invoke0(Native Method)
	at java.base/jdk.internal.reflect.NativeMethodAccessorImpl.invoke(NativeMethodAccessorImpl.java:77)
	at java.base/jdk.internal.reflect.DelegatingMethodAccessorImpl.invoke(DelegatingMethodAccessorImpl.java:43)
	at com.kms.katalon.core.webui.keyword.builtin.ClickKeyword$_click_closure1.doCall(ClickKeyword.groovy:67)
	at com.kms.katalon.core.webui.keyword.builtin.ClickKeyword$_click_closure1.call(ClickKeyword.groovy)
	at com.kms.katalon.core.webui.keyword.internal.WebUIKeywordMain.runKeyword(WebUIKeywordMain.groovy:20)
	at com.kms.katalon.core.webui.keyword.builtin.ClickKeyword.click(ClickKeyword.groovy:74)
	at com.kms.katalon.core.webui.keyword.builtin.ClickKeyword.execute(ClickKeyword.groovy:40)
	at com.kms.katalon.core.keyword.internal.KeywordExecutor.executeKeywordForPlatform(KeywordExecutor.groovy:74)
	at com.kms.katalon.core.webui.keyword.WebUiBuiltInKeywords.click(WebUiBuiltInKeywords.groovy:659)
	at Script1702572534160.run(Script1702572534160.groovy:28)
	... 15 more
)

14-12-2023T23:51:32 - [MESSAGE][INFO] - Unable to find the element located by 'By.xpath: //input[@type='search']'. Please recheck the objects properties to make sure the desired element is located. 

14-12-2023T23:51:32 - [MESSAGE][WARNING] - [SELF-HEALING] Failed to find element with id 'Object Repository/Page_Demo Hospital/input_Search_form-control input-sm'. Try using Self-healing.

14-12-2023T23:51:33 - [MESSAGE][WARNING] - [SELF-HEALING] The current locator of test object 'Object Repository/Page_Demo Hospital/input_Search_form-control input-sm' was broken. Propose an alternative one: '//input'.

14-12-2023T23:51:33 - [MESSAGE][FAILED] - Unable to click on object 'Object Repository/Page_Demo Hospital/input_Search_form-control input-sm' (Root cause: com.kms.katalon.core.exception.StepFailedException: Unable to click on object 'Object Repository/Page_Demo Hospital/input_Search_form-control input-sm'
	at com.kms.katalon.core.webui.keyword.internal.WebUIKeywordMain.stepFailed(WebUIKeywordMain.groovy:64)
	at com.kms.katalon.core.webui.keyword.internal.WebUIKeywordMain.runKeyword(WebUIKeywordMain.groovy:26)
	at com.kms.katalon.core.webui.keyword.builtin.ClickKeyword.click(ClickKeyword.groovy:74)
	at com.kms.katalon.core.webui.keyword.builtin.ClickKeyword.execute(ClickKeyword.groovy:40)
	at com.kms.katalon.core.keyword.internal.KeywordExecutor.executeKeywordForPlatform(KeywordExecutor.groovy:74)
	at com.kms.katalon.core.webui.keyword.WebUiBuiltInKeywords.click(WebUiBuiltInKeywords.groovy:659)
	at Login - Invalid -IdPass- Blank.run(Login - Invalid -IdPass- Blank:28)
	at com.kms.katalon.core.main.ScriptEngine.run(ScriptEngine.java:194)
	at com.kms.katalon.core.main.ScriptEngine.runScriptAsRawText(ScriptEngine.java:119)
	at com.kms.katalon.core.main.TestCaseExecutor.runScript(TestCaseExecutor.java:448)
	at com.kms.katalon.core.main.TestCaseExecutor.doExecute(TestCaseExecutor.java:439)
	at com.kms.katalon.core.main.TestCaseExecutor.processExecutionPhase(TestCaseExecutor.java:418)
	at com.kms.katalon.core.main.TestCaseExecutor.accessMainPhase(TestCaseExecutor.java:410)
	at com.kms.katalon.core.main.TestCaseExecutor.execute(TestCaseExecutor.java:285)
	at com.kms.katalon.core.common.CommonExecutor.accessTestCaseMainPhase(CommonExecutor.java:65)
	at com.kms.katalon.core.main.TestSuiteExecutor.accessTestSuiteMainPhase(TestSuiteExecutor.java:148)
	at com.kms.katalon.core.main.TestSuiteExecutor.execute(TestSuiteExecutor.java:106)
	at com.kms.katalon.core.main.TestCaseMain.startTestSuite(TestCaseMain.java:180)
	at TempTestSuite1702577801200.run(TempTestSuite1702577801200.groovy:36)
	at java.base/jdk.internal.reflect.NativeMethodAccessorImpl.invoke0(Native Method)
	at java.base/jdk.internal.reflect.NativeMethodAccessorImpl.invoke(NativeMethodAccessorImpl.java:77)
	at java.base/jdk.internal.reflect.DelegatingMethodAccessorImpl.invoke(DelegatingMethodAccessorImpl.java:43)
Caused by: org.openqa.selenium.ElementNotInteractableException: Element <input name="_token" type="hidden"> could not be scrolled into view
Build info: version: '3.141.59', revision: 'e82be7d358', time: '2018-11-14T08:25:53'
System info: host: 'DESKTOP-28CK1DU', ip: '172.29.16.1', os.name: 'Windows 10', os.arch: 'amd64', os.version: '10.0', java.version: '17.0.7'
Driver info: com.kms.katalon.core.webui.driver.firefox.CGeckoDriver
Capabilities {acceptInsecureCerts: true, browserName: firefox, browserVersion: 120.0.1, javascriptEnabled: true, moz:accessibilityChecks: false, moz:buildID: 20231129155202, moz:geckodriverVersion: 0.33.0, moz:headless: false, moz:platformVersion: 10.0, moz:processID: 19208, moz:profile: C:\Users\ADMIN\AppData\Loca..., moz:shutdownTimeout: 60000, moz:webdriverClick: true, moz:windowless: false, pageLoadStrategy: normal, platform: WINDOWS, platformName: WINDOWS, proxy: Proxy(direct), setWindowRect: true, strictFileInteractability: false, timeouts: {implicit: 0, pageLoad: 300000, script: 30000}, unhandledPromptBehavior: dismiss and notify}
Session ID: 206f6d43-f6bd-4837-b504-20c4d9beb585
	at java.base/jdk.internal.reflect.NativeConstructorAccessorImpl.newInstance0(Native Method)
	at java.base/jdk.internal.reflect.NativeConstructorAccessorImpl.newInstance(NativeConstructorAccessorImpl.java:77)
	at java.base/jdk.internal.reflect.DelegatingConstructorAccessorImpl.newInstance(DelegatingConstructorAccessorImpl.java:45)
	at org.openqa.selenium.remote.http.W3CHttpResponseCodec.createException(W3CHttpResponseCodec.java:187)
	at org.openqa.selenium.remote.http.W3CHttpResponseCodec.decode(W3CHttpResponseCodec.java:122)
	at org.openqa.selenium.remote.http.W3CHttpResponseCodec.decode(W3CHttpResponseCodec.java:49)
	at org.openqa.selenium.remote.HttpCommandExecutor.execute(HttpCommandExecutor.java:158)
	at org.openqa.selenium.remote.service.DriverCommandExecutor.execute(DriverCommandExecutor.java:83)
	at org.openqa.selenium.remote.RemoteWebDriver.execute(RemoteWebDriver.java:552)
	at com.kms.katalon.selenium.driver.CFirefoxDriver.execute(CFirefoxDriver.java:28)
	at org.openqa.selenium.remote.RemoteWebElement.execute(RemoteWebElement.java:285)
	at org.openqa.selenium.remote.RemoteWebElement.click(RemoteWebElement.java:84)
	at java.base/jdk.internal.reflect.NativeMethodAccessorImpl.invoke0(Native Method)
	at java.base/jdk.internal.reflect.NativeMethodAccessorImpl.invoke(NativeMethodAccessorImpl.java:77)
	at java.base/jdk.internal.reflect.DelegatingMethodAccessorImpl.invoke(DelegatingMethodAccessorImpl.java:43)
	at org.openqa.selenium.support.events.EventFiringWebDriver$EventFiringWebElement.lambda$new$0(EventFiringWebDriver.java:404)
	at jdk.proxy2/jdk.proxy2.$Proxy24.click(Unknown Source)
	at org.openqa.selenium.support.events.EventFiringWebDriver$EventFiringWebElement.click(EventFiringWebDriver.java:417)
	at org.openqa.selenium.WebElement$click.call(Unknown Source)
	at com.kms.katalon.core.webui.keyword.builtin.ClickKeyword.clickUntilSuccessWithTimeout(ClickKeyword.groovy:81)
	at com.kms.katalon.core.webui.keyword.builtin.ClickKeyword.clickUntilSuccessWithTimeout(ClickKeyword.groovy)
	at java.base/jdk.internal.reflect.NativeMethodAccessorImpl.invoke0(Native Method)
	at java.base/jdk.internal.reflect.NativeMethodAccessorImpl.invoke(NativeMethodAccessorImpl.java:77)
	at java.base/jdk.internal.reflect.DelegatingMethodAccessorImpl.invoke(DelegatingMethodAccessorImpl.java:43)
	at com.kms.katalon.core.webui.keyword.builtin.ClickKeyword$_click_closure1.doCall(ClickKeyword.groovy:67)
	at com.kms.katalon.core.webui.keyword.builtin.ClickKeyword$_click_closure1.call(ClickKeyword.groovy)
	at com.kms.katalon.core.webui.keyword.internal.WebUIKeywordMain.runKeyword(WebUIKeywordMain.groovy:20)
	at com.kms.katalon.core.webui.keyword.builtin.ClickKeyword.click(ClickKeyword.groovy:74)
	at com.kms.katalon.core.webui.keyword.builtin.ClickKeyword.execute(ClickKeyword.groovy:40)
	at com.kms.katalon.core.keyword.internal.KeywordExecutor.executeKeywordForPlatform(KeywordExecutor.groovy:74)
	at com.kms.katalon.core.webui.keyword.WebUiBuiltInKeywords.click(WebUiBuiltInKeywords.groovy:659)
	at Script1702572534160.run(Script1702572534160.groovy:28)
	... 15 more
)
[[ATTACHMENT|C:\\Users\\ADMIN\\Katalon Studio\\My First Project\\Reports\\20231214_234641\\Common_regression\\20231214_234641\\1702578093037.png]]]]></system-out>
         <system-err><![CDATA[14-12-2023T23:50:47 - [TEST_CASE][FAILED] - Test Cases/Common Test/Login - Invalid -IdPass- Blank: Test Cases/Common Test/Login - Invalid -IdPass- Blank FAILED.
Reason:
com.kms.katalon.core.exception.StepFailedException: Unable to click on object 'Object Repository/Page_Demo Hospital/input_Search_form-control input-sm'
	at com.kms.katalon.core.webui.keyword.internal.WebUIKeywordMain.stepFailed(WebUIKeywordMain.groovy:64)
	at com.kms.katalon.core.webui.keyword.internal.WebUIKeywordMain.runKeyword(WebUIKeywordMain.groovy:26)
	at com.kms.katalon.core.webui.keyword.builtin.ClickKeyword.click(ClickKeyword.groovy:74)
	at com.kms.katalon.core.webui.keyword.builtin.ClickKeyword.execute(ClickKeyword.groovy:40)
	at com.kms.katalon.core.keyword.internal.KeywordExecutor.executeKeywordForPlatform(KeywordExecutor.groovy:74)
	at com.kms.katalon.core.webui.keyword.WebUiBuiltInKeywords.click(WebUiBuiltInKeywords.groovy:659)
	at Login - Invalid -IdPass- Blank.run(Login - Invalid -IdPass- Blank:28)
	at com.kms.katalon.core.main.ScriptEngine.run(ScriptEngine.java:194)
	at com.kms.katalon.core.main.ScriptEngine.runScriptAsRawText(ScriptEngine.java:119)
	at com.kms.katalon.core.main.TestCaseExecutor.runScript(TestCaseExecutor.java:448)
	at com.kms.katalon.core.main.TestCaseExecutor.doExecute(TestCaseExecutor.java:439)
	at com.kms.katalon.core.main.TestCaseExecutor.processExecutionPhase(TestCaseExecutor.java:418)
	at com.kms.katalon.core.main.TestCaseExecutor.accessMainPhase(TestCaseExecutor.java:410)
	at com.kms.katalon.core.main.TestCaseExecutor.execute(TestCaseExecutor.java:285)
	at com.kms.katalon.core.common.CommonExecutor.accessTestCaseMainPhase(CommonExecutor.java:65)
	at com.kms.katalon.core.main.TestSuiteExecutor.accessTestSuiteMainPhase(TestSuiteExecutor.java:148)
	at com.kms.katalon.core.main.TestSuiteExecutor.execute(TestSuiteExecutor.java:106)
	at com.kms.katalon.core.main.TestCaseMain.startTestSuite(TestCaseMain.java:180)
	at TempTestSuite1702577801200.run(TempTestSuite1702577801200.groovy:36)
	at java.base/jdk.internal.reflect.NativeMethodAccessorImpl.invoke0(Native Method)
	at java.base/jdk.internal.reflect.NativeMethodAccessorImpl.invoke(NativeMethodAccessorImpl.java:77)
	at java.base/jdk.internal.reflect.DelegatingMethodAccessorImpl.invoke(DelegatingMethodAccessorImpl.java:43)
Caused by: org.openqa.selenium.ElementNotInteractableException: Element <input name="_token" type="hidden"> could not be scrolled into view
Build info: version: '3.141.59', revision: 'e82be7d358', time: '2018-11-14T08:25:53'
System info: host: 'DESKTOP-28CK1DU', ip: '172.29.16.1', os.name: 'Windows 10', os.arch: 'amd64', os.version: '10.0', java.version: '17.0.7'
Driver info: com.kms.katalon.core.webui.driver.firefox.CGeckoDriver
Capabilities {acceptInsecureCerts: true, browserName: firefox, browserVersion: 120.0.1, javascriptEnabled: true, moz:accessibilityChecks: false, moz:buildID: 20231129155202, moz:geckodriverVersion: 0.33.0, moz:headless: false, moz:platformVersion: 10.0, moz:processID: 19208, moz:profile: C:\Users\ADMIN\AppData\Loca..., moz:shutdownTimeout: 60000, moz:webdriverClick: true, moz:windowless: false, pageLoadStrategy: normal, platform: WINDOWS, platformName: WINDOWS, proxy: Proxy(direct), setWindowRect: true, strictFileInteractability: false, timeouts: {implicit: 0, pageLoad: 300000, script: 30000}, unhandledPromptBehavior: dismiss and notify}
Session ID: 206f6d43-f6bd-4837-b504-20c4d9beb585
	at java.base/jdk.internal.reflect.NativeConstructorAccessorImpl.newInstance0(Native Method)
	at java.base/jdk.internal.reflect.NativeConstructorAccessorImpl.newInstance(NativeConstructorAccessorImpl.java:77)
	at java.base/jdk.internal.reflect.DelegatingConstructorAccessorImpl.newInstance(DelegatingConstructorAccessorImpl.java:45)
	at org.openqa.selenium.remote.http.W3CHttpResponseCodec.createException(W3CHttpResponseCodec.java:187)
	at org.openqa.selenium.remote.http.W3CHttpResponseCodec.decode(W3CHttpResponseCodec.java:122)
	at org.openqa.selenium.remote.http.W3CHttpResponseCodec.decode(W3CHttpResponseCodec.java:49)
	at org.openqa.selenium.remote.HttpCommandExecutor.execute(HttpCommandExecutor.java:158)
	at org.openqa.selenium.remote.service.DriverCommandExecutor.execute(DriverCommandExecutor.java:83)
	at org.openqa.selenium.remote.RemoteWebDriver.execute(RemoteWebDriver.java:552)
	at com.kms.katalon.selenium.driver.CFirefoxDriver.execute(CFirefoxDriver.java:28)
	at org.openqa.selenium.remote.RemoteWebElement.execute(RemoteWebElement.java:285)
	at org.openqa.selenium.remote.RemoteWebElement.click(RemoteWebElement.java:84)
	at java.base/jdk.internal.reflect.NativeMethodAccessorImpl.invoke0(Native Method)
	at java.base/jdk.internal.reflect.NativeMethodAccessorImpl.invoke(NativeMethodAccessorImpl.java:77)
	at java.base/jdk.internal.reflect.DelegatingMethodAccessorImpl.invoke(DelegatingMethodAccessorImpl.java:43)
	at org.openqa.selenium.support.events.EventFiringWebDriver$EventFiringWebElement.lambda$new$0(EventFiringWebDriver.java:404)
	at jdk.proxy2/jdk.proxy2.$Proxy24.click(Unknown Source)
	at org.openqa.selenium.support.events.EventFiringWebDriver$EventFiringWebElement.click(EventFiringWebDriver.java:417)
	at org.openqa.selenium.WebElement$click.call(Unknown Source)
	at com.kms.katalon.core.webui.keyword.builtin.ClickKeyword.clickUntilSuccessWithTimeout(ClickKeyword.groovy:81)
	at com.kms.katalon.core.webui.keyword.builtin.ClickKeyword.clickUntilSuccessWithTimeout(ClickKeyword.groovy)
	at java.base/jdk.internal.reflect.NativeMethodAccessorImpl.invoke0(Native Method)
	at java.base/jdk.internal.reflect.NativeMethodAccessorImpl.invoke(NativeMethodAccessorImpl.java:77)
	at java.base/jdk.internal.reflect.DelegatingMethodAccessorImpl.invoke(DelegatingMethodAccessorImpl.java:43)
	at com.kms.katalon.core.webui.keyword.builtin.ClickKeyword$_click_closure1.doCall(ClickKeyword.groovy:67)
	at com.kms.katalon.core.webui.keyword.builtin.ClickKeyword$_click_closure1.call(ClickKeyword.groovy)
	at com.kms.katalon.core.webui.keyword.internal.WebUIKeywordMain.runKeyword(WebUIKeywordMain.groovy:20)
	... 20 more]]></system-err>
      </testcase>
      <testcase name="Test Cases/Patient Management/Add_Patient" time="44.248" classname="Test Cases/Patient Management/Add_Patient" status="FAILED">
         <failure type="FAILED" message="Test Cases/Patient Management/Add_Patient FAILED.&#xa;Reason:&#xa;com.kms.katalon.core.exception.StepFailedException: Unable to set text 'admin@gmail.com' of object 'Object Repository/Page_Demo Hospital/input_Search_form-control input-sm'&#xa;	at com.kms.katalon.core.webui.keyword.internal.WebUIKeywordMain.stepFailed(WebUIKeywordMain.groovy:64)&#xa;	at com.kms.katalon.core.webui.keyword.internal.WebUIKeywordMain.runKeyword(WebUIKeywordMain.groovy:26)&#xa;	at com.kms.katalon.core.webui.keyword.builtin.SetTextKeyword.setText(SetTextKeyword.groovy:66)&#xa;	at com.kms.katalon.core.webui.keyword.builtin.SetTextKeyword.execute(SetTextKeyword.groovy:37)&#xa;	at com.kms.katalon.core.keyword.internal.KeywordExecutor.executeKeywordForPlatform(KeywordExecutor.groovy:74)&#xa;	at com.kms.katalon.core.webui.keyword.WebUiBuiltInKeywords.setText(WebUiBuiltInKeywords.groovy:1019)&#xa;	at Add_Patient.run(Add_Patient:24)&#xa;	at com.kms.katalon.core.main.ScriptEngine.run(ScriptEngine.java:194)&#xa;	at com.kms.katalon.core.main.ScriptEngine.runScriptAsRawText(ScriptEngine.java:119)&#xa;	at com.kms.katalon.core.main.TestCaseExecutor.runScript(TestCaseExecutor.java:448)&#xa;	at com.kms.katalon.core.main.TestCaseExecutor.doExecute(TestCaseExecutor.java:439)&#xa;	at com.kms.katalon.core.main.TestCaseExecutor.processExecutionPhase(TestCaseExecutor.java:418)&#xa;	at com.kms.katalon.core.main.TestCaseExecutor.accessMainPhase(TestCaseExecutor.java:410)&#xa;	at com.kms.katalon.core.main.TestCaseExecutor.execute(TestCaseExecutor.java:285)&#xa;	at com.kms.katalon.core.common.CommonExecutor.accessTestCaseMainPhase(CommonExecutor.java:65)&#xa;	at com.kms.katalon.core.main.TestSuiteExecutor.accessTestSuiteMainPhase(TestSuiteExecutor.java:148)&#xa;	at com.kms.katalon.core.main.TestSuiteExecutor.execute(TestSuiteExecutor.java:106)&#xa;	at com.kms.katalon.core.main.TestCaseMain.startTestSuite(TestCaseMain.java:180)&#xa;	at TempTestSuite1702577801200.run(TempTestSuite1702577801200.groovy:36)&#xa;	at java.base/jdk.internal.reflect.NativeMethodAccessorImpl.invoke0(Native Method)&#xa;	at java.base/jdk.internal.reflect.NativeMethodAccessorImpl.invoke(NativeMethodAccessorImpl.java:77)&#xa;	at java.base/jdk.internal.reflect.DelegatingMethodAccessorImpl.invoke(DelegatingMethodAccessorImpl.java:43)&#xa;Caused by: org.openqa.selenium.InvalidElementStateException: Unable to clear element that cannot be edited: &lt;input name=&quot;_token&quot; type=&quot;hidden&quot;>&#xa;Build info: version: '3.141.59', revision: 'e82be7d358', time: '2018-11-14T08:25:53'&#xa;System info: host: 'DESKTOP-28CK1DU', ip: '172.29.16.1', os.name: 'Windows 10', os.arch: 'amd64', os.version: '10.0', java.version: '17.0.7'&#xa;Driver info: com.kms.katalon.core.webui.driver.firefox.CGeckoDriver&#xa;Capabilities {acceptInsecureCerts: true, browserName: firefox, browserVersion: 120.0.1, javascriptEnabled: true, moz:accessibilityChecks: false, moz:buildID: 20231129155202, moz:geckodriverVersion: 0.33.0, moz:headless: false, moz:platformVersion: 10.0, moz:processID: 12104, moz:profile: C:\Users\ADMIN\AppData\Loca..., moz:shutdownTimeout: 60000, moz:webdriverClick: true, moz:windowless: false, pageLoadStrategy: normal, platform: WINDOWS, platformName: WINDOWS, proxy: Proxy(direct), setWindowRect: true, strictFileInteractability: false, timeouts: {implicit: 0, pageLoad: 300000, script: 30000}, unhandledPromptBehavior: dismiss and notify}&#xa;Session ID: afc88b27-98cc-4eb7-9733-d662421ceef0&#xa;	at java.base/jdk.internal.reflect.NativeConstructorAccessorImpl.newInstance0(Native Method)&#xa;	at java.base/jdk.internal.reflect.NativeConstructorAccessorImpl.newInstance(NativeConstructorAccessorImpl.java:77)&#xa;	at java.base/jdk.internal.reflect.DelegatingConstructorAccessorImpl.newInstance(DelegatingConstructorAccessorImpl.java:45)&#xa;	at org.openqa.selenium.remote.http.W3CHttpResponseCodec.createException(W3CHttpResponseCodec.java:187)&#xa;	at org.openqa.selenium.remote.http.W3CHttpResponseCodec.decode(W3CHttpResponseCodec.java:122)&#xa;	at org.openqa.selenium.remote.http.W3CHttpResponseCodec.decode(W3CHttpResponseCodec.java:49)&#xa;	at org.openqa.selenium.remote.HttpCommandExecutor.execute(HttpCommandExecutor.java:158)&#xa;	at org.openqa.selenium.remote.service.DriverCommandExecutor.execute(DriverCommandExecutor.java:83)&#xa;	at org.openqa.selenium.remote.RemoteWebDriver.execute(RemoteWebDriver.java:552)&#xa;	at com.kms.katalon.selenium.driver.CFirefoxDriver.execute(CFirefoxDriver.java:28)&#xa;	at org.openqa.selenium.remote.RemoteWebElement.execute(RemoteWebElement.java:285)&#xa;	at org.openqa.selenium.remote.RemoteWebElement.clear(RemoteWebElement.java:124)&#xa;	at java.base/jdk.internal.reflect.NativeMethodAccessorImpl.invoke0(Native Method)&#xa;	at java.base/jdk.internal.reflect.NativeMethodAccessorImpl.invoke(NativeMethodAccessorImpl.java:77)&#xa;	at java.base/jdk.internal.reflect.DelegatingMethodAccessorImpl.invoke(DelegatingMethodAccessorImpl.java:43)&#xa;	at org.openqa.selenium.support.events.EventFiringWebDriver$EventFiringWebElement.lambda$new$0(EventFiringWebDriver.java:404)&#xa;	at jdk.proxy2/jdk.proxy2.$Proxy24.clear(Unknown Source)&#xa;	at org.openqa.selenium.support.events.EventFiringWebDriver$EventFiringWebElement.clear(EventFiringWebDriver.java:436)&#xa;	at com.kms.katalon.core.webui.keyword.builtin.SetTextKeyword$_setText_closure1.doCall(SetTextKeyword.groovy:53)&#xa;	at com.kms.katalon.core.webui.keyword.builtin.SetTextKeyword$_setText_closure1.call(SetTextKeyword.groovy)&#xa;	at com.kms.katalon.core.webui.keyword.internal.WebUIKeywordMain.runKeyword(WebUIKeywordMain.groovy:20)&#xa;	... 20 more&#xa;"/>
         <system-out><![CDATA[14-12-2023T23:51:33 - [TEST_CASE][FAILED] - Test Cases/Patient Management/Add_Patient: Test Cases/Patient Management/Add_Patient FAILED.
Reason:
com.kms.katalon.core.exception.StepFailedException: Unable to set text 'admin@gmail.com' of object 'Object Repository/Page_Demo Hospital/input_Search_form-control input-sm'
	at com.kms.katalon.core.webui.keyword.internal.WebUIKeywordMain.stepFailed(WebUIKeywordMain.groovy:64)
	at com.kms.katalon.core.webui.keyword.internal.WebUIKeywordMain.runKeyword(WebUIKeywordMain.groovy:26)
	at com.kms.katalon.core.webui.keyword.builtin.SetTextKeyword.setText(SetTextKeyword.groovy:66)
	at com.kms.katalon.core.webui.keyword.builtin.SetTextKeyword.execute(SetTextKeyword.groovy:37)
	at com.kms.katalon.core.keyword.internal.KeywordExecutor.executeKeywordForPlatform(KeywordExecutor.groovy:74)
	at com.kms.katalon.core.webui.keyword.WebUiBuiltInKeywords.setText(WebUiBuiltInKeywords.groovy:1019)
	at Add_Patient.run(Add_Patient:24)
	at com.kms.katalon.core.main.ScriptEngine.run(ScriptEngine.java:194)
	at com.kms.katalon.core.main.ScriptEngine.runScriptAsRawText(ScriptEngine.java:119)
	at com.kms.katalon.core.main.TestCaseExecutor.runScript(TestCaseExecutor.java:448)
	at com.kms.katalon.core.main.TestCaseExecutor.doExecute(TestCaseExecutor.java:439)
	at com.kms.katalon.core.main.TestCaseExecutor.processExecutionPhase(TestCaseExecutor.java:418)
	at com.kms.katalon.core.main.TestCaseExecutor.accessMainPhase(TestCaseExecutor.java:410)
	at com.kms.katalon.core.main.TestCaseExecutor.execute(TestCaseExecutor.java:285)
	at com.kms.katalon.core.common.CommonExecutor.accessTestCaseMainPhase(CommonExecutor.java:65)
	at com.kms.katalon.core.main.TestSuiteExecutor.accessTestSuiteMainPhase(TestSuiteExecutor.java:148)
	at com.kms.katalon.core.main.TestSuiteExecutor.execute(TestSuiteExecutor.java:106)
	at com.kms.katalon.core.main.TestCaseMain.startTestSuite(TestCaseMain.java:180)
	at TempTestSuite1702577801200.run(TempTestSuite1702577801200.groovy:36)
	at java.base/jdk.internal.reflect.NativeMethodAccessorImpl.invoke0(Native Method)
	at java.base/jdk.internal.reflect.NativeMethodAccessorImpl.invoke(NativeMethodAccessorImpl.java:77)
	at java.base/jdk.internal.reflect.DelegatingMethodAccessorImpl.invoke(DelegatingMethodAccessorImpl.java:43)
Caused by: org.openqa.selenium.InvalidElementStateException: Unable to clear element that cannot be edited: <input name="_token" type="hidden">
Build info: version: '3.141.59', revision: 'e82be7d358', time: '2018-11-14T08:25:53'
System info: host: 'DESKTOP-28CK1DU', ip: '172.29.16.1', os.name: 'Windows 10', os.arch: 'amd64', os.version: '10.0', java.version: '17.0.7'
Driver info: com.kms.katalon.core.webui.driver.firefox.CGeckoDriver
Capabilities {acceptInsecureCerts: true, browserName: firefox, browserVersion: 120.0.1, javascriptEnabled: true, moz:accessibilityChecks: false, moz:buildID: 20231129155202, moz:geckodriverVersion: 0.33.0, moz:headless: false, moz:platformVersion: 10.0, moz:processID: 12104, moz:profile: C:\Users\ADMIN\AppData\Loca..., moz:shutdownTimeout: 60000, moz:webdriverClick: true, moz:windowless: false, pageLoadStrategy: normal, platform: WINDOWS, platformName: WINDOWS, proxy: Proxy(direct), setWindowRect: true, strictFileInteractability: false, timeouts: {implicit: 0, pageLoad: 300000, script: 30000}, unhandledPromptBehavior: dismiss and notify}
Session ID: afc88b27-98cc-4eb7-9733-d662421ceef0
	at java.base/jdk.internal.reflect.NativeConstructorAccessorImpl.newInstance0(Native Method)
	at java.base/jdk.internal.reflect.NativeConstructorAccessorImpl.newInstance(NativeConstructorAccessorImpl.java:77)
	at java.base/jdk.internal.reflect.DelegatingConstructorAccessorImpl.newInstance(DelegatingConstructorAccessorImpl.java:45)
	at org.openqa.selenium.remote.http.W3CHttpResponseCodec.createException(W3CHttpResponseCodec.java:187)
	at org.openqa.selenium.remote.http.W3CHttpResponseCodec.decode(W3CHttpResponseCodec.java:122)
	at org.openqa.selenium.remote.http.W3CHttpResponseCodec.decode(W3CHttpResponseCodec.java:49)
	at org.openqa.selenium.remote.HttpCommandExecutor.execute(HttpCommandExecutor.java:158)
	at org.openqa.selenium.remote.service.DriverCommandExecutor.execute(DriverCommandExecutor.java:83)
	at org.openqa.selenium.remote.RemoteWebDriver.execute(RemoteWebDriver.java:552)
	at com.kms.katalon.selenium.driver.CFirefoxDriver.execute(CFirefoxDriver.java:28)
	at org.openqa.selenium.remote.RemoteWebElement.execute(RemoteWebElement.java:285)
	at org.openqa.selenium.remote.RemoteWebElement.clear(RemoteWebElement.java:124)
	at java.base/jdk.internal.reflect.NativeMethodAccessorImpl.invoke0(Native Method)
	at java.base/jdk.internal.reflect.NativeMethodAccessorImpl.invoke(NativeMethodAccessorImpl.java:77)
	at java.base/jdk.internal.reflect.DelegatingMethodAccessorImpl.invoke(DelegatingMethodAccessorImpl.java:43)
	at org.openqa.selenium.support.events.EventFiringWebDriver$EventFiringWebElement.lambda$new$0(EventFiringWebDriver.java:404)
	at jdk.proxy2/jdk.proxy2.$Proxy24.clear(Unknown Source)
	at org.openqa.selenium.support.events.EventFiringWebDriver$EventFiringWebElement.clear(EventFiringWebDriver.java:436)
	at com.kms.katalon.core.webui.keyword.builtin.SetTextKeyword$_setText_closure1.doCall(SetTextKeyword.groovy:53)
	at com.kms.katalon.core.webui.keyword.builtin.SetTextKeyword$_setText_closure1.call(SetTextKeyword.groovy)
	at com.kms.katalon.core.webui.keyword.internal.WebUIKeywordMain.runKeyword(WebUIKeywordMain.groovy:20)
	... 20 more


14-12-2023T23:51:33 - [TEST_STEP][PASSED] - openBrowser(""): Browser is opened with url: ''

14-12-2023T23:51:33 - [MESSAGE][WARNING] - A browser is already opened. Closing browser and opening a new one

14-12-2023T23:51:35 - [MESSAGE][INFO] - Starting 'Firefox' driver

14-12-2023T23:51:35 - [MESSAGE][INFO] - Action delay is set to 0 milliseconds

14-12-2023T23:51:41 - [MESSAGE][PASSED] - Browser is opened with url: ''

14-12-2023T23:51:41 - [TEST_STEP][PASSED] - navigateToUrl("https://hospitalb.com/login"): Navigate to 'https://hospitalb.com/login' successfully

14-12-2023T23:51:45 - [MESSAGE][PASSED] - Navigate to 'https://hospitalb.com/login' successfully

14-12-2023T23:51:45 - [TEST_STEP][FAILED] - setText(findTestObject("Object Repository/Page_Demo Hospital/input_Search_form-control input-sm"), "admin@gmail.com"): Unable to set text 'admin@gmail.com' of object 'Object Repository/Page_Demo Hospital/input_Search_form-control input-sm' (Root cause: com.kms.katalon.core.exception.StepFailedException: Unable to set text 'admin@gmail.com' of object 'Object Repository/Page_Demo Hospital/input_Search_form-control input-sm'
	at com.kms.katalon.core.webui.keyword.internal.WebUIKeywordMain.stepFailed(WebUIKeywordMain.groovy:64)
	at com.kms.katalon.core.webui.keyword.internal.WebUIKeywordMain.runKeyword(WebUIKeywordMain.groovy:26)
	at com.kms.katalon.core.webui.keyword.builtin.SetTextKeyword.setText(SetTextKeyword.groovy:66)
	at com.kms.katalon.core.webui.keyword.builtin.SetTextKeyword.execute(SetTextKeyword.groovy:37)
	at com.kms.katalon.core.keyword.internal.KeywordExecutor.executeKeywordForPlatform(KeywordExecutor.groovy:74)
	at com.kms.katalon.core.webui.keyword.WebUiBuiltInKeywords.setText(WebUiBuiltInKeywords.groovy:1019)
	at Add_Patient.run(Add_Patient:24)
	at com.kms.katalon.core.main.ScriptEngine.run(ScriptEngine.java:194)
	at com.kms.katalon.core.main.ScriptEngine.runScriptAsRawText(ScriptEngine.java:119)
	at com.kms.katalon.core.main.TestCaseExecutor.runScript(TestCaseExecutor.java:448)
	at com.kms.katalon.core.main.TestCaseExecutor.doExecute(TestCaseExecutor.java:439)
	at com.kms.katalon.core.main.TestCaseExecutor.processExecutionPhase(TestCaseExecutor.java:418)
	at com.kms.katalon.core.main.TestCaseExecutor.accessMainPhase(TestCaseExecutor.java:410)
	at com.kms.katalon.core.main.TestCaseExecutor.execute(TestCaseExecutor.java:285)
	at com.kms.katalon.core.common.CommonExecutor.accessTestCaseMainPhase(CommonExecutor.java:65)
	at com.kms.katalon.core.main.TestSuiteExecutor.accessTestSuiteMainPhase(TestSuiteExecutor.java:148)
	at com.kms.katalon.core.main.TestSuiteExecutor.execute(TestSuiteExecutor.java:106)
	at com.kms.katalon.core.main.TestCaseMain.startTestSuite(TestCaseMain.java:180)
	at TempTestSuite1702577801200.run(TempTestSuite1702577801200.groovy:36)
	at java.base/jdk.internal.reflect.NativeMethodAccessorImpl.invoke0(Native Method)
	at java.base/jdk.internal.reflect.NativeMethodAccessorImpl.invoke(NativeMethodAccessorImpl.java:77)
	at java.base/jdk.internal.reflect.DelegatingMethodAccessorImpl.invoke(DelegatingMethodAccessorImpl.java:43)
Caused by: org.openqa.selenium.InvalidElementStateException: Unable to clear element that cannot be edited: <input name="_token" type="hidden">
Build info: version: '3.141.59', revision: 'e82be7d358', time: '2018-11-14T08:25:53'
System info: host: 'DESKTOP-28CK1DU', ip: '172.29.16.1', os.name: 'Windows 10', os.arch: 'amd64', os.version: '10.0', java.version: '17.0.7'
Driver info: com.kms.katalon.core.webui.driver.firefox.CGeckoDriver
Capabilities {acceptInsecureCerts: true, browserName: firefox, browserVersion: 120.0.1, javascriptEnabled: true, moz:accessibilityChecks: false, moz:buildID: 20231129155202, moz:geckodriverVersion: 0.33.0, moz:headless: false, moz:platformVersion: 10.0, moz:processID: 12104, moz:profile: C:\Users\ADMIN\AppData\Loca..., moz:shutdownTimeout: 60000, moz:webdriverClick: true, moz:windowless: false, pageLoadStrategy: normal, platform: WINDOWS, platformName: WINDOWS, proxy: Proxy(direct), setWindowRect: true, strictFileInteractability: false, timeouts: {implicit: 0, pageLoad: 300000, script: 30000}, unhandledPromptBehavior: dismiss and notify}
Session ID: afc88b27-98cc-4eb7-9733-d662421ceef0
	at java.base/jdk.internal.reflect.NativeConstructorAccessorImpl.newInstance0(Native Method)
	at java.base/jdk.internal.reflect.NativeConstructorAccessorImpl.newInstance(NativeConstructorAccessorImpl.java:77)
	at java.base/jdk.internal.reflect.DelegatingConstructorAccessorImpl.newInstance(DelegatingConstructorAccessorImpl.java:45)
	at org.openqa.selenium.remote.http.W3CHttpResponseCodec.createException(W3CHttpResponseCodec.java:187)
	at org.openqa.selenium.remote.http.W3CHttpResponseCodec.decode(W3CHttpResponseCodec.java:122)
	at org.openqa.selenium.remote.http.W3CHttpResponseCodec.decode(W3CHttpResponseCodec.java:49)
	at org.openqa.selenium.remote.HttpCommandExecutor.execute(HttpCommandExecutor.java:158)
	at org.openqa.selenium.remote.service.DriverCommandExecutor.execute(DriverCommandExecutor.java:83)
	at org.openqa.selenium.remote.RemoteWebDriver.execute(RemoteWebDriver.java:552)
	at com.kms.katalon.selenium.driver.CFirefoxDriver.execute(CFirefoxDriver.java:28)
	at org.openqa.selenium.remote.RemoteWebElement.execute(RemoteWebElement.java:285)
	at org.openqa.selenium.remote.RemoteWebElement.clear(RemoteWebElement.java:124)
	at java.base/jdk.internal.reflect.NativeMethodAccessorImpl.invoke0(Native Method)
	at java.base/jdk.internal.reflect.NativeMethodAccessorImpl.invoke(NativeMethodAccessorImpl.java:77)
	at java.base/jdk.internal.reflect.DelegatingMethodAccessorImpl.invoke(DelegatingMethodAccessorImpl.java:43)
	at org.openqa.selenium.support.events.EventFiringWebDriver$EventFiringWebElement.lambda$new$0(EventFiringWebDriver.java:404)
	at jdk.proxy2/jdk.proxy2.$Proxy24.clear(Unknown Source)
	at org.openqa.selenium.support.events.EventFiringWebDriver$EventFiringWebElement.clear(EventFiringWebDriver.java:436)
	at com.kms.katalon.core.webui.keyword.builtin.SetTextKeyword$_setText_closure1.doCall(SetTextKeyword.groovy:53)
	at com.kms.katalon.core.webui.keyword.builtin.SetTextKeyword$_setText_closure1.call(SetTextKeyword.groovy)
	at com.kms.katalon.core.webui.keyword.internal.WebUIKeywordMain.runKeyword(WebUIKeywordMain.groovy:20)
	at com.kms.katalon.core.webui.keyword.builtin.SetTextKeyword.setText(SetTextKeyword.groovy:66)
	at com.kms.katalon.core.webui.keyword.builtin.SetTextKeyword.execute(SetTextKeyword.groovy:37)
	at com.kms.katalon.core.keyword.internal.KeywordExecutor.executeKeywordForPlatform(KeywordExecutor.groovy:74)
	at com.kms.katalon.core.webui.keyword.WebUiBuiltInKeywords.setText(WebUiBuiltInKeywords.groovy:1019)
	at Script1702577212403.run(Script1702577212403.groovy:24)
	... 15 more
)

14-12-2023T23:52:17 - [MESSAGE][INFO] - Unable to find the element located by 'By.xpath: //input[@type='search']'. Please recheck the objects properties to make sure the desired element is located. 

14-12-2023T23:52:17 - [MESSAGE][WARNING] - [SELF-HEALING] Failed to find element with id 'Object Repository/Page_Demo Hospital/input_Search_form-control input-sm'. Try using Self-healing.

14-12-2023T23:52:17 - [MESSAGE][WARNING] - [SELF-HEALING] The current locator of test object 'Object Repository/Page_Demo Hospital/input_Search_form-control input-sm' was broken. Propose an alternative one: '//input'.

14-12-2023T23:52:17 - [MESSAGE][FAILED] - Unable to set text 'admin@gmail.com' of object 'Object Repository/Page_Demo Hospital/input_Search_form-control input-sm' (Root cause: com.kms.katalon.core.exception.StepFailedException: Unable to set text 'admin@gmail.com' of object 'Object Repository/Page_Demo Hospital/input_Search_form-control input-sm'
	at com.kms.katalon.core.webui.keyword.internal.WebUIKeywordMain.stepFailed(WebUIKeywordMain.groovy:64)
	at com.kms.katalon.core.webui.keyword.internal.WebUIKeywordMain.runKeyword(WebUIKeywordMain.groovy:26)
	at com.kms.katalon.core.webui.keyword.builtin.SetTextKeyword.setText(SetTextKeyword.groovy:66)
	at com.kms.katalon.core.webui.keyword.builtin.SetTextKeyword.execute(SetTextKeyword.groovy:37)
	at com.kms.katalon.core.keyword.internal.KeywordExecutor.executeKeywordForPlatform(KeywordExecutor.groovy:74)
	at com.kms.katalon.core.webui.keyword.WebUiBuiltInKeywords.setText(WebUiBuiltInKeywords.groovy:1019)
	at Add_Patient.run(Add_Patient:24)
	at com.kms.katalon.core.main.ScriptEngine.run(ScriptEngine.java:194)
	at com.kms.katalon.core.main.ScriptEngine.runScriptAsRawText(ScriptEngine.java:119)
	at com.kms.katalon.core.main.TestCaseExecutor.runScript(TestCaseExecutor.java:448)
	at com.kms.katalon.core.main.TestCaseExecutor.doExecute(TestCaseExecutor.java:439)
	at com.kms.katalon.core.main.TestCaseExecutor.processExecutionPhase(TestCaseExecutor.java:418)
	at com.kms.katalon.core.main.TestCaseExecutor.accessMainPhase(TestCaseExecutor.java:410)
	at com.kms.katalon.core.main.TestCaseExecutor.execute(TestCaseExecutor.java:285)
	at com.kms.katalon.core.common.CommonExecutor.accessTestCaseMainPhase(CommonExecutor.java:65)
	at com.kms.katalon.core.main.TestSuiteExecutor.accessTestSuiteMainPhase(TestSuiteExecutor.java:148)
	at com.kms.katalon.core.main.TestSuiteExecutor.execute(TestSuiteExecutor.java:106)
	at com.kms.katalon.core.main.TestCaseMain.startTestSuite(TestCaseMain.java:180)
	at TempTestSuite1702577801200.run(TempTestSuite1702577801200.groovy:36)
	at java.base/jdk.internal.reflect.NativeMethodAccessorImpl.invoke0(Native Method)
	at java.base/jdk.internal.reflect.NativeMethodAccessorImpl.invoke(NativeMethodAccessorImpl.java:77)
	at java.base/jdk.internal.reflect.DelegatingMethodAccessorImpl.invoke(DelegatingMethodAccessorImpl.java:43)
Caused by: org.openqa.selenium.InvalidElementStateException: Unable to clear element that cannot be edited: <input name="_token" type="hidden">
Build info: version: '3.141.59', revision: 'e82be7d358', time: '2018-11-14T08:25:53'
System info: host: 'DESKTOP-28CK1DU', ip: '172.29.16.1', os.name: 'Windows 10', os.arch: 'amd64', os.version: '10.0', java.version: '17.0.7'
Driver info: com.kms.katalon.core.webui.driver.firefox.CGeckoDriver
Capabilities {acceptInsecureCerts: true, browserName: firefox, browserVersion: 120.0.1, javascriptEnabled: true, moz:accessibilityChecks: false, moz:buildID: 20231129155202, moz:geckodriverVersion: 0.33.0, moz:headless: false, moz:platformVersion: 10.0, moz:processID: 12104, moz:profile: C:\Users\ADMIN\AppData\Loca..., moz:shutdownTimeout: 60000, moz:webdriverClick: true, moz:windowless: false, pageLoadStrategy: normal, platform: WINDOWS, platformName: WINDOWS, proxy: Proxy(direct), setWindowRect: true, strictFileInteractability: false, timeouts: {implicit: 0, pageLoad: 300000, script: 30000}, unhandledPromptBehavior: dismiss and notify}
Session ID: afc88b27-98cc-4eb7-9733-d662421ceef0
	at java.base/jdk.internal.reflect.NativeConstructorAccessorImpl.newInstance0(Native Method)
	at java.base/jdk.internal.reflect.NativeConstructorAccessorImpl.newInstance(NativeConstructorAccessorImpl.java:77)
	at java.base/jdk.internal.reflect.DelegatingConstructorAccessorImpl.newInstance(DelegatingConstructorAccessorImpl.java:45)
	at org.openqa.selenium.remote.http.W3CHttpResponseCodec.createException(W3CHttpResponseCodec.java:187)
	at org.openqa.selenium.remote.http.W3CHttpResponseCodec.decode(W3CHttpResponseCodec.java:122)
	at org.openqa.selenium.remote.http.W3CHttpResponseCodec.decode(W3CHttpResponseCodec.java:49)
	at org.openqa.selenium.remote.HttpCommandExecutor.execute(HttpCommandExecutor.java:158)
	at org.openqa.selenium.remote.service.DriverCommandExecutor.execute(DriverCommandExecutor.java:83)
	at org.openqa.selenium.remote.RemoteWebDriver.execute(RemoteWebDriver.java:552)
	at com.kms.katalon.selenium.driver.CFirefoxDriver.execute(CFirefoxDriver.java:28)
	at org.openqa.selenium.remote.RemoteWebElement.execute(RemoteWebElement.java:285)
	at org.openqa.selenium.remote.RemoteWebElement.clear(RemoteWebElement.java:124)
	at java.base/jdk.internal.reflect.NativeMethodAccessorImpl.invoke0(Native Method)
	at java.base/jdk.internal.reflect.NativeMethodAccessorImpl.invoke(NativeMethodAccessorImpl.java:77)
	at java.base/jdk.internal.reflect.DelegatingMethodAccessorImpl.invoke(DelegatingMethodAccessorImpl.java:43)
	at org.openqa.selenium.support.events.EventFiringWebDriver$EventFiringWebElement.lambda$new$0(EventFiringWebDriver.java:404)
	at jdk.proxy2/jdk.proxy2.$Proxy24.clear(Unknown Source)
	at org.openqa.selenium.support.events.EventFiringWebDriver$EventFiringWebElement.clear(EventFiringWebDriver.java:436)
	at com.kms.katalon.core.webui.keyword.builtin.SetTextKeyword$_setText_closure1.doCall(SetTextKeyword.groovy:53)
	at com.kms.katalon.core.webui.keyword.builtin.SetTextKeyword$_setText_closure1.call(SetTextKeyword.groovy)
	at com.kms.katalon.core.webui.keyword.internal.WebUIKeywordMain.runKeyword(WebUIKeywordMain.groovy:20)
	at com.kms.katalon.core.webui.keyword.builtin.SetTextKeyword.setText(SetTextKeyword.groovy:66)
	at com.kms.katalon.core.webui.keyword.builtin.SetTextKeyword.execute(SetTextKeyword.groovy:37)
	at com.kms.katalon.core.keyword.internal.KeywordExecutor.executeKeywordForPlatform(KeywordExecutor.groovy:74)
	at com.kms.katalon.core.webui.keyword.WebUiBuiltInKeywords.setText(WebUiBuiltInKeywords.groovy:1019)
	at Script1702577212403.run(Script1702577212403.groovy:24)
	... 15 more
)
[[ATTACHMENT|C:\\Users\\ADMIN\\Katalon Studio\\My First Project\\Reports\\20231214_234641\\Common_regression\\20231214_234641\\1702578137280.png]]]]></system-out>
         <system-err><![CDATA[14-12-2023T23:51:33 - [TEST_CASE][FAILED] - Test Cases/Patient Management/Add_Patient: Test Cases/Patient Management/Add_Patient FAILED.
Reason:
com.kms.katalon.core.exception.StepFailedException: Unable to set text 'admin@gmail.com' of object 'Object Repository/Page_Demo Hospital/input_Search_form-control input-sm'
	at com.kms.katalon.core.webui.keyword.internal.WebUIKeywordMain.stepFailed(WebUIKeywordMain.groovy:64)
	at com.kms.katalon.core.webui.keyword.internal.WebUIKeywordMain.runKeyword(WebUIKeywordMain.groovy:26)
	at com.kms.katalon.core.webui.keyword.builtin.SetTextKeyword.setText(SetTextKeyword.groovy:66)
	at com.kms.katalon.core.webui.keyword.builtin.SetTextKeyword.execute(SetTextKeyword.groovy:37)
	at com.kms.katalon.core.keyword.internal.KeywordExecutor.executeKeywordForPlatform(KeywordExecutor.groovy:74)
	at com.kms.katalon.core.webui.keyword.WebUiBuiltInKeywords.setText(WebUiBuiltInKeywords.groovy:1019)
	at Add_Patient.run(Add_Patient:24)
	at com.kms.katalon.core.main.ScriptEngine.run(ScriptEngine.java:194)
	at com.kms.katalon.core.main.ScriptEngine.runScriptAsRawText(ScriptEngine.java:119)
	at com.kms.katalon.core.main.TestCaseExecutor.runScript(TestCaseExecutor.java:448)
	at com.kms.katalon.core.main.TestCaseExecutor.doExecute(TestCaseExecutor.java:439)
	at com.kms.katalon.core.main.TestCaseExecutor.processExecutionPhase(TestCaseExecutor.java:418)
	at com.kms.katalon.core.main.TestCaseExecutor.accessMainPhase(TestCaseExecutor.java:410)
	at com.kms.katalon.core.main.TestCaseExecutor.execute(TestCaseExecutor.java:285)
	at com.kms.katalon.core.common.CommonExecutor.accessTestCaseMainPhase(CommonExecutor.java:65)
	at com.kms.katalon.core.main.TestSuiteExecutor.accessTestSuiteMainPhase(TestSuiteExecutor.java:148)
	at com.kms.katalon.core.main.TestSuiteExecutor.execute(TestSuiteExecutor.java:106)
	at com.kms.katalon.core.main.TestCaseMain.startTestSuite(TestCaseMain.java:180)
	at TempTestSuite1702577801200.run(TempTestSuite1702577801200.groovy:36)
	at java.base/jdk.internal.reflect.NativeMethodAccessorImpl.invoke0(Native Method)
	at java.base/jdk.internal.reflect.NativeMethodAccessorImpl.invoke(NativeMethodAccessorImpl.java:77)
	at java.base/jdk.internal.reflect.DelegatingMethodAccessorImpl.invoke(DelegatingMethodAccessorImpl.java:43)
Caused by: org.openqa.selenium.InvalidElementStateException: Unable to clear element that cannot be edited: <input name="_token" type="hidden">
Build info: version: '3.141.59', revision: 'e82be7d358', time: '2018-11-14T08:25:53'
System info: host: 'DESKTOP-28CK1DU', ip: '172.29.16.1', os.name: 'Windows 10', os.arch: 'amd64', os.version: '10.0', java.version: '17.0.7'
Driver info: com.kms.katalon.core.webui.driver.firefox.CGeckoDriver
Capabilities {acceptInsecureCerts: true, browserName: firefox, browserVersion: 120.0.1, javascriptEnabled: true, moz:accessibilityChecks: false, moz:buildID: 20231129155202, moz:geckodriverVersion: 0.33.0, moz:headless: false, moz:platformVersion: 10.0, moz:processID: 12104, moz:profile: C:\Users\ADMIN\AppData\Loca..., moz:shutdownTimeout: 60000, moz:webdriverClick: true, moz:windowless: false, pageLoadStrategy: normal, platform: WINDOWS, platformName: WINDOWS, proxy: Proxy(direct), setWindowRect: true, strictFileInteractability: false, timeouts: {implicit: 0, pageLoad: 300000, script: 30000}, unhandledPromptBehavior: dismiss and notify}
Session ID: afc88b27-98cc-4eb7-9733-d662421ceef0
	at java.base/jdk.internal.reflect.NativeConstructorAccessorImpl.newInstance0(Native Method)
	at java.base/jdk.internal.reflect.NativeConstructorAccessorImpl.newInstance(NativeConstructorAccessorImpl.java:77)
	at java.base/jdk.internal.reflect.DelegatingConstructorAccessorImpl.newInstance(DelegatingConstructorAccessorImpl.java:45)
	at org.openqa.selenium.remote.http.W3CHttpResponseCodec.createException(W3CHttpResponseCodec.java:187)
	at org.openqa.selenium.remote.http.W3CHttpResponseCodec.decode(W3CHttpResponseCodec.java:122)
	at org.openqa.selenium.remote.http.W3CHttpResponseCodec.decode(W3CHttpResponseCodec.java:49)
	at org.openqa.selenium.remote.HttpCommandExecutor.execute(HttpCommandExecutor.java:158)
	at org.openqa.selenium.remote.service.DriverCommandExecutor.execute(DriverCommandExecutor.java:83)
	at org.openqa.selenium.remote.RemoteWebDriver.execute(RemoteWebDriver.java:552)
	at com.kms.katalon.selenium.driver.CFirefoxDriver.execute(CFirefoxDriver.java:28)
	at org.openqa.selenium.remote.RemoteWebElement.execute(RemoteWebElement.java:285)
	at org.openqa.selenium.remote.RemoteWebElement.clear(RemoteWebElement.java:124)
	at java.base/jdk.internal.reflect.NativeMethodAccessorImpl.invoke0(Native Method)
	at java.base/jdk.internal.reflect.NativeMethodAccessorImpl.invoke(NativeMethodAccessorImpl.java:77)
	at java.base/jdk.internal.reflect.DelegatingMethodAccessorImpl.invoke(DelegatingMethodAccessorImpl.java:43)
	at org.openqa.selenium.support.events.EventFiringWebDriver$EventFiringWebElement.lambda$new$0(EventFiringWebDriver.java:404)
	at jdk.proxy2/jdk.proxy2.$Proxy24.clear(Unknown Source)
	at org.openqa.selenium.support.events.EventFiringWebDriver$EventFiringWebElement.clear(EventFiringWebDriver.java:436)
	at com.kms.katalon.core.webui.keyword.builtin.SetTextKeyword$_setText_closure1.doCall(SetTextKeyword.groovy:53)
	at com.kms.katalon.core.webui.keyword.builtin.SetTextKeyword$_setText_closure1.call(SetTextKeyword.groovy)
	at com.kms.katalon.core.webui.keyword.internal.WebUIKeywordMain.runKeyword(WebUIKeywordMain.groovy:20)
	... 20 more]]></system-err>
      </testcase>
      <system-out><![CDATA[14-12-2023T23:46:51 - [TEST_SUITE][FAILED] - Common_regression: Test Cases/Common Test/Login - Valid - Pass FAILED.
Reason:
com.kms.katalon.core.exception.StepFailedException: Unable to click on object 'Object Repository/Page_Demo Hospital/input_Search_form-control input-sm'
	at com.kms.katalon.core.webui.keyword.internal.WebUIKeywordMain.stepFailed(WebUIKeywordMain.groovy:64)
	at com.kms.katalon.core.webui.keyword.internal.WebUIKeywordMain.runKeyword(WebUIKeywordMain.groovy:26)
	at com.kms.katalon.core.webui.keyword.builtin.ClickKeyword.click(ClickKeyword.groovy:74)
	at com.kms.katalon.core.webui.keyword.builtin.ClickKeyword.execute(ClickKeyword.groovy:40)
	at com.kms.katalon.core.keyword.internal.KeywordExecutor.executeKeywordForPlatform(KeywordExecutor.groovy:74)
	at com.kms.katalon.core.webui.keyword.WebUiBuiltInKeywords.click(WebUiBuiltInKeywords.groovy:659)
	at Login - Valid - Pass.run(Login - Valid - Pass:28)
	at com.kms.katalon.core.main.ScriptEngine.run(ScriptEngine.java:194)
	at com.kms.katalon.core.main.ScriptEngine.runScriptAsRawText(ScriptEngine.java:119)
	at com.kms.katalon.core.main.TestCaseExecutor.runScript(TestCaseExecutor.java:448)
	at com.kms.katalon.core.main.TestCaseExecutor.doExecute(TestCaseExecutor.java:439)
	at com.kms.katalon.core.main.TestCaseExecutor.processExecutionPhase(TestCaseExecutor.java:418)
	at com.kms.katalon.core.main.TestCaseExecutor.accessMainPhase(TestCaseExecutor.java:410)
	at com.kms.katalon.core.main.TestCaseExecutor.execute(TestCaseExecutor.java:285)
	at com.kms.katalon.core.common.CommonExecutor.accessTestCaseMainPhase(CommonExecutor.java:65)
	at com.kms.katalon.core.main.TestSuiteExecutor.accessTestSuiteMainPhase(TestSuiteExecutor.java:148)
	at com.kms.katalon.core.main.TestSuiteExecutor.execute(TestSuiteExecutor.java:106)
	at com.kms.katalon.core.main.TestCaseMain.startTestSuite(TestCaseMain.java:180)
	at TempTestSuite1702577801200.run(TempTestSuite1702577801200.groovy:36)
	at java.base/jdk.internal.reflect.NativeMethodAccessorImpl.invoke0(Native Method)
	at java.base/jdk.internal.reflect.NativeMethodAccessorImpl.invoke(NativeMethodAccessorImpl.java:77)
	at java.base/jdk.internal.reflect.DelegatingMethodAccessorImpl.invoke(DelegatingMethodAccessorImpl.java:43)
Caused by: org.openqa.selenium.ElementNotInteractableException: Element <input name="_token" type="hidden"> could not be scrolled into view
Build info: version: '3.141.59', revision: 'e82be7d358', time: '2018-11-14T08:25:53'
System info: host: 'DESKTOP-28CK1DU', ip: '172.29.16.1', os.name: 'Windows 10', os.arch: 'amd64', os.version: '10.0', java.version: '17.0.7'
Driver info: com.kms.katalon.core.webui.driver.firefox.CGeckoDriver
Capabilities {acceptInsecureCerts: true, browserName: firefox, browserVersion: 120.0.1, javascriptEnabled: true, moz:accessibilityChecks: false, moz:buildID: 20231129155202, moz:geckodriverVersion: 0.33.0, moz:headless: false, moz:platformVersion: 10.0, moz:processID: 21828, moz:profile: C:\Users\ADMIN\AppData\Loca..., moz:shutdownTimeout: 60000, moz:webdriverClick: true, moz:windowless: false, pageLoadStrategy: normal, platform: WINDOWS, platformName: WINDOWS, proxy: Proxy(direct), setWindowRect: true, strictFileInteractability: false, timeouts: {implicit: 0, pageLoad: 300000, script: 30000}, unhandledPromptBehavior: dismiss and notify}
Session ID: b299a14a-33bc-463f-92d0-0aba75770057
	at java.base/jdk.internal.reflect.NativeConstructorAccessorImpl.newInstance0(Native Method)
	at java.base/jdk.internal.reflect.NativeConstructorAccessorImpl.newInstance(NativeConstructorAccessorImpl.java:77)
	at java.base/jdk.internal.reflect.DelegatingConstructorAccessorImpl.newInstance(DelegatingConstructorAccessorImpl.java:45)
	at org.openqa.selenium.remote.http.W3CHttpResponseCodec.createException(W3CHttpResponseCodec.java:187)
	at org.openqa.selenium.remote.http.W3CHttpResponseCodec.decode(W3CHttpResponseCodec.java:122)
	at org.openqa.selenium.remote.http.W3CHttpResponseCodec.decode(W3CHttpResponseCodec.java:49)
	at org.openqa.selenium.remote.HttpCommandExecutor.execute(HttpCommandExecutor.java:158)
	at org.openqa.selenium.remote.service.DriverCommandExecutor.execute(DriverCommandExecutor.java:83)
	at org.openqa.selenium.remote.RemoteWebDriver.execute(RemoteWebDriver.java:552)
	at com.kms.katalon.selenium.driver.CFirefoxDriver.execute(CFirefoxDriver.java:28)
	at org.openqa.selenium.remote.RemoteWebElement.execute(RemoteWebElement.java:285)
	at org.openqa.selenium.remote.RemoteWebElement.click(RemoteWebElement.java:84)
	at java.base/jdk.internal.reflect.NativeMethodAccessorImpl.invoke0(Native Method)
	at java.base/jdk.internal.reflect.NativeMethodAccessorImpl.invoke(NativeMethodAccessorImpl.java:77)
	at java.base/jdk.internal.reflect.DelegatingMethodAccessorImpl.invoke(DelegatingMethodAccessorImpl.java:43)
	at org.openqa.selenium.support.events.EventFiringWebDriver$EventFiringWebElement.lambda$new$0(EventFiringWebDriver.java:404)
	at jdk.proxy2/jdk.proxy2.$Proxy24.click(Unknown Source)
	at org.openqa.selenium.support.events.EventFiringWebDriver$EventFiringWebElement.click(EventFiringWebDriver.java:417)
	at org.openqa.selenium.WebElement$click.call(Unknown Source)
	at com.kms.katalon.core.webui.keyword.builtin.ClickKeyword.clickUntilSuccessWithTimeout(ClickKeyword.groovy:81)
	at com.kms.katalon.core.webui.keyword.builtin.ClickKeyword.clickUntilSuccessWithTimeout(ClickKeyword.groovy)
	at java.base/jdk.internal.reflect.NativeMethodAccessorImpl.invoke0(Native Method)
	at java.base/jdk.internal.reflect.NativeMethodAccessorImpl.invoke(NativeMethodAccessorImpl.java:77)
	at java.base/jdk.internal.reflect.DelegatingMethodAccessorImpl.invoke(DelegatingMethodAccessorImpl.java:43)
	at com.kms.katalon.core.webui.keyword.builtin.ClickKeyword$_click_closure1.doCall(ClickKeyword.groovy:67)
	at com.kms.katalon.core.webui.keyword.builtin.ClickKeyword$_click_closure1.call(ClickKeyword.groovy)
	at com.kms.katalon.core.webui.keyword.internal.WebUIKeywordMain.runKeyword(WebUIKeywordMain.groovy:20)
	... 20 more]]></system-out>
      <system-err><![CDATA[14-12-2023T23:46:51 - [TEST_SUITE][FAILED] - Common_regression: Test Cases/Common Test/Login - Valid - Pass FAILED.
Reason:
com.kms.katalon.core.exception.StepFailedException: Unable to click on object 'Object Repository/Page_Demo Hospital/input_Search_form-control input-sm'
	at com.kms.katalon.core.webui.keyword.internal.WebUIKeywordMain.stepFailed(WebUIKeywordMain.groovy:64)
	at com.kms.katalon.core.webui.keyword.internal.WebUIKeywordMain.runKeyword(WebUIKeywordMain.groovy:26)
	at com.kms.katalon.core.webui.keyword.builtin.ClickKeyword.click(ClickKeyword.groovy:74)
	at com.kms.katalon.core.webui.keyword.builtin.ClickKeyword.execute(ClickKeyword.groovy:40)
	at com.kms.katalon.core.keyword.internal.KeywordExecutor.executeKeywordForPlatform(KeywordExecutor.groovy:74)
	at com.kms.katalon.core.webui.keyword.WebUiBuiltInKeywords.click(WebUiBuiltInKeywords.groovy:659)
	at Login - Valid - Pass.run(Login - Valid - Pass:28)
	at com.kms.katalon.core.main.ScriptEngine.run(ScriptEngine.java:194)
	at com.kms.katalon.core.main.ScriptEngine.runScriptAsRawText(ScriptEngine.java:119)
	at com.kms.katalon.core.main.TestCaseExecutor.runScript(TestCaseExecutor.java:448)
	at com.kms.katalon.core.main.TestCaseExecutor.doExecute(TestCaseExecutor.java:439)
	at com.kms.katalon.core.main.TestCaseExecutor.processExecutionPhase(TestCaseExecutor.java:418)
	at com.kms.katalon.core.main.TestCaseExecutor.accessMainPhase(TestCaseExecutor.java:410)
	at com.kms.katalon.core.main.TestCaseExecutor.execute(TestCaseExecutor.java:285)
	at com.kms.katalon.core.common.CommonExecutor.accessTestCaseMainPhase(CommonExecutor.java:65)
	at com.kms.katalon.core.main.TestSuiteExecutor.accessTestSuiteMainPhase(TestSuiteExecutor.java:148)
	at com.kms.katalon.core.main.TestSuiteExecutor.execute(TestSuiteExecutor.java:106)
	at com.kms.katalon.core.main.TestCaseMain.startTestSuite(TestCaseMain.java:180)
	at TempTestSuite1702577801200.run(TempTestSuite1702577801200.groovy:36)
	at java.base/jdk.internal.reflect.NativeMethodAccessorImpl.invoke0(Native Method)
	at java.base/jdk.internal.reflect.NativeMethodAccessorImpl.invoke(NativeMethodAccessorImpl.java:77)
	at java.base/jdk.internal.reflect.DelegatingMethodAccessorImpl.invoke(DelegatingMethodAccessorImpl.java:43)
Caused by: org.openqa.selenium.ElementNotInteractableException: Element <input name="_token" type="hidden"> could not be scrolled into view
Build info: version: '3.141.59', revision: 'e82be7d358', time: '2018-11-14T08:25:53'
System info: host: 'DESKTOP-28CK1DU', ip: '172.29.16.1', os.name: 'Windows 10', os.arch: 'amd64', os.version: '10.0', java.version: '17.0.7'
Driver info: com.kms.katalon.core.webui.driver.firefox.CGeckoDriver
Capabilities {acceptInsecureCerts: true, browserName: firefox, browserVersion: 120.0.1, javascriptEnabled: true, moz:accessibilityChecks: false, moz:buildID: 20231129155202, moz:geckodriverVersion: 0.33.0, moz:headless: false, moz:platformVersion: 10.0, moz:processID: 21828, moz:profile: C:\Users\ADMIN\AppData\Loca..., moz:shutdownTimeout: 60000, moz:webdriverClick: true, moz:windowless: false, pageLoadStrategy: normal, platform: WINDOWS, platformName: WINDOWS, proxy: Proxy(direct), setWindowRect: true, strictFileInteractability: false, timeouts: {implicit: 0, pageLoad: 300000, script: 30000}, unhandledPromptBehavior: dismiss and notify}
Session ID: b299a14a-33bc-463f-92d0-0aba75770057
	at java.base/jdk.internal.reflect.NativeConstructorAccessorImpl.newInstance0(Native Method)
	at java.base/jdk.internal.reflect.NativeConstructorAccessorImpl.newInstance(NativeConstructorAccessorImpl.java:77)
	at java.base/jdk.internal.reflect.DelegatingConstructorAccessorImpl.newInstance(DelegatingConstructorAccessorImpl.java:45)
	at org.openqa.selenium.remote.http.W3CHttpResponseCodec.createException(W3CHttpResponseCodec.java:187)
	at org.openqa.selenium.remote.http.W3CHttpResponseCodec.decode(W3CHttpResponseCodec.java:122)
	at org.openqa.selenium.remote.http.W3CHttpResponseCodec.decode(W3CHttpResponseCodec.java:49)
	at org.openqa.selenium.remote.HttpCommandExecutor.execute(HttpCommandExecutor.java:158)
	at org.openqa.selenium.remote.service.DriverCommandExecutor.execute(DriverCommandExecutor.java:83)
	at org.openqa.selenium.remote.RemoteWebDriver.execute(RemoteWebDriver.java:552)
	at com.kms.katalon.selenium.driver.CFirefoxDriver.execute(CFirefoxDriver.java:28)
	at org.openqa.selenium.remote.RemoteWebElement.execute(RemoteWebElement.java:285)
	at org.openqa.selenium.remote.RemoteWebElement.click(RemoteWebElement.java:84)
	at java.base/jdk.internal.reflect.NativeMethodAccessorImpl.invoke0(Native Method)
	at java.base/jdk.internal.reflect.NativeMethodAccessorImpl.invoke(NativeMethodAccessorImpl.java:77)
	at java.base/jdk.internal.reflect.DelegatingMethodAccessorImpl.invoke(DelegatingMethodAccessorImpl.java:43)
	at org.openqa.selenium.support.events.EventFiringWebDriver$EventFiringWebElement.lambda$new$0(EventFiringWebDriver.java:404)
	at jdk.proxy2/jdk.proxy2.$Proxy24.click(Unknown Source)
	at org.openqa.selenium.support.events.EventFiringWebDriver$EventFiringWebElement.click(EventFiringWebDriver.java:417)
	at org.openqa.selenium.WebElement$click.call(Unknown Source)
	at com.kms.katalon.core.webui.keyword.builtin.ClickKeyword.clickUntilSuccessWithTimeout(ClickKeyword.groovy:81)
	at com.kms.katalon.core.webui.keyword.builtin.ClickKeyword.clickUntilSuccessWithTimeout(ClickKeyword.groovy)
	at java.base/jdk.internal.reflect.NativeMethodAccessorImpl.invoke0(Native Method)
	at java.base/jdk.internal.reflect.NativeMethodAccessorImpl.invoke(NativeMethodAccessorImpl.java:77)
	at java.base/jdk.internal.reflect.DelegatingMethodAccessorImpl.invoke(DelegatingMethodAccessorImpl.java:43)
	at com.kms.katalon.core.webui.keyword.builtin.ClickKeyword$_click_closure1.doCall(ClickKeyword.groovy:67)
	at com.kms.katalon.core.webui.keyword.builtin.ClickKeyword$_click_closure1.call(ClickKeyword.groovy)
	at com.kms.katalon.core.webui.keyword.internal.WebUIKeywordMain.runKeyword(WebUIKeywordMain.groovy:20)
	... 20 more]]></system-err>
   </testsuite>
</testsuites>
