<?xml version="1.0" encoding="UTF-8"?>
<testsuites name="Patient_Regression" time="201.042" tests="3" failures="0" errors="0">
   <testsuite name="Patient_Regression" tests="3" failures="0" errors="0" time="201.042" skipped="0" timestamp="18-12-2023T15:35:05" hostname="ADMIN - DESKTOP-28CK1DU.mshome.net" id="Test Suites/Patient_Regression">
      <properties>
         <property name="deviceName" value=""/>
         <property name="devicePlatform" value=""/>
         <property name="logFolder" value="C:\\Users\\ADMIN\\Katalon Studio\\My First Project\\Reports\\20231218_153447\\Patient_Regression\\20231218_153449"/>
         <property name="logFiles" value="C:\\Users\\ADMIN\\Katalon Studio\\My First Project\\Reports\\20231218_153447\\Patient_Regression\\20231218_153449\\execution0.log"/>
         <property name="attachments" value=""/>
         <property name="hostName" value="ADMIN - DESKTOP-28CK1DU.mshome.net"/>
         <property name="os" value="Windows 10 64bit"/>
         <property name="katalonVersion" value="9.1.0.212"/>
         <property name="browser" value="Chrome 120.0.0.0"/>
         <property name="hostAddress" value="172.25.192.1"/>
         <property name="sessionId" value="11659a238d8a1d868ebfc55f715c3572"/>
         <property name="seleniumVersion" value="3.141.59"/>
         <property name="proxyInformation" value="ProxyInformation { proxyOption=NO_PROXY, proxyServerType=HTTP, username=, password=********, proxyServerAddress=, proxyServerPort=0, executionList=&quot;&quot;, isApplyToDesiredCapabilities=true }"/>
         <property name="platform" value="Windows 10"/>
      </properties>
      <testcase name="Test Cases/Patient Management/Add_Patient" time="78.277" classname="Test Cases/Patient Management/Add_Patient" status="PASSED">
         <system-out><![CDATA[18-12-2023T15:35:06 - [TEST_CASE][PASSED] - Test Cases/Patient Management/Add_Patient: Test Cases/Patient Management/Add_Patient

18-12-2023T15:35:08 - [TEST_STEP][PASSED] - loginPage.Login.performLogin(ID, Pass): loginPage.Login.performLogin is PASSED

18-12-2023T15:35:10 - [MESSAGE][INFO] - Starting 'Chrome' driver

18-12-2023T15:35:10 - [MESSAGE][INFO] - Action delay is set to 0 milliseconds

18-12-2023T15:35:14 - [MESSAGE][PASSED] - Browser is opened with url: ''

18-12-2023T15:35:20 - [MESSAGE][PASSED] - Navigate to 'https://hospitalb.com/login' successfully

18-12-2023T15:35:22 - [MESSAGE][PASSED] - Text 'admin@gmail.com' is set on object 'Object Repository/Page_Demo Hospital/input_email'

18-12-2023T15:35:22 - [MESSAGE][PASSED] - Text '123456' is set on object 'Object Repository/Page_Demo Hospital/input_password'

18-12-2023T15:35:28 - [MESSAGE][PASSED] - Object: 'Object Repository/Page_Demo Hospital/input_custom-btn' is clicked on

18-12-2023T15:35:28 - [MESSAGE][PASSED] - loginPage.Login.performLogin is PASSED

18-12-2023T15:35:28 - [TEST_STEP][PASSED] - click(findTestObject("Object Repository/Page_Demo Hospital/i_fa fa-user")): Object: 'Object Repository/Page_Demo Hospital/i_fa fa-user' is clicked on

18-12-2023T15:35:59 - [MESSAGE][INFO] - Unable to find the element located by 'By.xpath: //a[@id='reference_2']/i'. Please recheck the objects properties to make sure the desired element is located. 

18-12-2023T15:35:59 - [MESSAGE][WARNING] - [SELF-HEALING] Failed to find element with id 'Object Repository/Page_Demo Hospital/i_fa fa-user'. Try using Self-healing.

18-12-2023T15:35:59 - [MESSAGE][WARNING] - [SELF-HEALING] The current locator of test object 'Object Repository/Page_Demo Hospital/i_fa fa-user' was broken. Propose an alternative one: '//div[@id='navbar-collapse']/ul/li[3]/a/i'.

18-12-2023T15:36:01 - [MESSAGE][PASSED] - Object: 'Object Repository/Page_Demo Hospital/i_fa fa-user' is clicked on

18-12-2023T15:36:01 - [TEST_STEP][PASSED] - click(findTestObject("Object Repository/Page_Demo Hospital/a_Add Patient")): Object: 'Object Repository/Page_Demo Hospital/a_Add Patient' is clicked on

18-12-2023T15:36:04 - [MESSAGE][PASSED] - Object: 'Object Repository/Page_Demo Hospital/a_Add Patient' is clicked on

18-12-2023T15:36:04 - [TEST_STEP][PASSED] - setText(findTestObject("Object Repository/Page_Demo Hospital/input_full_name"), "Test12"): Text 'Test12' is set on object 'Object Repository/Page_Demo Hospital/input_full_name'

18-12-2023T15:36:05 - [MESSAGE][PASSED] - Text 'Test12' is set on object 'Object Repository/Page_Demo Hospital/input_full_name'

18-12-2023T15:36:05 - [TEST_STEP][PASSED] - setText(findTestObject("Object Repository/Page_Demo Hospital/input_user_name"), "TestUser"): Text 'TestUser' is set on object 'Object Repository/Page_Demo Hospital/input_user_name'

18-12-2023T15:36:07 - [MESSAGE][PASSED] - Text 'TestUser' is set on object 'Object Repository/Page_Demo Hospital/input_user_name'

18-12-2023T15:36:07 - [TEST_STEP][PASSED] - setText(findTestObject("Object Repository/Page_Demo Hospital/input_mobile_no"), "1111111111"): Text '1111111111' is set on object 'Object Repository/Page_Demo Hospital/input_mobile_no'

18-12-2023T15:36:08 - [MESSAGE][PASSED] - Text '1111111111' is set on object 'Object Repository/Page_Demo Hospital/input_mobile_no'

18-12-2023T15:36:08 - [TEST_STEP][PASSED] - selectOptionByValue(findTestObject("Object Repository/Page_Demo Hospital/select_Please Select GenderMaleFemaleOther"), "1", true): All options with value '1' are selected in object 'Object Repository/Page_Demo Hospital/select_Please Select GenderMaleFemaleOther'  using regular expression

18-12-2023T15:36:09 - [MESSAGE][PASSED] - All options with value '1' are selected in object 'Object Repository/Page_Demo Hospital/select_Please Select GenderMaleFemaleOther'  using regular expression

18-12-2023T15:36:09 - [TEST_STEP][PASSED] - selectOptionByValue(findTestObject("Object Repository/Page_Demo Hospital/select_Please Select GenderMaleFemaleOther"), "1", true): All options with value '1' are selected in object 'Object Repository/Page_Demo Hospital/select_Please Select GenderMaleFemaleOther'  using regular expression

18-12-2023T15:36:10 - [MESSAGE][PASSED] - All options with value '1' are selected in object 'Object Repository/Page_Demo Hospital/select_Please Select GenderMaleFemaleOther'  using regular expression

18-12-2023T15:36:10 - [TEST_STEP][PASSED] - click(findTestObject("Object Repository/Page_Demo Hospital/input_dob")): Object: 'Object Repository/Page_Demo Hospital/input_dob' is clicked on

18-12-2023T15:36:11 - [MESSAGE][PASSED] - Object: 'Object Repository/Page_Demo Hospital/input_dob' is clicked on

18-12-2023T15:36:11 - [TEST_STEP][PASSED] - click(findTestObject("Object Repository/Page_Demo Hospital/td_1")): Object: 'Object Repository/Page_Demo Hospital/td_1' is clicked on

18-12-2023T15:36:11 - [MESSAGE][PASSED] - Object: 'Object Repository/Page_Demo Hospital/td_1' is clicked on

18-12-2023T15:36:11 - [TEST_STEP][PASSED] - click(findTestObject("Object Repository/Page_Demo Hospital/button_Next")): Object: 'Object Repository/Page_Demo Hospital/button_Next' is clicked on

18-12-2023T15:36:12 - [MESSAGE][PASSED] - Object: 'Object Repository/Page_Demo Hospital/button_Next' is clicked on

18-12-2023T15:36:12 - [TEST_STEP][PASSED] - click(findTestObject("Object Repository/Page_Demo Hospital/select_Please Select Patient Blood GroupABA_6d419e")): Object: 'Object Repository/Page_Demo Hospital/select_Please Select Patient Blood GroupABA_6d419e' is clicked on

18-12-2023T15:36:12 - [MESSAGE][PASSED] - Object: 'Object Repository/Page_Demo Hospital/select_Please Select Patient Blood GroupABA_6d419e' is clicked on

18-12-2023T15:36:12 - [TEST_STEP][PASSED] - selectOptionByIndex(findTestObject("Object Repository/Page_Demo Hospital/select_Please Select Patient Blood GroupABA_6d419e"), "1", STOP_ON_FAILURE): All options with index in [1] are selected on object 'Object Repository/Page_Demo Hospital/select_Please Select Patient Blood GroupABA_6d419e'

18-12-2023T15:36:14 - [MESSAGE][PASSED] - All options with index in [1] are selected on object 'Object Repository/Page_Demo Hospital/select_Please Select Patient Blood GroupABA_6d419e'

18-12-2023T15:36:14 - [TEST_STEP][PASSED] - click(findTestObject("Object Repository/Page_Demo Hospital/button_Next")): Object: 'Object Repository/Page_Demo Hospital/button_Next' is clicked on

18-12-2023T15:36:14 - [MESSAGE][PASSED] - Object: 'Object Repository/Page_Demo Hospital/button_Next' is clicked on

18-12-2023T15:36:14 - [TEST_STEP][PASSED] - setText(findTestObject("Object Repository/Page_Demo Hospital/input_email_1"), "testuser@gmail.com"): Text 'testuser@gmail.com' is set on object 'Object Repository/Page_Demo Hospital/input_email_1'

18-12-2023T15:36:15 - [MESSAGE][PASSED] - Text 'testuser@gmail.com' is set on object 'Object Repository/Page_Demo Hospital/input_email_1'

18-12-2023T15:36:15 - [TEST_STEP][PASSED] - setText(findTestObject("Object Repository/Page_Demo Hospital/input_password_1"), "Test@123"): Text 'Test@123' is set on object 'Object Repository/Page_Demo Hospital/input_password_1'

18-12-2023T15:36:17 - [MESSAGE][PASSED] - Text 'Test@123' is set on object 'Object Repository/Page_Demo Hospital/input_password_1'

18-12-2023T15:36:17 - [TEST_STEP][PASSED] - setText(findTestObject("Object Repository/Page_Demo Hospital/input_confirm_password"), "Test@123"): Text 'Test@123' is set on object 'Object Repository/Page_Demo Hospital/input_confirm_password'

18-12-2023T15:36:18 - [MESSAGE][PASSED] - Text 'Test@123' is set on object 'Object Repository/Page_Demo Hospital/input_confirm_password'

18-12-2023T15:36:18 - [TEST_STEP][PASSED] - click(findTestObject("Object Repository/Page_Demo Hospital/button_Finish")): Object: 'Object Repository/Page_Demo Hospital/button_Finish' is clicked on

18-12-2023T15:36:18 - [MESSAGE][PASSED] - Object: 'Object Repository/Page_Demo Hospital/button_Finish' is clicked on

18-12-2023T15:36:18 - [TEST_STEP][PASSED] - setText(findTestObject("Page_Demo Hospital/input_form-control input-sm"), "Test12"): Text 'Test12' is set on object 'Object Repository/Page_Demo Hospital/input_form-control input-sm'

18-12-2023T15:36:22 - [MESSAGE][PASSED] - Text 'Test12' is set on object 'Object Repository/Page_Demo Hospital/input_form-control input-sm'

18-12-2023T15:36:22 - [TEST_STEP][PASSED] - verifyElementText(findTestObject("Object Repository/Page_Demo Hospital/td_Test12"), "Test12"): Actual text and expected text of test object 'Object Repository/Page_Demo Hospital/td_Test12' are matched.

18-12-2023T15:36:24 - [MESSAGE][PASSED] - Actual text and expected text of test object 'Object Repository/Page_Demo Hospital/td_Test12' are matched.

18-12-2023T15:36:24 - [TEST_STEP][PASSED] - closeBrowser(): Browser is closed

18-12-2023T15:36:25 - [MESSAGE][PASSED] - Browser is closed]]></system-out>
         <system-err><![CDATA[]]></system-err>
      </testcase>
      <testcase name="Test Cases/Patient Management/Edit_Patient_Info" time="66.268" classname="Test Cases/Patient Management/Edit_Patient_Info" status="PASSED">
         <system-out><![CDATA[18-12-2023T15:36:25 - [TEST_CASE][PASSED] - Test Cases/Patient Management/Edit_Patient_Info: Test Cases/Patient Management/Edit_Patient_Info

18-12-2023T15:36:25 - [TEST_STEP][PASSED] - loginPage.Login.performLogin(ID, Pass): loginPage.Login.performLogin is PASSED

18-12-2023T15:36:25 - [MESSAGE][INFO] - Starting 'Chrome' driver

18-12-2023T15:36:25 - [MESSAGE][INFO] - Action delay is set to 0 milliseconds

18-12-2023T15:36:27 - [MESSAGE][PASSED] - Browser is opened with url: ''

18-12-2023T15:36:32 - [MESSAGE][PASSED] - Navigate to 'https://hospitalb.com/login' successfully

18-12-2023T15:36:33 - [MESSAGE][PASSED] - Text 'admin@gmail.com' is set on object 'Object Repository/Page_Demo Hospital/input_email'

18-12-2023T15:36:34 - [MESSAGE][PASSED] - Text '123456' is set on object 'Object Repository/Page_Demo Hospital/input_password'

18-12-2023T15:36:45 - [MESSAGE][PASSED] - Object: 'Object Repository/Page_Demo Hospital/input_custom-btn' is clicked on

18-12-2023T15:36:45 - [MESSAGE][PASSED] - loginPage.Login.performLogin is PASSED

18-12-2023T15:36:45 - [TEST_STEP][PASSED] - click(findTestObject("Object Repository/Page_Demo Hospital/i_fa fa-user")): Object: 'Object Repository/Page_Demo Hospital/i_fa fa-user' is clicked on

18-12-2023T15:37:16 - [MESSAGE][INFO] - Unable to find the element located by 'By.xpath: //a[@id='reference_2']/i'. Please recheck the objects properties to make sure the desired element is located. 

18-12-2023T15:37:16 - [MESSAGE][WARNING] - [SELF-HEALING] Failed to find element with id 'Object Repository/Page_Demo Hospital/i_fa fa-user'. Try using Self-healing.

18-12-2023T15:37:16 - [MESSAGE][WARNING] - [SELF-HEALING] The current locator of test object 'Object Repository/Page_Demo Hospital/i_fa fa-user' was broken. Propose an alternative one: '//div[@id='navbar-collapse']/ul/li[3]/a/i'.

18-12-2023T15:37:18 - [MESSAGE][PASSED] - Object: 'Object Repository/Page_Demo Hospital/i_fa fa-user' is clicked on

18-12-2023T15:37:18 - [TEST_STEP][PASSED] - setText(findTestObject("Page_Demo Hospital/input_form-control input-sm"), "xyz"): Text 'xyz' is set on object 'Object Repository/Page_Demo Hospital/input_form-control input-sm'

18-12-2023T15:37:20 - [MESSAGE][PASSED] - Text 'xyz' is set on object 'Object Repository/Page_Demo Hospital/input_form-control input-sm'

18-12-2023T15:37:20 - [TEST_STEP][PASSED] - click(findTestObject("Object Repository/Page_Demo Hospital/i_fa fa-edit")): Object: 'Object Repository/Page_Demo Hospital/i_fa fa-edit' is clicked on

18-12-2023T15:37:23 - [MESSAGE][PASSED] - Object: 'Object Repository/Page_Demo Hospital/i_fa fa-edit' is clicked on

18-12-2023T15:37:23 - [TEST_STEP][PASSED] - navigateToUrl("https://hospitalb.com/outdoor/edit-patient/2#step-1"): Navigate to 'https://hospitalb.com/outdoor/edit-patient/2#step-1' successfully

18-12-2023T15:37:23 - [MESSAGE][PASSED] - Navigate to 'https://hospitalb.com/outdoor/edit-patient/2#step-1' successfully

18-12-2023T15:37:23 - [TEST_STEP][PASSED] - setText(findTestObject("Object Repository/Page_Demo Hospital/input_mobile_no"), "1234567890"): Text '1234567890' is set on object 'Object Repository/Page_Demo Hospital/input_mobile_no'

18-12-2023T15:37:24 - [MESSAGE][PASSED] - Text '1234567890' is set on object 'Object Repository/Page_Demo Hospital/input_mobile_no'

18-12-2023T15:37:24 - [TEST_STEP][PASSED] - click(findTestObject("Object Repository/Page_Demo Hospital/button_Finish")): Object: 'Object Repository/Page_Demo Hospital/button_Finish' is clicked on

18-12-2023T15:37:26 - [MESSAGE][PASSED] - Object: 'Object Repository/Page_Demo Hospital/button_Finish' is clicked on

18-12-2023T15:37:26 - [TEST_STEP][PASSED] - setText(findTestObject("Object Repository/Page_Demo Hospital/input_form-control input-sm"), "xyz"): Text 'xyz' is set on object 'Object Repository/Page_Demo Hospital/input_form-control input-sm'

18-12-2023T15:37:27 - [MESSAGE][PASSED] - Text 'xyz' is set on object 'Object Repository/Page_Demo Hospital/input_form-control input-sm'

18-12-2023T15:37:27 - [TEST_STEP][PASSED] - rightClick(findTestObject("Object Repository/Page_Demo Hospital/td_1234567890")): Object: 'Object Repository/Page_Demo Hospital/td_1234567890' is right clicked on

18-12-2023T15:37:30 - [MESSAGE][PASSED] - Object: 'Object Repository/Page_Demo Hospital/td_1234567890' is right clicked on

18-12-2023T15:37:30 - [TEST_STEP][PASSED] - verifyElementText(findTestObject("Object Repository/Page_Demo Hospital/td_1234567890"), "1234567890"): Actual text and expected text of test object 'Object Repository/Page_Demo Hospital/td_1234567890' are matched.

18-12-2023T15:37:30 - [MESSAGE][PASSED] - Actual text and expected text of test object 'Object Repository/Page_Demo Hospital/td_1234567890' are matched.

18-12-2023T15:37:30 - [TEST_STEP][PASSED] - closeBrowser(): Browser is closed

18-12-2023T15:37:31 - [MESSAGE][PASSED] - Browser is closed]]></system-out>
         <system-err><![CDATA[]]></system-err>
      </testcase>
      <testcase name="Test Cases/Patient Management/Search_Patient" time="55.175" classname="Test Cases/Patient Management/Search_Patient" status="PASSED">
         <system-out><![CDATA[18-12-2023T15:37:31 - [TEST_CASE][PASSED] - Test Cases/Patient Management/Search_Patient: Test Cases/Patient Management/Search_Patient

18-12-2023T15:37:31 - [TEST_STEP][PASSED] - loginPage.Login.performLogin(ID, Pass): loginPage.Login.performLogin is PASSED

18-12-2023T15:37:31 - [MESSAGE][INFO] - Starting 'Chrome' driver

18-12-2023T15:37:31 - [MESSAGE][INFO] - Action delay is set to 0 milliseconds

18-12-2023T15:37:33 - [MESSAGE][PASSED] - Browser is opened with url: ''

18-12-2023T15:37:40 - [MESSAGE][PASSED] - Navigate to 'https://hospitalb.com/login' successfully

18-12-2023T15:37:40 - [MESSAGE][PASSED] - Text 'admin@gmail.com' is set on object 'Object Repository/Page_Demo Hospital/input_email'

18-12-2023T15:37:41 - [MESSAGE][PASSED] - Text '123456' is set on object 'Object Repository/Page_Demo Hospital/input_password'

18-12-2023T15:37:47 - [MESSAGE][PASSED] - Object: 'Object Repository/Page_Demo Hospital/input_custom-btn' is clicked on

18-12-2023T15:37:47 - [MESSAGE][PASSED] - loginPage.Login.performLogin is PASSED

18-12-2023T15:37:47 - [TEST_STEP][PASSED] - click(findTestObject("Object Repository/Page_Demo Hospital/i_fa fa-user")): Object: 'Object Repository/Page_Demo Hospital/i_fa fa-user' is clicked on

18-12-2023T15:38:18 - [MESSAGE][INFO] - Unable to find the element located by 'By.xpath: //a[@id='reference_2']/i'. Please recheck the objects properties to make sure the desired element is located. 

18-12-2023T15:38:18 - [MESSAGE][WARNING] - [SELF-HEALING] Failed to find element with id 'Object Repository/Page_Demo Hospital/i_fa fa-user'. Try using Self-healing.

18-12-2023T15:38:18 - [MESSAGE][WARNING] - [SELF-HEALING] The current locator of test object 'Object Repository/Page_Demo Hospital/i_fa fa-user' was broken. Propose an alternative one: '//div[@id='navbar-collapse']/ul/li[3]/a/i'.

18-12-2023T15:38:19 - [MESSAGE][PASSED] - Object: 'Object Repository/Page_Demo Hospital/i_fa fa-user' is clicked on

18-12-2023T15:38:19 - [TEST_STEP][PASSED] - setText(findTestObject("Page_Demo Hospital/input_form-control input-sm"), "Test12"): Text 'Test12' is set on object 'Object Repository/Page_Demo Hospital/input_form-control input-sm'

18-12-2023T15:38:24 - [MESSAGE][PASSED] - Text 'Test12' is set on object 'Object Repository/Page_Demo Hospital/input_form-control input-sm'

18-12-2023T15:38:24 - [TEST_STEP][PASSED] - verifyElementText(findTestObject("Object Repository/Page_Demo Hospital/td_Test12"), "Test12"): Actual text and expected text of test object 'Object Repository/Page_Demo Hospital/td_Test12' are matched.

18-12-2023T15:38:26 - [MESSAGE][PASSED] - Actual text and expected text of test object 'Object Repository/Page_Demo Hospital/td_Test12' are matched.

18-12-2023T15:38:26 - [TEST_STEP][PASSED] - closeBrowser(): Browser is closed

18-12-2023T15:38:26 - [MESSAGE][PASSED] - Browser is closed]]></system-out>
         <system-err><![CDATA[]]></system-err>
      </testcase>
      <system-out><![CDATA[18-12-2023T15:35:05 - [TEST_SUITE][PASSED] - Patient_Regression: Test Cases/Patient Management/Search_Patient]]></system-out>
      <system-err><![CDATA[]]></system-err>
   </testsuite>
</testsuites>
