<?xml version="1.0" encoding="UTF-8"?>
<testsuites name="sample TS" time="14.9" tests="2" failures="0" errors="0">
   <testsuite name="sample TS" tests="2" failures="0" errors="0" time="14.9" skipped="0" timestamp="13-12-2023T17:00:50" hostname="kriti shukla - LAPTOP-6JUMTK14" id="Test Suites/sample TS">
      <properties>
         <property name="deviceName" value=""/>
         <property name="devicePlatform" value=""/>
         <property name="logFolder" value="C:\\Users\\kriti shukla\\Katalon Studio\\Sample project\\Reports\\20231213_170039\\sample TS\\20231213_170039"/>
         <property name="logFiles" value="C:\\Users\\kriti shukla\\Katalon Studio\\Sample project\\Reports\\20231213_170039\\sample TS\\20231213_170039\\execution0.log"/>
         <property name="attachments" value=""/>
         <property name="hostName" value="kriti shukla - LAPTOP-6JUMTK14"/>
         <property name="os" value="Windows 11 64bit"/>
         <property name="katalonVersion" value="9.1.0.212"/>
         <property name="browser" value="Chrome 120.0.0.0"/>
         <property name="hostAddress" value="192.168.1.4"/>
         <property name="sessionId" value="1e2f6679d9f2eafdfdb8dc68d0f5011d"/>
         <property name="seleniumVersion" value="3.141.59"/>
         <property name="proxyInformation" value="ProxyInformation { proxyOption=NO_PROXY, proxyServerType=HTTP, username=, password=********, proxyServerAddress=, proxyServerPort=0, executionList=&quot;&quot;, isApplyToDesiredCapabilities=true }"/>
         <property name="platform" value="Windows 11"/>
      </properties>
      <testcase name="Test Cases/1" time="7.897" classname="Test Cases/1" status="PASSED">
         <system-out><![CDATA[13-12-2023T17:00:50 - [TEST_CASE][PASSED] - Test Cases/1: Test Cases/1

13-12-2023T17:00:50 - [TEST_STEP][PASSED] - openBrowser(""): Browser is opened with url: ''

13-12-2023T17:00:51 - [MESSAGE][INFO] - Starting 'Chrome' driver

13-12-2023T17:00:51 - [MESSAGE][INFO] - Action delay is set to 0 milliseconds

13-12-2023T17:00:53 - [MESSAGE][PASSED] - Browser is opened with url: ''

13-12-2023T17:00:53 - [TEST_STEP][PASSED] - navigateToUrl("https://katalon-demo-cura.herokuapp.com/"): Navigate to 'https://katalon-demo-cura.herokuapp.com/' successfully

13-12-2023T17:00:57 - [MESSAGE][PASSED] - Navigate to 'https://katalon-demo-cura.herokuapp.com/' successfully

13-12-2023T17:00:57 - [TEST_STEP][PASSED] - click(findTestObject("Object Repository/Page_CURA Healthcare Service/a_Make Appointment")): Object: 'Object Repository/Page_CURA Healthcare Service/a_Make Appointment' is clicked on

13-12-2023T17:00:58 - [MESSAGE][PASSED] - Object: 'Object Repository/Page_CURA Healthcare Service/a_Make Appointment' is clicked on

13-12-2023T17:00:58 - [TEST_STEP][PASSED] - closeBrowser(): Browser is closed

13-12-2023T17:00:58 - [MESSAGE][PASSED] - Browser is closed]]></system-out>
         <system-err><![CDATA[]]></system-err>
      </testcase>
      <testcase name="Test Cases/2 login" time="6.691" classname="Test Cases/2 login" status="PASSED">
         <system-out><![CDATA[13-12-2023T17:00:58 - [TEST_CASE][PASSED] - Test Cases/2 login: Test Cases/2 login

13-12-2023T17:00:58 - [TEST_STEP][PASSED] - openBrowser(""): Browser is opened with url: ''

13-12-2023T17:00:58 - [MESSAGE][INFO] - Starting 'Chrome' driver

13-12-2023T17:00:58 - [MESSAGE][INFO] - Action delay is set to 0 milliseconds

13-12-2023T17:00:59 - [MESSAGE][PASSED] - Browser is opened with url: ''

13-12-2023T17:00:59 - [TEST_STEP][PASSED] - navigateToUrl("https://katalon-demo-cura.herokuapp.com/"): Navigate to 'https://katalon-demo-cura.herokuapp.com/' successfully

13-12-2023T17:01:01 - [MESSAGE][PASSED] - Navigate to 'https://katalon-demo-cura.herokuapp.com/' successfully

13-12-2023T17:01:01 - [TEST_STEP][PASSED] - click(findTestObject("Object Repository/Page_CURA Healthcare Service/a_Make Appointment")): Object: 'Object Repository/Page_CURA Healthcare Service/a_Make Appointment' is clicked on

13-12-2023T17:01:02 - [MESSAGE][PASSED] - Object: 'Object Repository/Page_CURA Healthcare Service/a_Make Appointment' is clicked on

13-12-2023T17:01:02 - [TEST_STEP][PASSED] - setText(findTestObject("Object Repository/Page_CURA Healthcare Service/input_username"), "John Doe"): Text 'John Doe' is set on object 'Object Repository/Page_CURA Healthcare Service/input_username'

13-12-2023T17:01:03 - [MESSAGE][PASSED] - Text 'John Doe' is set on object 'Object Repository/Page_CURA Healthcare Service/input_username'

13-12-2023T17:01:03 - [TEST_STEP][PASSED] - setEncryptedText(findTestObject("Object Repository/Page_CURA Healthcare Service/input_password"), "g3/DOGG74jC3Flrr3yH+3D/yKbOqqUNM"): Text ****** has been set on object 'Object Repository/Page_CURA Healthcare Service/input_password'

13-12-2023T17:01:03 - [MESSAGE][PASSED] - Text ****** has been set on object 'Object Repository/Page_CURA Healthcare Service/input_password'

13-12-2023T17:01:03 - [TEST_STEP][PASSED] - click(findTestObject("Object Repository/Page_CURA Healthcare Service/button_Login")): Object: 'Object Repository/Page_CURA Healthcare Service/button_Login' is clicked on

13-12-2023T17:01:05 - [MESSAGE][PASSED] - Object: 'Object Repository/Page_CURA Healthcare Service/button_Login' is clicked on

13-12-2023T17:01:05 - [TEST_STEP][PASSED] - closeBrowser(): Browser is closed

13-12-2023T17:01:05 - [MESSAGE][PASSED] - Browser is closed]]></system-out>
         <system-err><![CDATA[]]></system-err>
      </testcase>
      <system-out><![CDATA[13-12-2023T17:00:50 - [TEST_SUITE][PASSED] - sample TS: Test Cases/2 login]]></system-out>
      <system-err><![CDATA[]]></system-err>
   </testsuite>
</testsuites>
