<?xml version="1.0" encoding="UTF-8"?>
<testsuites name="Patient_Regression" time="233.906" tests="3" failures="0" errors="0">
   <testsuite name="Patient_Regression" tests="3" failures="0" errors="0" time="233.906" skipped="0" timestamp="15-12-2023T16:09:30" hostname="ADMIN - DESKTOP-28CK1DU.mshome.net" id="Test Suites/Patient_Regression">
      <properties>
         <property name="deviceName" value=""/>
         <property name="devicePlatform" value=""/>
         <property name="logFolder" value="C:\\Users\\ADMIN\\Katalon Studio\\My First Project\\Reports\\20231215_160920\\Patient_Regression\\20231215_160920"/>
         <property name="logFiles" value="C:\\Users\\ADMIN\\Katalon Studio\\My First Project\\Reports\\20231215_160920\\Patient_Regression\\20231215_160920\\execution0.log"/>
         <property name="attachments" value=""/>
         <property name="hostName" value="ADMIN - DESKTOP-28CK1DU.mshome.net"/>
         <property name="os" value="Windows 10 64bit"/>
         <property name="katalonVersion" value="9.1.0.212"/>
         <property name="browser" value="Firefox 120.0"/>
         <property name="hostAddress" value="172.29.16.1"/>
         <property name="sessionId" value="a383d40f-b497-478f-9968-7bd87871b495"/>
         <property name="seleniumVersion" value="3.141.59"/>
         <property name="proxyInformation" value="ProxyInformation { proxyOption=NO_PROXY, proxyServerType=HTTP, username=, password=********, proxyServerAddress=, proxyServerPort=0, executionList=&quot;&quot;, isApplyToDesiredCapabilities=true }"/>
         <property name="platform" value="Windows 10"/>
      </properties>
      <testcase name="Test Cases/Patient Management/Add_Patient" time="92.511" classname="Test Cases/Patient Management/Add_Patient" status="PASSED">
         <system-out><![CDATA[15-12-2023T16:09:31 - [TEST_CASE][PASSED] - Test Cases/Patient Management/Add_Patient: Test Cases/Patient Management/Add_Patient

15-12-2023T16:09:32 - [TEST_STEP][PASSED] - loginPage.Login.performLogin(ID, Pass): loginPage.Login.performLogin is PASSED

15-12-2023T16:09:33 - [MESSAGE][INFO] - Starting 'Firefox' driver

15-12-2023T16:09:33 - [MESSAGE][INFO] - Action delay is set to 0 milliseconds

15-12-2023T16:09:42 - [MESSAGE][PASSED] - Browser is opened with url: ''

15-12-2023T16:09:46 - [MESSAGE][PASSED] - Navigate to 'https://hospitalb.com/login' successfully

15-12-2023T16:09:47 - [MESSAGE][PASSED] - Text 'admin@gmail.com' is set on object 'Object Repository/Page_Demo Hospital/input_email'

15-12-2023T16:09:48 - [MESSAGE][PASSED] - Text '123456' is set on object 'Object Repository/Page_Demo Hospital/input_password'

15-12-2023T16:09:52 - [MESSAGE][PASSED] - Object: 'Object Repository/Page_Demo Hospital/input_custom-btn' is clicked on

15-12-2023T16:09:52 - [MESSAGE][PASSED] - loginPage.Login.performLogin is PASSED

15-12-2023T16:09:52 - [TEST_STEP][PASSED] - click(findTestObject("Object Repository/Page_Demo Hospital/i_fa fa-user")): Object: 'Object Repository/Page_Demo Hospital/i_fa fa-user' is clicked on

15-12-2023T16:10:23 - [MESSAGE][INFO] - Unable to find the element located by 'By.xpath: //a[@id='reference_2']/i'. Please recheck the objects properties to make sure the desired element is located. 

15-12-2023T16:10:23 - [MESSAGE][WARNING] - [SELF-HEALING] Failed to find element with id 'Object Repository/Page_Demo Hospital/i_fa fa-user'. Try using Self-healing.

15-12-2023T16:10:23 - [MESSAGE][WARNING] - [SELF-HEALING] The current locator of test object 'Object Repository/Page_Demo Hospital/i_fa fa-user' was broken. Propose an alternative one: '//div[@id='navbar-collapse']/ul/li[3]/a/i'.

15-12-2023T16:10:25 - [MESSAGE][PASSED] - Object: 'Object Repository/Page_Demo Hospital/i_fa fa-user' is clicked on

15-12-2023T16:10:25 - [TEST_STEP][PASSED] - click(findTestObject("Object Repository/Page_Demo Hospital/a_Add Patient")): Object: 'Object Repository/Page_Demo Hospital/a_Add Patient' is clicked on

15-12-2023T16:10:31 - [MESSAGE][PASSED] - Object: 'Object Repository/Page_Demo Hospital/a_Add Patient' is clicked on

15-12-2023T16:10:31 - [TEST_STEP][PASSED] - setText(findTestObject("Object Repository/Page_Demo Hospital/input_full_name"), "Test12"): Text 'Test12' is set on object 'Object Repository/Page_Demo Hospital/input_full_name'

15-12-2023T16:10:39 - [MESSAGE][PASSED] - Text 'Test12' is set on object 'Object Repository/Page_Demo Hospital/input_full_name'

15-12-2023T16:10:39 - [TEST_STEP][PASSED] - setText(findTestObject("Object Repository/Page_Demo Hospital/input_user_name"), "TestUser"): Text 'TestUser' is set on object 'Object Repository/Page_Demo Hospital/input_user_name'

15-12-2023T16:10:40 - [MESSAGE][PASSED] - Text 'TestUser' is set on object 'Object Repository/Page_Demo Hospital/input_user_name'

15-12-2023T16:10:40 - [TEST_STEP][PASSED] - setText(findTestObject("Object Repository/Page_Demo Hospital/input_mobile_no"), "1111111111"): Text '1111111111' is set on object 'Object Repository/Page_Demo Hospital/input_mobile_no'

15-12-2023T16:10:41 - [MESSAGE][PASSED] - Text '1111111111' is set on object 'Object Repository/Page_Demo Hospital/input_mobile_no'

15-12-2023T16:10:41 - [TEST_STEP][PASSED] - selectOptionByValue(findTestObject("Object Repository/Page_Demo Hospital/select_Please Select GenderMaleFemaleOther"), "1", true): All options with value '1' are selected in object 'Object Repository/Page_Demo Hospital/select_Please Select GenderMaleFemaleOther'  using regular expression

15-12-2023T16:10:42 - [MESSAGE][PASSED] - All options with value '1' are selected in object 'Object Repository/Page_Demo Hospital/select_Please Select GenderMaleFemaleOther'  using regular expression

15-12-2023T16:10:42 - [TEST_STEP][PASSED] - selectOptionByValue(findTestObject("Object Repository/Page_Demo Hospital/select_Please Select GenderMaleFemaleOther"), "1", true): All options with value '1' are selected in object 'Object Repository/Page_Demo Hospital/select_Please Select GenderMaleFemaleOther'  using regular expression

15-12-2023T16:10:43 - [MESSAGE][PASSED] - All options with value '1' are selected in object 'Object Repository/Page_Demo Hospital/select_Please Select GenderMaleFemaleOther'  using regular expression

15-12-2023T16:10:43 - [TEST_STEP][PASSED] - click(findTestObject("Object Repository/Page_Demo Hospital/input_dob")): Object: 'Object Repository/Page_Demo Hospital/input_dob' is clicked on

15-12-2023T16:10:44 - [MESSAGE][PASSED] - Object: 'Object Repository/Page_Demo Hospital/input_dob' is clicked on

15-12-2023T16:10:44 - [TEST_STEP][PASSED] - click(findTestObject("Object Repository/Page_Demo Hospital/td_1")): Object: 'Object Repository/Page_Demo Hospital/td_1' is clicked on

15-12-2023T16:10:45 - [MESSAGE][PASSED] - Object: 'Object Repository/Page_Demo Hospital/td_1' is clicked on

15-12-2023T16:10:45 - [TEST_STEP][PASSED] - click(findTestObject("Object Repository/Page_Demo Hospital/button_Next")): Object: 'Object Repository/Page_Demo Hospital/button_Next' is clicked on

15-12-2023T16:10:45 - [MESSAGE][PASSED] - Object: 'Object Repository/Page_Demo Hospital/button_Next' is clicked on

15-12-2023T16:10:45 - [TEST_STEP][PASSED] - click(findTestObject("Object Repository/Page_Demo Hospital/select_Please Select Patient Blood GroupABA_6d419e")): Object: 'Object Repository/Page_Demo Hospital/select_Please Select Patient Blood GroupABA_6d419e' is clicked on

15-12-2023T16:10:46 - [MESSAGE][PASSED] - Object: 'Object Repository/Page_Demo Hospital/select_Please Select Patient Blood GroupABA_6d419e' is clicked on

15-12-2023T16:10:46 - [TEST_STEP][PASSED] - selectOptionByIndex(findTestObject("Object Repository/Page_Demo Hospital/select_Please Select Patient Blood GroupABA_6d419e"), "1", STOP_ON_FAILURE): All options with index in [1] are selected on object 'Object Repository/Page_Demo Hospital/select_Please Select Patient Blood GroupABA_6d419e'

15-12-2023T16:10:47 - [MESSAGE][PASSED] - All options with index in [1] are selected on object 'Object Repository/Page_Demo Hospital/select_Please Select Patient Blood GroupABA_6d419e'

15-12-2023T16:10:47 - [TEST_STEP][PASSED] - click(findTestObject("Object Repository/Page_Demo Hospital/button_Next")): Object: 'Object Repository/Page_Demo Hospital/button_Next' is clicked on

15-12-2023T16:10:48 - [MESSAGE][PASSED] - Object: 'Object Repository/Page_Demo Hospital/button_Next' is clicked on

15-12-2023T16:10:48 - [TEST_STEP][PASSED] - setText(findTestObject("Object Repository/Page_Demo Hospital/input_email_1"), "testuser@gmail.com"): Text 'testuser@gmail.com' is set on object 'Object Repository/Page_Demo Hospital/input_email_1'

15-12-2023T16:10:48 - [MESSAGE][PASSED] - Text 'testuser@gmail.com' is set on object 'Object Repository/Page_Demo Hospital/input_email_1'

15-12-2023T16:10:48 - [TEST_STEP][PASSED] - setText(findTestObject("Object Repository/Page_Demo Hospital/input_password_1"), "Test@123"): Text 'Test@123' is set on object 'Object Repository/Page_Demo Hospital/input_password_1'

15-12-2023T16:10:49 - [MESSAGE][PASSED] - Text 'Test@123' is set on object 'Object Repository/Page_Demo Hospital/input_password_1'

15-12-2023T16:10:49 - [TEST_STEP][PASSED] - setText(findTestObject("Object Repository/Page_Demo Hospital/input_confirm_password"), "Test@123"): Text 'Test@123' is set on object 'Object Repository/Page_Demo Hospital/input_confirm_password'

15-12-2023T16:10:50 - [MESSAGE][PASSED] - Text 'Test@123' is set on object 'Object Repository/Page_Demo Hospital/input_confirm_password'

15-12-2023T16:10:50 - [TEST_STEP][PASSED] - click(findTestObject("Object Repository/Page_Demo Hospital/button_Finish")): Object: 'Object Repository/Page_Demo Hospital/button_Finish' is clicked on

15-12-2023T16:10:51 - [MESSAGE][PASSED] - Object: 'Object Repository/Page_Demo Hospital/button_Finish' is clicked on

15-12-2023T16:10:51 - [TEST_STEP][PASSED] - setText(findTestObject("Page_Demo Hospital/input_form-control input-sm"), "Test12"): Text 'Test12' is set on object 'Object Repository/Page_Demo Hospital/input_form-control input-sm'

15-12-2023T16:10:58 - [MESSAGE][PASSED] - Text 'Test12' is set on object 'Object Repository/Page_Demo Hospital/input_form-control input-sm'

15-12-2023T16:10:58 - [TEST_STEP][PASSED] - verifyElementText(findTestObject("Object Repository/Page_Demo Hospital/td_Test12"), "Test12"): Actual text and expected text of test object 'Object Repository/Page_Demo Hospital/td_Test12' are matched.

15-12-2023T16:11:01 - [MESSAGE][PASSED] - Actual text and expected text of test object 'Object Repository/Page_Demo Hospital/td_Test12' are matched.

15-12-2023T16:11:01 - [TEST_STEP][PASSED] - closeBrowser(): Browser is closed

15-12-2023T16:11:03 - [MESSAGE][PASSED] - Browser is closed]]></system-out>
         <system-err><![CDATA[]]></system-err>
      </testcase>
      <testcase name="Test Cases/Patient Management/Edit_Patient_Info" time="81.255" classname="Test Cases/Patient Management/Edit_Patient_Info" status="PASSED">
         <system-out><![CDATA[15-12-2023T16:11:03 - [TEST_CASE][PASSED] - Test Cases/Patient Management/Edit_Patient_Info: Test Cases/Patient Management/Edit_Patient_Info

15-12-2023T16:11:04 - [TEST_STEP][PASSED] - loginPage.Login.performLogin(ID, Pass): loginPage.Login.performLogin is PASSED

15-12-2023T16:11:04 - [MESSAGE][INFO] - Starting 'Firefox' driver

15-12-2023T16:11:04 - [MESSAGE][INFO] - Action delay is set to 0 milliseconds

15-12-2023T16:11:09 - [MESSAGE][PASSED] - Browser is opened with url: ''

15-12-2023T16:11:12 - [MESSAGE][PASSED] - Navigate to 'https://hospitalb.com/login' successfully

15-12-2023T16:11:13 - [MESSAGE][PASSED] - Text 'admin@gmail.com' is set on object 'Object Repository/Page_Demo Hospital/input_email'

15-12-2023T16:11:14 - [MESSAGE][PASSED] - Text '123456' is set on object 'Object Repository/Page_Demo Hospital/input_password'

15-12-2023T16:11:18 - [MESSAGE][PASSED] - Object: 'Object Repository/Page_Demo Hospital/input_custom-btn' is clicked on

15-12-2023T16:11:18 - [MESSAGE][PASSED] - loginPage.Login.performLogin is PASSED

15-12-2023T16:11:18 - [TEST_STEP][PASSED] - click(findTestObject("Object Repository/Page_Demo Hospital/i_fa fa-user")): Object: 'Object Repository/Page_Demo Hospital/i_fa fa-user' is clicked on

15-12-2023T16:11:49 - [MESSAGE][INFO] - Unable to find the element located by 'By.xpath: //a[@id='reference_2']/i'. Please recheck the objects properties to make sure the desired element is located. 

15-12-2023T16:11:49 - [MESSAGE][WARNING] - [SELF-HEALING] Failed to find element with id 'Object Repository/Page_Demo Hospital/i_fa fa-user'. Try using Self-healing.

15-12-2023T16:11:49 - [MESSAGE][WARNING] - [SELF-HEALING] The current locator of test object 'Object Repository/Page_Demo Hospital/i_fa fa-user' was broken. Propose an alternative one: '//div[@id='navbar-collapse']/ul/li[3]/a/i'.

15-12-2023T16:11:51 - [MESSAGE][PASSED] - Object: 'Object Repository/Page_Demo Hospital/i_fa fa-user' is clicked on

15-12-2023T16:11:51 - [TEST_STEP][PASSED] - setText(findTestObject("Page_Demo Hospital/input_form-control input-sm"), "xyz"): Text 'xyz' is set on object 'Object Repository/Page_Demo Hospital/input_form-control input-sm'

15-12-2023T16:11:56 - [MESSAGE][PASSED] - Text 'xyz' is set on object 'Object Repository/Page_Demo Hospital/input_form-control input-sm'

15-12-2023T16:11:56 - [TEST_STEP][PASSED] - click(findTestObject("Object Repository/Page_Demo Hospital/i_fa fa-edit")): Object: 'Object Repository/Page_Demo Hospital/i_fa fa-edit' is clicked on

15-12-2023T16:12:01 - [MESSAGE][PASSED] - Object: 'Object Repository/Page_Demo Hospital/i_fa fa-edit' is clicked on

15-12-2023T16:12:01 - [TEST_STEP][PASSED] - navigateToUrl("https://hospitalb.com/outdoor/edit-patient/2#step-1"): Navigate to 'https://hospitalb.com/outdoor/edit-patient/2#step-1' successfully

15-12-2023T16:12:01 - [MESSAGE][PASSED] - Navigate to 'https://hospitalb.com/outdoor/edit-patient/2#step-1' successfully

15-12-2023T16:12:01 - [TEST_STEP][PASSED] - setText(findTestObject("Object Repository/Page_Demo Hospital/input_mobile_no"), "1234567890"): Text '1234567890' is set on object 'Object Repository/Page_Demo Hospital/input_mobile_no'

15-12-2023T16:12:10 - [MESSAGE][PASSED] - Text '1234567890' is set on object 'Object Repository/Page_Demo Hospital/input_mobile_no'

15-12-2023T16:12:10 - [TEST_STEP][PASSED] - click(findTestObject("Object Repository/Page_Demo Hospital/button_Finish")): Object: 'Object Repository/Page_Demo Hospital/button_Finish' is clicked on

15-12-2023T16:12:12 - [MESSAGE][PASSED] - Object: 'Object Repository/Page_Demo Hospital/button_Finish' is clicked on

15-12-2023T16:12:12 - [TEST_STEP][PASSED] - setText(findTestObject("Object Repository/Page_Demo Hospital/input_form-control input-sm"), "xyz"): Text 'xyz' is set on object 'Object Repository/Page_Demo Hospital/input_form-control input-sm'

15-12-2023T16:12:18 - [MESSAGE][PASSED] - Text 'xyz' is set on object 'Object Repository/Page_Demo Hospital/input_form-control input-sm'

15-12-2023T16:12:18 - [TEST_STEP][PASSED] - rightClick(findTestObject("Object Repository/Page_Demo Hospital/td_1234567890")): Object: 'Object Repository/Page_Demo Hospital/td_1234567890' is right clicked on

15-12-2023T16:12:22 - [MESSAGE][PASSED] - Object: 'Object Repository/Page_Demo Hospital/td_1234567890' is right clicked on

15-12-2023T16:12:22 - [TEST_STEP][PASSED] - verifyElementText(findTestObject("Object Repository/Page_Demo Hospital/td_1234567890"), "1234567890"): Actual text and expected text of test object 'Object Repository/Page_Demo Hospital/td_1234567890' are matched.

15-12-2023T16:12:22 - [MESSAGE][PASSED] - Actual text and expected text of test object 'Object Repository/Page_Demo Hospital/td_1234567890' are matched.

15-12-2023T16:12:22 - [TEST_STEP][PASSED] - closeBrowser(): Browser is closed

15-12-2023T16:12:25 - [MESSAGE][PASSED] - Browser is closed]]></system-out>
         <system-err><![CDATA[]]></system-err>
      </testcase>
      <testcase name="Test Cases/Patient Management/Search_Patient" time="59.618" classname="Test Cases/Patient Management/Search_Patient" status="PASSED">
         <system-out><![CDATA[15-12-2023T16:12:25 - [TEST_CASE][PASSED] - Test Cases/Patient Management/Search_Patient: Test Cases/Patient Management/Search_Patient

15-12-2023T16:12:25 - [TEST_STEP][PASSED] - loginPage.Login.performLogin(ID, Pass): loginPage.Login.performLogin is PASSED

15-12-2023T16:12:25 - [MESSAGE][INFO] - Starting 'Firefox' driver

15-12-2023T16:12:25 - [MESSAGE][INFO] - Action delay is set to 0 milliseconds

15-12-2023T16:12:31 - [MESSAGE][PASSED] - Browser is opened with url: ''

15-12-2023T16:12:34 - [MESSAGE][PASSED] - Navigate to 'https://hospitalb.com/login' successfully

15-12-2023T16:12:35 - [MESSAGE][PASSED] - Text 'admin@gmail.com' is set on object 'Object Repository/Page_Demo Hospital/input_email'

15-12-2023T16:12:36 - [MESSAGE][PASSED] - Text '123456' is set on object 'Object Repository/Page_Demo Hospital/input_password'

15-12-2023T16:12:40 - [MESSAGE][PASSED] - Object: 'Object Repository/Page_Demo Hospital/input_custom-btn' is clicked on

15-12-2023T16:12:40 - [MESSAGE][PASSED] - loginPage.Login.performLogin is PASSED

15-12-2023T16:12:40 - [TEST_STEP][PASSED] - click(findTestObject("Object Repository/Page_Demo Hospital/i_fa fa-user")): Object: 'Object Repository/Page_Demo Hospital/i_fa fa-user' is clicked on

15-12-2023T16:13:11 - [MESSAGE][INFO] - Unable to find the element located by 'By.xpath: //a[@id='reference_2']/i'. Please recheck the objects properties to make sure the desired element is located. 

15-12-2023T16:13:11 - [MESSAGE][WARNING] - [SELF-HEALING] Failed to find element with id 'Object Repository/Page_Demo Hospital/i_fa fa-user'. Try using Self-healing.

15-12-2023T16:13:11 - [MESSAGE][WARNING] - [SELF-HEALING] The current locator of test object 'Object Repository/Page_Demo Hospital/i_fa fa-user' was broken. Propose an alternative one: '//div[@id='navbar-collapse']/ul/li[3]/a/i'.

15-12-2023T16:13:13 - [MESSAGE][PASSED] - Object: 'Object Repository/Page_Demo Hospital/i_fa fa-user' is clicked on

15-12-2023T16:13:13 - [TEST_STEP][PASSED] - setText(findTestObject("Page_Demo Hospital/input_form-control input-sm"), "Test12"): Text 'Test12' is set on object 'Object Repository/Page_Demo Hospital/input_form-control input-sm'

15-12-2023T16:13:18 - [MESSAGE][PASSED] - Text 'Test12' is set on object 'Object Repository/Page_Demo Hospital/input_form-control input-sm'

15-12-2023T16:13:18 - [TEST_STEP][PASSED] - verifyElementText(findTestObject("Object Repository/Page_Demo Hospital/td_Test12"), "Test12"): Actual text and expected text of test object 'Object Repository/Page_Demo Hospital/td_Test12' are matched.

15-12-2023T16:13:22 - [MESSAGE][PASSED] - Actual text and expected text of test object 'Object Repository/Page_Demo Hospital/td_Test12' are matched.

15-12-2023T16:13:22 - [TEST_STEP][PASSED] - closeBrowser(): Browser is closed

15-12-2023T16:13:24 - [MESSAGE][PASSED] - Browser is closed]]></system-out>
         <system-err><![CDATA[]]></system-err>
      </testcase>
      <system-out><![CDATA[15-12-2023T16:09:30 - [TEST_SUITE][PASSED] - Patient_Regression: Test Cases/Patient Management/Search_Patient]]></system-out>
      <system-err><![CDATA[]]></system-err>
   </testsuite>
</testsuites>
