<?xml version="1.0" encoding="UTF-8"?>
<testsuites name="VisualTest" time="10.277" tests="1" failures="0" errors="0">
   <testsuite name="VisualTest" tests="1" failures="0" errors="0" time="10.277" skipped="0" timestamp="20-12-2023T07:09:39" hostname="ADMIN - DESKTOP-28CK1DU.mshome.net" id="Test Suites/VisualTest">
      <properties>
         <property name="deviceName" value=""/>
         <property name="devicePlatform" value=""/>
         <property name="logFolder" value="C:\\Users\\ADMIN\\Katalon Studio\\My First Project\\Reports\\20231220_070929\\VisualTest\\20231220_070929"/>
         <property name="logFiles" value="C:\\Users\\ADMIN\\Katalon Studio\\My First Project\\Reports\\20231220_070929\\VisualTest\\20231220_070929\\execution0.log"/>
         <property name="attachments" value="keyes\keyes-LoginPage.png"/>
         <property name="hostName" value="ADMIN - DESKTOP-28CK1DU.mshome.net"/>
         <property name="os" value="Windows 10 64bit"/>
         <property name="katalonVersion" value="9.1.0.212"/>
         <property name="browser" value="Chrome 120.0.0.0"/>
         <property name="hostAddress" value="172.25.192.1"/>
         <property name="sessionId" value="00bc75ffe81f07873ccb77a06667d56c"/>
         <property name="seleniumVersion" value="3.141.59"/>
         <property name="proxyInformation" value="ProxyInformation { proxyOption=NO_PROXY, proxyServerType=HTTP, username=, password=********, proxyServerAddress=, proxyServerPort=0, executionList=&quot;&quot;, isApplyToDesiredCapabilities=true }"/>
         <property name="platform" value="Windows 10"/>
      </properties>
      <testcase name="Test Cases/visual testing checkpoints/Login_Page" time="9.865" classname="Test Cases/visual testing checkpoints/Login_Page" status="PASSED">
         <system-out><![CDATA[20-12-2023T07:09:40 - [TEST_CASE][PASSED] - Test Cases/visual testing checkpoints/Login_Page: Test Cases/visual testing checkpoints/Login_Page

20-12-2023T07:09:40 - [TEST_STEP][PASSED] - openBrowser(""): Browser is opened with url: ''

20-12-2023T07:09:41 - [MESSAGE][INFO] - Starting 'Chrome' driver

20-12-2023T07:09:41 - [MESSAGE][INFO] - Action delay is set to 0 milliseconds

20-12-2023T07:09:43 - [MESSAGE][PASSED] - Browser is opened with url: ''

20-12-2023T07:09:43 - [TEST_STEP][PASSED] - navigateToUrl("https://hospitalb.com/login"): Navigate to 'https://hospitalb.com/login' successfully

20-12-2023T07:09:48 - [MESSAGE][PASSED] - Navigate to 'https://hospitalb.com/login' successfully

20-12-2023T07:09:48 - [TEST_STEP][PASSED] - takeScreenshotAsCheckpoint("LoginPage"): Taking screenshot successfully

20-12-2023T07:09:49 - [MESSAGE][INFO] - 0 hidden object(s)

20-12-2023T07:09:49 - [MESSAGE][PASSED] - Taking screenshot successfully
[[ATTACHMENT|keyes\keyes-LoginPage.png]]]]></system-out>
         <system-err><![CDATA[]]></system-err>
      </testcase>
      <system-out><![CDATA[20-12-2023T07:09:39 - [TEST_SUITE][PASSED] - VisualTest: Test Cases/visual testing checkpoints/Login_Page]]></system-out>
      <system-err><![CDATA[]]></system-err>
   </testsuite>
</testsuites>
